Copyright 1986-2022 Xilinx, Inc. All Rights Reserved. Copyright 2022-2025 Advanced Micro Devices, Inc. All Rights Reserved.
---------------------------------------------------------------------------------------------------------------------------------------------
| Tool Version : Vivado v.2025.2 (win64) Build 6299465 Fri Nov 14 19:35:11 GMT 2025
| Date         : Mon Dec 22 23:33:55 2025
| Host         : DESKTOP-DI4989O running 64-bit major release  (build 9200)
| Command      : report_utilization -file ./report/keccak_top_utilization_routed.rpt
| Design       : bd_0_wrapper
| Device       : xck26-sfvc784-2LV-c
| Speed File   : -2LV
| Design State : Routed
---------------------------------------------------------------------------------------------------------------------------------------------

Utilization Design Information

Table of Contents
-----------------
1. CLB Logic
1.1 Summary of Registers by Type
2. CLB Logic Distribution
3. BLOCKRAM
4. ARITHMETIC
5. I/O
6. CLOCK
7. ADVANCED
8. CONFIGURATION
9. Primitives
10. Black Boxes
11. Instantiated Netlists

1. CLB Logic
------------

+-------------------------+-------+-------+------------+-----------+-------+
|        Site Type        |  Used | Fixed | Prohibited | Available | Util% |
+-------------------------+-------+-------+------------+-----------+-------+
| CLB LUTs                | 12456 |     0 |          0 |    117120 | 10.64 |
|   LUT as Logic          | 12456 |     0 |          0 |    117120 | 10.64 |
|   LUT as Memory         |     0 |     0 |          0 |     57600 |  0.00 |
| CLB Registers           | 12246 |     0 |          0 |    234240 |  5.23 |
|   Register as Flip Flop | 12246 |     0 |          0 |    234240 |  5.23 |
|   Register as Latch     |     0 |     0 |          0 |    234240 |  0.00 |
| CARRY8                  |    40 |     0 |          0 |     14640 |  0.27 |
| F7 Muxes                |   578 |     0 |          0 |     58560 |  0.99 |
| F8 Muxes                |   256 |     0 |          0 |     29280 |  0.87 |
| F9 Muxes                |     0 |     0 |          0 |     14640 |  0.00 |
| Unique Control Sets     |    75 |       |          0 |     29280 |  0.26 |
+-------------------------+-------+-------+------------+-----------+-------+
* Warning! LUT value is adjusted to account for LUT combining.
** Note: Available Control Sets calculated as Slices * 2, Review the Control Sets Report for more information regarding control sets.


1.1 Summary of Registers by Type
--------------------------------

+-------+--------------+-------------+--------------+
| Total | Clock Enable | Synchronous | Asynchronous |
+-------+--------------+-------------+--------------+
| 0     |            _ |           - |            - |
| 0     |            _ |           - |          Set |
| 0     |            _ |           - |        Reset |
| 0     |            _ |         Set |            - |
| 0     |            _ |       Reset |            - |
| 0     |          Yes |           - |            - |
| 0     |          Yes |           - |          Set |
| 0     |          Yes |           - |        Reset |
| 18    |          Yes |         Set |            - |
| 12228 |          Yes |       Reset |            - |
+-------+--------------+-------------+--------------+


2. CLB Logic Distribution
-------------------------

+--------------------------------------------+-------+-------+------------+-----------+-------+
|                  Site Type                 |  Used | Fixed | Prohibited | Available | Util% |
+--------------------------------------------+-------+-------+------------+-----------+-------+
| CLB                                        |  2640 |     0 |          0 |     14640 | 18.03 |
|   CLBL                                     |  1390 |     0 |            |           |       |
|   CLBM                                     |  1250 |     0 |            |           |       |
| LUT as Logic                               | 12456 |     0 |          0 |    117120 | 10.64 |
|   using O5 output only                     |    23 |       |            |           |       |
|   using O6 output only                     | 10070 |       |            |           |       |
|   using O5 and O6                          |  2363 |       |            |           |       |
| LUT as Memory                              |     0 |     0 |          0 |     57600 |  0.00 |
|   LUT as Distributed RAM                   |     0 |     0 |            |           |       |
|     using O5 output only                   |     0 |       |            |           |       |
|     using O6 output only                   |     0 |       |            |           |       |
|     using O5 and O6                        |     0 |       |            |           |       |
|   LUT as Shift Register                    |     0 |     0 |            |           |       |
|     using O5 output only                   |     0 |       |            |           |       |
|     using O6 output only                   |     0 |       |            |           |       |
|     using O5 and O6                        |     0 |       |            |           |       |
| CLB Registers                              | 12246 |     0 |          0 |    234240 |  5.23 |
|   Register driven from within the CLB      |  7020 |       |            |           |       |
|   Register driven from outside the CLB     |  5226 |       |            |           |       |
|     LUT in front of the register is unused |  1625 |       |            |           |       |
|     LUT in front of the register is used   |  3601 |       |            |           |       |
+--------------------------------------------+-------+-------+------------+-----------+-------+


3. BLOCKRAM
-----------

+----------------+------+-------+------------+-----------+-------+
|    Site Type   | Used | Fixed | Prohibited | Available | Util% |
+----------------+------+-------+------------+-----------+-------+
| Block RAM Tile |    0 |     0 |          0 |       144 |  0.00 |
|   RAMB36/FIFO* |    0 |     0 |          0 |       144 |  0.00 |
|   RAMB18       |    0 |     0 |          0 |       288 |  0.00 |
| URAM           |    0 |     0 |          0 |        64 |  0.00 |
+----------------+------+-------+------------+-----------+-------+
* Note: Each Block RAM Tile only has one FIFO logic available and therefore can accommodate only one FIFO36E2 or one FIFO18E2. However, if a FIFO18E2 occupies a Block RAM Tile, that tile can still accommodate a RAMB18E2


4. ARITHMETIC
-------------

+-----------+------+-------+------------+-----------+-------+
| Site Type | Used | Fixed | Prohibited | Available | Util% |
+-----------+------+-------+------------+-----------+-------+
| DSPs      |    0 |     0 |          0 |      1248 |  0.00 |
+-----------+------+-------+------------+-----------+-------+


5. I/O
------

+------------------+------+-------+------------+-----------+-------+
|     Site Type    | Used | Fixed | Prohibited | Available | Util% |
+------------------+------+-------+------------+-----------+-------+
| Bonded IOB       |    0 |     0 |          0 |       189 |  0.00 |
|   HPIOB_M        |    0 |     0 |          0 |        58 |  0.00 |
|   HPIOB_S        |    0 |     0 |          0 |        58 |  0.00 |
|   HDIOB_M        |    0 |     0 |          0 |        35 |  0.00 |
|   HDIOB_S        |    0 |     0 |          0 |        35 |  0.00 |
|   HPIOB_SNGL     |    0 |     0 |          0 |         3 |  0.00 |
| HPIOBDIFFINBUF   |    0 |     0 |          0 |        82 |  0.00 |
| HPIOBDIFFOUTBUF  |    0 |     0 |          0 |        82 |  0.00 |
| HDIOBDIFFINBUF   |    0 |     0 |          0 |        35 |  0.00 |
| BITSLICE_CONTROL |    0 |     0 |          0 |        32 |  0.00 |
| BITSLICE_RX_TX   |    0 |     0 |          0 |      1248 |  0.00 |
| BITSLICE_TX      |    0 |     0 |          0 |        32 |  0.00 |
| RIU_OR           |    0 |     0 |          0 |        16 |  0.00 |
+------------------+------+-------+------------+-----------+-------+


6. CLOCK
--------

+------------+------+-------+------------+-----------+-------+
|  Site Type | Used | Fixed | Prohibited | Available | Util% |
+------------+------+-------+------------+-----------+-------+
| BUFGCE     |    4 |     0 |          0 |       112 |  3.57 |
| BUFGCE_DIV |    0 |     0 |          0 |        16 |  0.00 |
| BUFG_GT    |    0 |     0 |          0 |        96 |  0.00 |
| BUFG_PS    |    0 |     0 |          0 |        96 |  0.00 |
| BUFGCTRL*  |    0 |     0 |          0 |        32 |  0.00 |
| PLL        |    0 |     0 |          0 |         8 |  0.00 |
| MMCM       |    0 |     0 |          0 |         4 |  0.00 |
+------------+------+-------+------------+-----------+-------+
* Note: Each used BUFGCTRL counts as two GLOBAL CLOCK BUFFERs. This table does not include global clocking resources, only buffer cell usage. See the Clock Utilization Report (report_clock_utilization) for detailed accounting of global clocking resource availability.


7. ADVANCED
-----------

+-----------------+------+-------+------------+-----------+-------+
|    Site Type    | Used | Fixed | Prohibited | Available | Util% |
+-----------------+------+-------+------------+-----------+-------+
| GTHE4_CHANNEL   |    0 |     0 |          0 |         4 |  0.00 |
| GTHE4_COMMON    |    0 |     0 |          0 |         1 |  0.00 |
| OBUFDS_GTE4     |    0 |     0 |          0 |         2 |  0.00 |
| OBUFDS_GTE4_ADV |    0 |     0 |          0 |         2 |  0.00 |
| PCIE40E4        |    0 |     0 |          0 |         2 |  0.00 |
| PS8             |    0 |     0 |          0 |         1 |  0.00 |
| SYSMONE4        |    0 |     0 |          0 |         1 |  0.00 |
| VCU             |    0 |     0 |          0 |         1 |  0.00 |
+-----------------+------+-------+------------+-----------+-------+


8. CONFIGURATION
----------------

+-------------+------+-------+------------+-----------+-------+
|  Site Type  | Used | Fixed | Prohibited | Available | Util% |
+-------------+------+-------+------------+-----------+-------+
| BSCANE2     |    0 |     0 |          0 |         4 |  0.00 |
| DNA_PORTE2  |    0 |     0 |          0 |         1 |  0.00 |
| EFUSE_USR   |    0 |     0 |          0 |         1 |  0.00 |
| FRAME_ECCE4 |    0 |     0 |          0 |         1 |  0.00 |
| ICAPE3      |    0 |     0 |          0 |         2 |  0.00 |
| MASTER_JTAG |    0 |     0 |          0 |         1 |  0.00 |
| STARTUPE3   |    0 |     0 |          0 |         1 |  0.00 |
+-------------+------+-------+------------+-----------+-------+


9. Primitives
-------------

+----------+-------+---------------------+
| Ref Name |  Used | Functional Category |
+----------+-------+---------------------+
| FDRE     | 12228 |            Register |
| LUT6     |  9271 |                 CLB |
| LUT3     |  4179 |                 CLB |
| LUT5     |   717 |                 CLB |
| MUXF7    |   578 |                 CLB |
| LUT4     |   325 |                 CLB |
| LUT2     |   259 |                 CLB |
| MUXF8    |   256 |                 CLB |
| LUT1     |    68 |                 CLB |
| CARRY8   |    40 |                 CLB |
| FDSE     |    18 |            Register |
| BUFGCE   |     4 |               Clock |
+----------+-------+---------------------+


10. Black Boxes
---------------

+----------+------+
| Ref Name | Used |
+----------+------+


11. Instantiated Netlists
-------------------------

+-----------------+------+
|     Ref Name    | Used |
+-----------------+------+
| bd_0_hls_inst_0 |    1 |
+-----------------+------+


