================================================================
== Vivado RTL Synthesis Results
================================================================
+ General Information:
    * Date:            Mon Dec 22 23:34:21 +0100 2025
    * Version:         2025.2 (Build 6295257 on Nov 14 2025)
    * Project:         keccak
    * Solution:        hls (Vivado IP Flow Target)
    * Product family:  zynquplus
    * Target device:   xck26-sfvc784-2LV-c


================================================================
== Run Constraints & Options
================================================================
+ Design Constraints & Options:
    * RTL Synthesis target clock:  5 ns
    * C-Synthesis target clock:    5 ns
    * C-Synthesis uncertainty:     27%

+ RTL Synthesis Options:
    * config_export -vivado_synth_strategy:     default
    * config_export -vivado_synth_design_args:  -directive sdx_optimization_effort_high

+ Reporting Options:
    * config_export -vivado_report_level:      2
    * config_export -vivado_max_timing_paths:  10


================================================================
== RTL Synthesis Resource Summary
================================================================
LUT:              12510
FF:               12227
DSP:              0
BRAM:             0
URAM:             0
SRL:              0


================================================================
== RTL Synthesis Timing Summary
================================================================
* Timing was met
+----------------+-------------+
| Timing         | Period (ns) |
+----------------+-------------+
| Target         | 5.000       |
| Post-Synthesis | 2.232       |
+----------------+-------------+


================================================================
== RTL Synthesis Resources
================================================================
+-----------------------------------------------------+-----+----+-----+------+------+-----+--------+------+---------+----------+--------+
| Name                                                | LUT | FF | DSP | BRAM | URAM | SRL | Pragma | Impl | Latency | Variable | Source |
+-----------------------------------------------------+-----+----+-----+------+------+-----+--------+------+---------+----------+--------+
| U0                                                  |     |    |     |      |      |     |        |      |         |          |        |
|   (U0)                                              |     |    |     |      |      |     |        |      |         |          |        |
|   control_s_axi_U                                   |     |    |     |      |      |     |        |      |         |          |        |
|   grp_keccak_f1600_fu_4047                          |     |    |     |      |      |     |        |      |         |          |        |
|     (grp_keccak_f1600_fu_4047)                      |     |    |     |      |      |     |        |      |         |          |        |
|     RC_TABLE_U                                      |     |    |     |      |      |     |        |      |         |          |        |
|     flow_control_loop_pipe_sequential_init_U        |     |    |     |      |      |     |        |      |         |          |        |
|   grp_keccak_top_Pipeline_SQUEEZE_BLOCK_fu_4103     |     |    |     |      |      |     |        |      |         |          |        |
|     (grp_keccak_top_Pipeline_SQUEEZE_BLOCK_fu_4103) |     |    |     |      |      |     |        |      |         |          |        |
|     flow_control_loop_pipe_sequential_init_U        |     |    |     |      |      |     |        |      |         |          |        |
|   regslice_both_input_stream_V_data_V_U             |     |    |     |      |      |     |        |      |         |          |        |
|   regslice_both_input_stream_V_keep_V_U             |     |    |     |      |      |     |        |      |         |          |        |
|   regslice_both_input_stream_V_last_V_U             |     |    |     |      |      |     |        |      |         |          |        |
|   regslice_both_output_stream_V_data_V_U            |     |    |     |      |      |     |        |      |         |          |        |
|   regslice_both_output_stream_V_keep_V_U            |     |    |     |      |      |     |        |      |         |          |        |
|   regslice_both_output_stream_V_last_V_U            |     |    |     |      |      |     |        |      |         |          |        |
|   regslice_both_output_stream_V_strb_V_U            |     |    |     |      |      |     |        |      |         |          |        |
|   sparsemux_51_5_64_1_1_U61                         |     |    |     |      |      |     |        |      |         |          |        |
|   sparsemux_51_5_64_1_1_U62                         |     |    |     |      |      |     |        |      |         |          |        |
|   sparsemux_51_5_64_1_1_U63                         |     |    |     |      |      |     |        |      |         |          |        |
+-----------------------------------------------------+-----+----+-----+------+------+-----+--------+------+---------+----------+--------+


================================================================
== RTL Synthesis Fail Fast
================================================================
+-----------------------------------------------------------+-----------+--------+--------+
| Criteria                                                  | Guideline | Actual | Status |
+-----------------------------------------------------------+-----------+--------+--------+
| LUT                                                       | 70%       | 10.68% | OK     |
| FD                                                        | 50%       | 5.22%  | OK     |
| LUTRAM+SRL                                                | 25%       | 0.00%  | OK     |
| CARRY8                                                    | 25%       | 0.27%  | OK     |
| MUXF7                                                     | 15%       | 0.99%  | OK     |
| DSP                                                       | 80%       | 0.00%  | OK     |
| RAMB/FIFO                                                 | 80%       | 0.00%  | OK     |
| URAM                                                      | 80%       | 0.00%  | OK     |
| DSP+RAMB+URAM (Avg)                                       | 70%       | 0.00%  | OK     |
| BUFGCE* + BUFGCTRL                                        | 24        | 0      | OK     |
| DONT_TOUCH (cells/nets)                                   | 0         | 0      | OK     |
| MARK_DEBUG (nets)                                         | 0         | 0      | OK     |
| Control Sets                                              | 2196      | 66     | OK     |
| Average Fanout for modules > 100k cells                   | 4         | 3.58   | OK     |
| Max Average Fanout for modules > 100k cells               | 4         | 0      | OK     |
| Non-FD high fanout nets > 10k loads                       | 0         | 0      | OK     |
+-----------------------------------------------------------+-----------+--------+--------+
| TIMING-6 (No common primary clock between related clocks) | 0         | 0      | OK     |
| TIMING-7 (No common node between related clocks)          | 0         | 0      | OK     |
| TIMING-8 (No common period between related clocks)        | 0         | 0      | OK     |
| TIMING-14 (LUT on the clock tree)                         | 0         | 0      | OK     |
| TIMING-35 (No common node in paths with the same clock)   | 0         | 0      | OK     |
+-----------------------------------------------------------+-----------+--------+--------+
| Number of paths above max LUT budgeting (0.391ns)         | 0         | 0      | OK     |
| Number of paths above max Net budgeting (0.263ns)         | 0         | 0      | OK     |
+-----------------------------------------------------------+-----------+--------+--------+


================================================================
== RTL Synthesis Timing Paths
================================================================
* Timing was met
+-------+-------+----------------------------------------------------------------------------------+-----------------------------------------------------------------------------------+--------------+------------+----------------+----------------+--------------+
| Path  | SLACK | STARTPOINT PIN                                                                   | ENDPOINT PIN                                                                      | LOGIC LEVELS | MAX FANOUT | DATAPATH DELAY | DATAPATH LOGIC | DATAPATH NET |
|       |       |                                                                                  |                                                                                   |              |            |                |          DELAY |        DELAY |
+-------+-------+----------------------------------------------------------------------------------+-----------------------------------------------------------------------------------+--------------+------------+----------------+----------------+--------------+
| Path1 | 2.768 | grp_keccak_top_Pipeline_SQUEEZE_BLOCK_fu_4103/output_remaining_1_fu_176_reg[4]/C | grp_keccak_top_Pipeline_SQUEEZE_BLOCK_fu_4103/output_remaining_1_fu_176_reg[31]/D |            8 |         97 |          2.228 |          1.195 |        1.033 |
| Path2 | 2.778 | grp_keccak_top_Pipeline_SQUEEZE_BLOCK_fu_4103/output_remaining_1_fu_176_reg[4]/C | grp_keccak_top_Pipeline_SQUEEZE_BLOCK_fu_4103/output_remaining_1_fu_176_reg[29]/D |            8 |         97 |          2.217 |          1.185 |        1.032 |
| Path3 | 2.781 | grp_keccak_top_Pipeline_SQUEEZE_BLOCK_fu_4103/output_remaining_1_fu_176_reg[4]/C | grp_keccak_top_Pipeline_SQUEEZE_BLOCK_fu_4103/output_remaining_1_fu_176_reg[30]/D |            8 |         97 |          2.214 |          1.181 |        1.033 |
| Path4 | 2.822 | grp_keccak_top_Pipeline_SQUEEZE_BLOCK_fu_4103/output_remaining_1_fu_176_reg[4]/C | grp_keccak_top_Pipeline_SQUEEZE_BLOCK_fu_4103/output_remaining_1_fu_176_reg[28]/D |            8 |         97 |          2.174 |          1.143 |        1.031 |
| Path5 | 2.824 | grp_keccak_top_Pipeline_SQUEEZE_BLOCK_fu_4103/output_remaining_1_fu_176_reg[4]/C | grp_keccak_top_Pipeline_SQUEEZE_BLOCK_fu_4103/output_remaining_1_fu_176_reg[27]/D |            8 |         97 |          2.171 |          1.138 |        1.033 |
+-------+-------+----------------------------------------------------------------------------------+-----------------------------------------------------------------------------------+--------------+------------+----------------+----------------+--------------+

    +------------------------------------------------------------------------------------------------------------------------------+-------------------+
    | Path1 Cells                                                                                                                  | Primitive Type    |
    +------------------------------------------------------------------------------------------------------------------------------+-------------------+
    | grp_keccak_top_Pipeline_SQUEEZE_BLOCK_fu_4103/output_remaining_1_fu_176_reg[4]                                               | REGISTER.SDR.FDRE |
    | grp_keccak_top_Pipeline_SQUEEZE_BLOCK_fu_4103/icmp_ln315_reg_714[0]_i_23                                                     | CLB.LUT.LUT2      |
    | grp_keccak_top_Pipeline_SQUEEZE_BLOCK_fu_4103/icmp_ln315_reg_714_reg[0]_i_2                                                  | CLB.CARRY.CARRY8  |
    | grp_keccak_top_Pipeline_SQUEEZE_BLOCK_fu_4103/icmp_ln315_reg_714_reg[0]_i_1                                                  | CLB.CARRY.CARRY8  |
    | grp_keccak_top_Pipeline_SQUEEZE_BLOCK_fu_4103/flow_control_loop_pipe_sequential_init_U/output_remaining_1_fu_176[7]_i_10     | CLB.LUT.LUT4      |
    | grp_keccak_top_Pipeline_SQUEEZE_BLOCK_fu_4103/flow_control_loop_pipe_sequential_init_U/output_remaining_1_fu_176_reg[7]_i_1  | CLB.CARRY.CARRY8  |
    | grp_keccak_top_Pipeline_SQUEEZE_BLOCK_fu_4103/flow_control_loop_pipe_sequential_init_U/output_remaining_1_fu_176_reg[15]_i_1 | CLB.CARRY.CARRY8  |
    | grp_keccak_top_Pipeline_SQUEEZE_BLOCK_fu_4103/flow_control_loop_pipe_sequential_init_U/output_remaining_1_fu_176_reg[23]_i_1 | CLB.CARRY.CARRY8  |
    | grp_keccak_top_Pipeline_SQUEEZE_BLOCK_fu_4103/flow_control_loop_pipe_sequential_init_U/output_remaining_1_fu_176_reg[31]_i_2 | CLB.CARRY.CARRY8  |
    | grp_keccak_top_Pipeline_SQUEEZE_BLOCK_fu_4103/output_remaining_1_fu_176_reg[31]                                              | REGISTER.SDR.FDRE |
    +------------------------------------------------------------------------------------------------------------------------------+-------------------+

    +------------------------------------------------------------------------------------------------------------------------------+-------------------+
    | Path2 Cells                                                                                                                  | Primitive Type    |
    +------------------------------------------------------------------------------------------------------------------------------+-------------------+
    | grp_keccak_top_Pipeline_SQUEEZE_BLOCK_fu_4103/output_remaining_1_fu_176_reg[4]                                               | REGISTER.SDR.FDRE |
    | grp_keccak_top_Pipeline_SQUEEZE_BLOCK_fu_4103/icmp_ln315_reg_714[0]_i_23                                                     | CLB.LUT.LUT2      |
    | grp_keccak_top_Pipeline_SQUEEZE_BLOCK_fu_4103/icmp_ln315_reg_714_reg[0]_i_2                                                  | CLB.CARRY.CARRY8  |
    | grp_keccak_top_Pipeline_SQUEEZE_BLOCK_fu_4103/icmp_ln315_reg_714_reg[0]_i_1                                                  | CLB.CARRY.CARRY8  |
    | grp_keccak_top_Pipeline_SQUEEZE_BLOCK_fu_4103/flow_control_loop_pipe_sequential_init_U/output_remaining_1_fu_176[7]_i_10     | CLB.LUT.LUT4      |
    | grp_keccak_top_Pipeline_SQUEEZE_BLOCK_fu_4103/flow_control_loop_pipe_sequential_init_U/output_remaining_1_fu_176_reg[7]_i_1  | CLB.CARRY.CARRY8  |
    | grp_keccak_top_Pipeline_SQUEEZE_BLOCK_fu_4103/flow_control_loop_pipe_sequential_init_U/output_remaining_1_fu_176_reg[15]_i_1 | CLB.CARRY.CARRY8  |
    | grp_keccak_top_Pipeline_SQUEEZE_BLOCK_fu_4103/flow_control_loop_pipe_sequential_init_U/output_remaining_1_fu_176_reg[23]_i_1 | CLB.CARRY.CARRY8  |
    | grp_keccak_top_Pipeline_SQUEEZE_BLOCK_fu_4103/flow_control_loop_pipe_sequential_init_U/output_remaining_1_fu_176_reg[31]_i_2 | CLB.CARRY.CARRY8  |
    | grp_keccak_top_Pipeline_SQUEEZE_BLOCK_fu_4103/output_remaining_1_fu_176_reg[29]                                              | REGISTER.SDR.FDRE |
    +------------------------------------------------------------------------------------------------------------------------------+-------------------+

    +------------------------------------------------------------------------------------------------------------------------------+-------------------+
    | Path3 Cells                                                                                                                  | Primitive Type    |
    +------------------------------------------------------------------------------------------------------------------------------+-------------------+
    | grp_keccak_top_Pipeline_SQUEEZE_BLOCK_fu_4103/output_remaining_1_fu_176_reg[4]                                               | REGISTER.SDR.FDRE |
    | grp_keccak_top_Pipeline_SQUEEZE_BLOCK_fu_4103/icmp_ln315_reg_714[0]_i_23                                                     | CLB.LUT.LUT2      |
    | grp_keccak_top_Pipeline_SQUEEZE_BLOCK_fu_4103/icmp_ln315_reg_714_reg[0]_i_2                                                  | CLB.CARRY.CARRY8  |
    | grp_keccak_top_Pipeline_SQUEEZE_BLOCK_fu_4103/icmp_ln315_reg_714_reg[0]_i_1                                                  | CLB.CARRY.CARRY8  |
    | grp_keccak_top_Pipeline_SQUEEZE_BLOCK_fu_4103/flow_control_loop_pipe_sequential_init_U/output_remaining_1_fu_176[7]_i_10     | CLB.LUT.LUT4      |
    | grp_keccak_top_Pipeline_SQUEEZE_BLOCK_fu_4103/flow_control_loop_pipe_sequential_init_U/output_remaining_1_fu_176_reg[7]_i_1  | CLB.CARRY.CARRY8  |
    | grp_keccak_top_Pipeline_SQUEEZE_BLOCK_fu_4103/flow_control_loop_pipe_sequential_init_U/output_remaining_1_fu_176_reg[15]_i_1 | CLB.CARRY.CARRY8  |
    | grp_keccak_top_Pipeline_SQUEEZE_BLOCK_fu_4103/flow_control_loop_pipe_sequential_init_U/output_remaining_1_fu_176_reg[23]_i_1 | CLB.CARRY.CARRY8  |
    | grp_keccak_top_Pipeline_SQUEEZE_BLOCK_fu_4103/flow_control_loop_pipe_sequential_init_U/output_remaining_1_fu_176_reg[31]_i_2 | CLB.CARRY.CARRY8  |
    | grp_keccak_top_Pipeline_SQUEEZE_BLOCK_fu_4103/output_remaining_1_fu_176_reg[30]                                              | REGISTER.SDR.FDRE |
    +------------------------------------------------------------------------------------------------------------------------------+-------------------+

    +------------------------------------------------------------------------------------------------------------------------------+-------------------+
    | Path4 Cells                                                                                                                  | Primitive Type    |
    +------------------------------------------------------------------------------------------------------------------------------+-------------------+
    | grp_keccak_top_Pipeline_SQUEEZE_BLOCK_fu_4103/output_remaining_1_fu_176_reg[4]                                               | REGISTER.SDR.FDRE |
    | grp_keccak_top_Pipeline_SQUEEZE_BLOCK_fu_4103/icmp_ln315_reg_714[0]_i_23                                                     | CLB.LUT.LUT2      |
    | grp_keccak_top_Pipeline_SQUEEZE_BLOCK_fu_4103/icmp_ln315_reg_714_reg[0]_i_2                                                  | CLB.CARRY.CARRY8  |
    | grp_keccak_top_Pipeline_SQUEEZE_BLOCK_fu_4103/icmp_ln315_reg_714_reg[0]_i_1                                                  | CLB.CARRY.CARRY8  |
    | grp_keccak_top_Pipeline_SQUEEZE_BLOCK_fu_4103/flow_control_loop_pipe_sequential_init_U/output_remaining_1_fu_176[7]_i_10     | CLB.LUT.LUT4      |
    | grp_keccak_top_Pipeline_SQUEEZE_BLOCK_fu_4103/flow_control_loop_pipe_sequential_init_U/output_remaining_1_fu_176_reg[7]_i_1  | CLB.CARRY.CARRY8  |
    | grp_keccak_top_Pipeline_SQUEEZE_BLOCK_fu_4103/flow_control_loop_pipe_sequential_init_U/output_remaining_1_fu_176_reg[15]_i_1 | CLB.CARRY.CARRY8  |
    | grp_keccak_top_Pipeline_SQUEEZE_BLOCK_fu_4103/flow_control_loop_pipe_sequential_init_U/output_remaining_1_fu_176_reg[23]_i_1 | CLB.CARRY.CARRY8  |
    | grp_keccak_top_Pipeline_SQUEEZE_BLOCK_fu_4103/flow_control_loop_pipe_sequential_init_U/output_remaining_1_fu_176_reg[31]_i_2 | CLB.CARRY.CARRY8  |
    | grp_keccak_top_Pipeline_SQUEEZE_BLOCK_fu_4103/output_remaining_1_fu_176_reg[28]                                              | REGISTER.SDR.FDRE |
    +------------------------------------------------------------------------------------------------------------------------------+-------------------+

    +------------------------------------------------------------------------------------------------------------------------------+-------------------+
    | Path5 Cells                                                                                                                  | Primitive Type    |
    +------------------------------------------------------------------------------------------------------------------------------+-------------------+
    | grp_keccak_top_Pipeline_SQUEEZE_BLOCK_fu_4103/output_remaining_1_fu_176_reg[4]                                               | REGISTER.SDR.FDRE |
    | grp_keccak_top_Pipeline_SQUEEZE_BLOCK_fu_4103/icmp_ln315_reg_714[0]_i_23                                                     | CLB.LUT.LUT2      |
    | grp_keccak_top_Pipeline_SQUEEZE_BLOCK_fu_4103/icmp_ln315_reg_714_reg[0]_i_2                                                  | CLB.CARRY.CARRY8  |
    | grp_keccak_top_Pipeline_SQUEEZE_BLOCK_fu_4103/icmp_ln315_reg_714_reg[0]_i_1                                                  | CLB.CARRY.CARRY8  |
    | grp_keccak_top_Pipeline_SQUEEZE_BLOCK_fu_4103/flow_control_loop_pipe_sequential_init_U/output_remaining_1_fu_176[7]_i_10     | CLB.LUT.LUT4      |
    | grp_keccak_top_Pipeline_SQUEEZE_BLOCK_fu_4103/flow_control_loop_pipe_sequential_init_U/output_remaining_1_fu_176_reg[7]_i_1  | CLB.CARRY.CARRY8  |
    | grp_keccak_top_Pipeline_SQUEEZE_BLOCK_fu_4103/flow_control_loop_pipe_sequential_init_U/output_remaining_1_fu_176_reg[15]_i_1 | CLB.CARRY.CARRY8  |
    | grp_keccak_top_Pipeline_SQUEEZE_BLOCK_fu_4103/flow_control_loop_pipe_sequential_init_U/output_remaining_1_fu_176_reg[23]_i_1 | CLB.CARRY.CARRY8  |
    | grp_keccak_top_Pipeline_SQUEEZE_BLOCK_fu_4103/flow_control_loop_pipe_sequential_init_U/output_remaining_1_fu_176_reg[31]_i_2 | CLB.CARRY.CARRY8  |
    | grp_keccak_top_Pipeline_SQUEEZE_BLOCK_fu_4103/output_remaining_1_fu_176_reg[27]                                              | REGISTER.SDR.FDRE |
    +------------------------------------------------------------------------------------------------------------------------------+-------------------+


================================================================
== RTL Synthesis Vivado Reports
================================================================
+--------------------------+----------------------------------------------------------------+
| Report Type              | Report Location                                                |
+--------------------------+----------------------------------------------------------------+
| design_analysis          | impl/vhdl/report/keccak_top_design_analysis_synth.rpt          |
| failfast                 | impl/vhdl/report/keccak_top_failfast_synth.rpt                 |
| power                    | impl/vhdl/report/keccak_top_power_synth.rpt                    |
| timing                   | impl/vhdl/report/keccak_top_timing_synth.rpt                   |
| timing_paths             | impl/vhdl/report/keccak_top_timing_paths_synth.rpt             |
| utilization              | impl/vhdl/report/keccak_top_utilization_synth.rpt              |
| utilization_hierarchical | impl/vhdl/report/keccak_top_utilization_hierarchical_synth.rpt |
+--------------------------+----------------------------------------------------------------+


