

Implementation tool: Xilinx Vivado v.2025.2
Project:             keccak
Solution:            hls
Device target:       xck26-sfvc784-2LV-c
Report date:         Mon Dec 22 23:34:20 +0100 2025

#=== Post-Implementation Resource usage ===
SLICE:            0
LUT:          12456
FF:           12246
DSP:              0
BRAM:             0
URAM:             0
LATCH:            0
SRL:              0
CLB:           2640

#=== Final timing ===
CP required:                     5.000
CP achieved post-synthesis:      2.232
CP achieved post-implementation: 4.568
Timing met
