

================================================================
== Vitis HLS Report for 'keccak_top_Pipeline_ABSORB_BLOCK'
================================================================
* Date:           Mon Dec 22 22:18:14 2025

* Version:        2025.2 (Build 6295257 on Nov 14 2025)
* Project:        example
* Solution:       hls (Vivado IP Flow Target)
* Product family: zynquplus
* Target device:  xck26-sfvc784-2LV-c


================================================================
== Performance Estimates
================================================================
+ Timing: 
    * Summary: 
    +--------+---------+----------+------------+
    |  Clock |  Target | Estimated| Uncertainty|
    +--------+---------+----------+------------+
    |ap_clk  |  5.00 ns|  1.847 ns|     1.35 ns|
    +--------+---------+----------+------------+

+ Latency: 
    * Summary: 
    +---------+---------+-----------+----------+-----+-----+-------------------+
    |  Latency (cycles) |  Latency (absolute)  |  Interval |      Pipeline     |
    |   min   |   max   |    min    |    max   | min | max |        Type       |
    +---------+---------+-----------+----------+-----+-----+-------------------+
    |        2|       34|  10.000 ns|  0.170 us|    0|    0|  loop pipeline stp|
    +---------+---------+-----------+----------+-----+-----+-------------------+

    + Detail: 
        * Instance: 
        N/A

        * Loop: 
        +----------------+---------+---------+----------+-----------+-----------+--------+----------+
        |                |  Latency (cycles) | Iteration|  Initiation Interval  |  Trip  |          |
        |    Loop Name   |   min   |   max   |  Latency |  achieved |   target  |  Count | Pipelined|
        +----------------+---------+---------+----------+-----------+-----------+--------+----------+
        |- ABSORB_BLOCK  |        0|       32|         2|          1|          1|  0 ~ 32|       yes|
        +----------------+---------+---------+----------+-----------+-----------+--------+----------+

============================================================
+ Verbose Summary: Synthesis Manager
============================================================
InlineROM: 1
ExposeGlobal: 0
============================================================
+ Verbose Summary: CDFG Model
============================================================
IsTopModel: 0
ResetActiveHigh: 1
IsCombinational: 0
IsDatapathOnly: 0
HasWiredReturn: 1
HasMFsm: 2
HasVarLatency: 1
IsPipeline: 0
IsRtlPipelined: 0
IsInstanceOverlapped: 0
IsDontTouch: 0
HasImplIP: 0
IsGatedGlobalClock: 0

+ Individual pipeline summary: 
  * Pipeline-0: initiation interval (II) = 1, depth = 2


============================================================
+ Verbose Summary: Schedule
============================================================
* Number of FSM states : 2
* Pipeline : 1
  Pipeline-0 : II = 1, D = 2, States = { 1 2 }
* Dataflow Pipeline: 0

* FSM state transitions: 
1 --> 2 
2 --> 

* FSM state operations: 

State 1 <SV = 0> <Delay = 1.63>
ST_1 : Operation 5 [1/1] (0.00ns)   --->   "%i = alloca i32 1" [keccak.cpp:300]   --->   Operation 5 'alloca' 'i' <Predicate = true> <Delay = 0.00>
ST_1 : Operation 6 [1/1] (0.00ns)   --->   "%message_done_1 = alloca i32 1" [keccak.cpp:288]   --->   Operation 6 'alloca' 'message_done_1' <Predicate = true> <Delay = 0.00>
ST_1 : Operation 7 [1/1] (0.00ns)   --->   "%specaxissidechannel_ln0 = specaxissidechannel void @_ssdm_op_SpecAXISSideChannel, i64 %input_stream_V_data_V, i8 %input_stream_V_keep_V, i8 %input_stream_V_strb_V, i1 0, i1 %input_stream_V_last_V, i1 0, i1 0, void @empty_10"   --->   Operation 7 'specaxissidechannel' 'specaxissidechannel_ln0' <Predicate = true> <Delay = 0.00>
ST_1 : Operation 8 [1/1] (0.00ns)   --->   "%specinterface_ln0 = specinterface void @_ssdm_op_SpecInterface, i1 %input_stream_V_last_V, i8 %input_stream_V_strb_V, i8 %input_stream_V_keep_V, i64 %input_stream_V_data_V, void @empty, i32 0, i32 0, void @empty_0, i32 0, i32 0, void @empty_1, void @empty_1, void @empty_1, i32 0, i32 0, i32 0, i32 0, void @empty_1, void @empty_1, i32 4294967295, i32 0, i32 0, i32 0"   --->   Operation 8 'specinterface' 'specinterface_ln0' <Predicate = true> <Delay = 0.00>
ST_1 : Operation 9 [1/1] (0.00ns)   --->   "%trunc_ln1_read = read i6 @_ssdm_op_Read.ap_auto.i6, i6 %trunc_ln1"   --->   Operation 9 'read' 'trunc_ln1_read' <Predicate = true> <Delay = 0.00>
ST_1 : Operation 10 [1/1] (0.00ns)   --->   "%message_done_read = read i1 @_ssdm_op_Read.ap_auto.i1, i1 %message_done"   --->   Operation 10 'read' 'message_done_read' <Predicate = true> <Delay = 0.00>
ST_1 : Operation 11 [1/1] (0.42ns)   --->   "%store_ln288 = store i1 %message_done_read, i1 %message_done_1" [keccak.cpp:288]   --->   Operation 11 'store' 'store_ln288' <Predicate = true> <Delay = 0.42>
ST_1 : Operation 12 [1/1] (0.42ns)   --->   "%store_ln300 = store i6 0, i6 %i" [keccak.cpp:300]   --->   Operation 12 'store' 'store_ln300' <Predicate = true> <Delay = 0.42>
ST_1 : Operation 13 [1/1] (0.00ns)   --->   "%br_ln300 = br void %for.body16" [keccak.cpp:300]   --->   Operation 13 'br' 'br_ln300' <Predicate = true> <Delay = 0.00>
ST_1 : Operation 14 [1/1] (0.00ns)   --->   "%i_2 = load i6 %i" [keccak.cpp:300]   --->   Operation 14 'load' 'i_2' <Predicate = true> <Delay = 0.00>
ST_1 : Operation 15 [1/1] (0.78ns)   --->   "%icmp_ln300 = icmp_eq  i6 %i_2, i6 %trunc_ln1_read" [keccak.cpp:300]   --->   Operation 15 'icmp' 'icmp_ln300' <Predicate = true> <Delay = 0.78> <CoreInst = "Cmp">   --->   Core 9 'Cmp' <Latency = 0> <II = 1> <Delay = 0.78> <FuncUnit> <Opcode : 'seteq' 'setne' 'setle' 'setge' 'setlt' 'setgt'> <InPorts = 2> <OutPorts = 1>
ST_1 : Operation 16 [1/1] (0.00ns)   --->   "%speclooptripcount_ln0 = speclooptripcount void @_ssdm_op_SpecLoopTripCount, i64 0, i64 32, i64 0"   --->   Operation 16 'speclooptripcount' 'speclooptripcount_ln0' <Predicate = true> <Delay = 0.00>
ST_1 : Operation 17 [1/1] (0.78ns)   --->   "%add_ln300 = add i6 %i_2, i6 1" [keccak.cpp:300]   --->   Operation 17 'add' 'add_ln300' <Predicate = true> <Delay = 0.78> <CoreInst = "Adder">   --->   Core 1 'Adder' <Latency = 0> <II = 1> <Delay = 0.78> <FuncUnit> <Opcode : 'add' 'sub'> <InPorts = 2> <OutPorts = 1>
ST_1 : Operation 18 [1/1] (0.00ns)   --->   "%br_ln300 = br i1 %icmp_ln300, void %for.body16.split, void %for.end29.exitStub" [keccak.cpp:300]   --->   Operation 18 'br' 'br_ln300' <Predicate = true> <Delay = 0.00>
ST_1 : Operation 19 [1/1] (0.00ns)   --->   "%trunc_ln300 = trunc i6 %i_2" [keccak.cpp:300]   --->   Operation 19 'trunc' 'trunc_ln300' <Predicate = (!icmp_ln300)> <Delay = 0.00>
ST_1 : Operation 20 [1/1] (0.42ns)   --->   "%store_ln300 = store i6 %add_ln300, i6 %i" [keccak.cpp:300]   --->   Operation 20 'store' 'store_ln300' <Predicate = (!icmp_ln300)> <Delay = 0.42>
ST_1 : Operation 21 [1/1] (0.00ns)   --->   "%br_ln300 = br void %for.body16" [keccak.cpp:300]   --->   Operation 21 'br' 'br_ln300' <Predicate = (!icmp_ln300)> <Delay = 0.00>
ST_1 : Operation 111 [1/1] (0.00ns)   --->   "%message_done_1_load_1 = load i1 %message_done_1"   --->   Operation 111 'load' 'message_done_1_load_1' <Predicate = (icmp_ln300)> <Delay = 0.00>
ST_1 : Operation 112 [1/1] (0.00ns)   --->   "%write_ln0 = write void @_ssdm_op_Write.ap_auto.i1P0A, i1 %message_done_1_out, i1 %message_done_1_load_1"   --->   Operation 112 'write' 'write_ln0' <Predicate = (icmp_ln300)> <Delay = 0.00>
ST_1 : Operation 113 [1/1] (0.42ns)   --->   "%ret_ln0 = ret"   --->   Operation 113 'ret' 'ret_ln0' <Predicate = (icmp_ln300)> <Delay = 0.42>

State 2 <SV = 1> <Delay = 1.84>
ST_2 : Operation 22 [1/1] (0.00ns)   --->   "%specpipeline_ln301 = specpipeline void @_ssdm_op_SpecPipeline, i32 1, i32 0, i32 0, i32 0, i32 4294967295, void @empty_1" [keccak.cpp:301]   --->   Operation 22 'specpipeline' 'specpipeline_ln301' <Predicate = true> <Delay = 0.00>
ST_2 : Operation 23 [1/1] (0.00ns)   --->   "%specloopname_ln300 = specloopname void @_ssdm_op_SpecLoopName, void @empty_14" [keccak.cpp:300]   --->   Operation 23 'specloopname' 'specloopname_ln300' <Predicate = true> <Delay = 0.00>
ST_2 : Operation 24 [1/1] ( I:0.59ns O:0.59ns )   --->   "%tmp_1 = nbreadreq i1 @_ssdm_op_NbReadReq.axis.i64P0A.i8P0A.i8P0A.i1P0A, i64 %input_stream_V_data_V, i8 %input_stream_V_keep_V, i8 %input_stream_V_strb_V, i1 %input_stream_V_last_V, i32 1" [keccak.cpp:302]   --->   Operation 24 'nbreadreq' 'tmp_1' <Predicate = true> <Delay = 0.59> <CoreInst = "regslice">   --->   Core 147 'regslice' <Latency = 0> <II = 1> <Delay = 0.73> <Adapter> <Opcode : 'read' 'write'>
ST_2 : Operation 25 [1/1] (0.00ns)   --->   "%br_ln302 = br i1 %tmp_1, void %for.inc27, void %if.then" [keccak.cpp:302]   --->   Operation 25 'br' 'br_ln302' <Predicate = true> <Delay = 0.00>
ST_2 : Operation 26 [1/1] ( I:0.07ns O:0.07ns )   --->   "%empty = read i81 @_ssdm_op_Read.axis.volatile.i64P0A.i8P0A.i8P0A.i1P0A, i64 %input_stream_V_data_V, i8 %input_stream_V_keep_V, i8 %input_stream_V_strb_V, i1 %input_stream_V_last_V" [keccak.cpp:303]   --->   Operation 26 'read' 'empty' <Predicate = (tmp_1)> <Delay = 0.07> <CoreInst = "regslice">   --->   Core 147 'regslice' <Latency = 0> <II = 1> <Delay = 0.73> <Adapter> <Opcode : 'read' 'write'>
ST_2 : Operation 27 [1/1] (0.00ns) (grouped into LUT with out node state_25)   --->   "%pkt_data = extractvalue i81 %empty" [keccak.cpp:303]   --->   Operation 27 'extractvalue' 'pkt_data' <Predicate = (tmp_1)> <Delay = 0.00>
ST_2 : Operation 28 [1/1] (0.00ns)   --->   "%pkt_last = extractvalue i81 %empty" [keccak.cpp:303]   --->   Operation 28 'extractvalue' 'pkt_last' <Predicate = (tmp_1)> <Delay = 0.00>
ST_2 : Operation 29 [1/1] (0.00ns)   --->   "%state_read = read i64 @_ssdm_op_Read.ap_auto.i64P0A, i64 %state" [keccak.cpp:304]   --->   Operation 29 'read' 'state_read' <Predicate = (tmp_1)> <Delay = 0.00>
ST_2 : Operation 30 [1/1] (0.00ns)   --->   "%state_1_read = read i64 @_ssdm_op_Read.ap_auto.i64P0A, i64 %state_1" [keccak.cpp:304]   --->   Operation 30 'read' 'state_1_read' <Predicate = (tmp_1)> <Delay = 0.00>
ST_2 : Operation 31 [1/1] (0.00ns)   --->   "%state_2_read = read i64 @_ssdm_op_Read.ap_auto.i64P0A, i64 %state_2" [keccak.cpp:304]   --->   Operation 31 'read' 'state_2_read' <Predicate = (tmp_1)> <Delay = 0.00>
ST_2 : Operation 32 [1/1] (0.00ns)   --->   "%state_3_read = read i64 @_ssdm_op_Read.ap_auto.i64P0A, i64 %state_3" [keccak.cpp:304]   --->   Operation 32 'read' 'state_3_read' <Predicate = (tmp_1)> <Delay = 0.00>
ST_2 : Operation 33 [1/1] (0.00ns)   --->   "%state_4_read = read i64 @_ssdm_op_Read.ap_auto.i64P0A, i64 %state_4" [keccak.cpp:304]   --->   Operation 33 'read' 'state_4_read' <Predicate = (tmp_1)> <Delay = 0.00>
ST_2 : Operation 34 [1/1] (0.00ns)   --->   "%state_5_read = read i64 @_ssdm_op_Read.ap_auto.i64P0A, i64 %state_5" [keccak.cpp:304]   --->   Operation 34 'read' 'state_5_read' <Predicate = (tmp_1)> <Delay = 0.00>
ST_2 : Operation 35 [1/1] (0.00ns)   --->   "%state_6_read = read i64 @_ssdm_op_Read.ap_auto.i64P0A, i64 %state_6" [keccak.cpp:304]   --->   Operation 35 'read' 'state_6_read' <Predicate = (tmp_1)> <Delay = 0.00>
ST_2 : Operation 36 [1/1] (0.00ns)   --->   "%state_7_read = read i64 @_ssdm_op_Read.ap_auto.i64P0A, i64 %state_7" [keccak.cpp:304]   --->   Operation 36 'read' 'state_7_read' <Predicate = (tmp_1)> <Delay = 0.00>
ST_2 : Operation 37 [1/1] (0.00ns)   --->   "%state_8_read = read i64 @_ssdm_op_Read.ap_auto.i64P0A, i64 %state_8" [keccak.cpp:304]   --->   Operation 37 'read' 'state_8_read' <Predicate = (tmp_1)> <Delay = 0.00>
ST_2 : Operation 38 [1/1] (0.00ns)   --->   "%state_9_read = read i64 @_ssdm_op_Read.ap_auto.i64P0A, i64 %state_9" [keccak.cpp:304]   --->   Operation 38 'read' 'state_9_read' <Predicate = (tmp_1)> <Delay = 0.00>
ST_2 : Operation 39 [1/1] (0.00ns)   --->   "%state_10_read = read i64 @_ssdm_op_Read.ap_auto.i64P0A, i64 %state_10" [keccak.cpp:304]   --->   Operation 39 'read' 'state_10_read' <Predicate = (tmp_1)> <Delay = 0.00>
ST_2 : Operation 40 [1/1] (0.00ns)   --->   "%state_11_read = read i64 @_ssdm_op_Read.ap_auto.i64P0A, i64 %state_11" [keccak.cpp:304]   --->   Operation 40 'read' 'state_11_read' <Predicate = (tmp_1)> <Delay = 0.00>
ST_2 : Operation 41 [1/1] (0.00ns)   --->   "%state_12_read = read i64 @_ssdm_op_Read.ap_auto.i64P0A, i64 %state_12" [keccak.cpp:304]   --->   Operation 41 'read' 'state_12_read' <Predicate = (tmp_1)> <Delay = 0.00>
ST_2 : Operation 42 [1/1] (0.00ns)   --->   "%state_13_read = read i64 @_ssdm_op_Read.ap_auto.i64P0A, i64 %state_13" [keccak.cpp:304]   --->   Operation 42 'read' 'state_13_read' <Predicate = (tmp_1)> <Delay = 0.00>
ST_2 : Operation 43 [1/1] (0.00ns)   --->   "%state_14_read = read i64 @_ssdm_op_Read.ap_auto.i64P0A, i64 %state_14" [keccak.cpp:304]   --->   Operation 43 'read' 'state_14_read' <Predicate = (tmp_1)> <Delay = 0.00>
ST_2 : Operation 44 [1/1] (0.00ns)   --->   "%state_15_read = read i64 @_ssdm_op_Read.ap_auto.i64P0A, i64 %state_15" [keccak.cpp:304]   --->   Operation 44 'read' 'state_15_read' <Predicate = (tmp_1)> <Delay = 0.00>
ST_2 : Operation 45 [1/1] (0.00ns)   --->   "%state_16_read = read i64 @_ssdm_op_Read.ap_auto.i64P0A, i64 %state_16" [keccak.cpp:304]   --->   Operation 45 'read' 'state_16_read' <Predicate = (tmp_1)> <Delay = 0.00>
ST_2 : Operation 46 [1/1] (0.00ns)   --->   "%state_17_read = read i64 @_ssdm_op_Read.ap_auto.i64P0A, i64 %state_17" [keccak.cpp:304]   --->   Operation 46 'read' 'state_17_read' <Predicate = (tmp_1)> <Delay = 0.00>
ST_2 : Operation 47 [1/1] (0.00ns)   --->   "%state_18_read = read i64 @_ssdm_op_Read.ap_auto.i64P0A, i64 %state_18" [keccak.cpp:304]   --->   Operation 47 'read' 'state_18_read' <Predicate = (tmp_1)> <Delay = 0.00>
ST_2 : Operation 48 [1/1] (0.00ns)   --->   "%state_19_read = read i64 @_ssdm_op_Read.ap_auto.i64P0A, i64 %state_19" [keccak.cpp:304]   --->   Operation 48 'read' 'state_19_read' <Predicate = (tmp_1)> <Delay = 0.00>
ST_2 : Operation 49 [1/1] (0.00ns)   --->   "%state_20_read = read i64 @_ssdm_op_Read.ap_auto.i64P0A, i64 %state_20" [keccak.cpp:304]   --->   Operation 49 'read' 'state_20_read' <Predicate = (tmp_1)> <Delay = 0.00>
ST_2 : Operation 50 [1/1] (0.00ns)   --->   "%state_21_read = read i64 @_ssdm_op_Read.ap_auto.i64P0A, i64 %state_21" [keccak.cpp:304]   --->   Operation 50 'read' 'state_21_read' <Predicate = (tmp_1)> <Delay = 0.00>
ST_2 : Operation 51 [1/1] (0.00ns)   --->   "%state_22_read = read i64 @_ssdm_op_Read.ap_auto.i64P0A, i64 %state_22" [keccak.cpp:304]   --->   Operation 51 'read' 'state_22_read' <Predicate = (tmp_1)> <Delay = 0.00>
ST_2 : Operation 52 [1/1] (0.00ns)   --->   "%state_23_read = read i64 @_ssdm_op_Read.ap_auto.i64P0A, i64 %state_23" [keccak.cpp:304]   --->   Operation 52 'read' 'state_23_read' <Predicate = (tmp_1)> <Delay = 0.00>
ST_2 : Operation 53 [1/1] (0.00ns)   --->   "%state_24_read = read i64 @_ssdm_op_Read.ap_auto.i64P0A, i64 %state_24" [keccak.cpp:304]   --->   Operation 53 'read' 'state_24_read' <Predicate = (tmp_1)> <Delay = 0.00>
ST_2 : Operation 54 [1/1] (0.87ns)   --->   "%tmp_2 = sparsemux i64 @_ssdm_op_SparseMux.ap_auto.25i64.i64.i5, i5 0, i64 %state_read, i5 1, i64 %state_1_read, i5 2, i64 %state_2_read, i5 3, i64 %state_3_read, i5 4, i64 %state_4_read, i5 5, i64 %state_5_read, i5 6, i64 %state_6_read, i5 7, i64 %state_7_read, i5 8, i64 %state_8_read, i5 9, i64 %state_9_read, i5 10, i64 %state_10_read, i5 11, i64 %state_11_read, i5 12, i64 %state_12_read, i5 13, i64 %state_13_read, i5 14, i64 %state_14_read, i5 15, i64 %state_15_read, i5 16, i64 %state_16_read, i5 17, i64 %state_17_read, i5 18, i64 %state_18_read, i5 19, i64 %state_19_read, i5 20, i64 %state_20_read, i5 21, i64 %state_21_read, i5 22, i64 %state_22_read, i5 23, i64 %state_23_read, i5 24, i64 %state_24_read, i64 0, i5 %trunc_ln300" [keccak.cpp:304]   --->   Operation 54 'sparsemux' 'tmp_2' <Predicate = (tmp_1)> <Delay = 0.87> <CoreInst = "BinarySparseMux_DontCare">   --->   Core 149 'BinarySparseMux_DontCare' <Latency = 0> <II = 1> <Delay = 0.87> <FuncUnit> <Opcode : 'sparsemux'> <InPorts = 2> <OutPorts = 1>
ST_2 : Operation 55 [1/1] (0.37ns) (out node of the LUT)   --->   "%state_25 = xor i64 %pkt_data, i64 %tmp_2" [keccak.cpp:304]   --->   Operation 55 'xor' 'state_25' <Predicate = (tmp_1)> <Delay = 0.37> <CoreInst = "LogicGate">   --->   Core 74 'LogicGate' <Latency = 0> <II = 1> <Delay = 0.37> <FuncUnit> <Opcode : 'and' 'or' 'xor'> <InPorts = 2> <OutPorts = 1>
ST_2 : Operation 56 [1/1] (0.78ns)   --->   "%switch_ln304 = switch i5 %trunc_ln300, void %V22.i127.exit, i5 0, void %V22.i127.case.0, i5 1, void %V22.i127.case.1, i5 2, void %V22.i127.case.2, i5 3, void %V22.i127.case.3, i5 4, void %V22.i127.case.4, i5 5, void %V22.i127.case.5, i5 6, void %V22.i127.case.6, i5 7, void %V22.i127.case.7, i5 8, void %V22.i127.case.8, i5 9, void %V22.i127.case.9, i5 10, void %V22.i127.case.10, i5 11, void %V22.i127.case.11, i5 12, void %V22.i127.case.12, i5 13, void %V22.i127.case.13, i5 14, void %V22.i127.case.14, i5 15, void %V22.i127.case.15, i5 16, void %V22.i127.case.16, i5 17, void %V22.i127.case.17, i5 18, void %V22.i127.case.18, i5 19, void %V22.i127.case.19, i5 20, void %V22.i127.case.20, i5 21, void %V22.i127.case.21, i5 22, void %V22.i127.case.22, i5 23, void %V22.i127.case.23, i5 24, void %V22.i127.case.24" [keccak.cpp:304]   --->   Operation 56 'switch' 'switch_ln304' <Predicate = (tmp_1)> <Delay = 0.78>
ST_2 : Operation 57 [1/1] (0.00ns)   --->   "%write_ln304 = write void @_ssdm_op_Write.ap_auto.i64P0A, i64 %state_24, i64 %state_25" [keccak.cpp:304]   --->   Operation 57 'write' 'write_ln304' <Predicate = (tmp_1 & trunc_ln300 == 24)> <Delay = 0.00>
ST_2 : Operation 58 [1/1] (0.00ns)   --->   "%br_ln304 = br void %V22.i127.exit" [keccak.cpp:304]   --->   Operation 58 'br' 'br_ln304' <Predicate = (tmp_1 & trunc_ln300 == 24)> <Delay = 0.00>
ST_2 : Operation 59 [1/1] (0.00ns)   --->   "%write_ln304 = write void @_ssdm_op_Write.ap_auto.i64P0A, i64 %state_23, i64 %state_25" [keccak.cpp:304]   --->   Operation 59 'write' 'write_ln304' <Predicate = (tmp_1 & trunc_ln300 == 23)> <Delay = 0.00>
ST_2 : Operation 60 [1/1] (0.00ns)   --->   "%br_ln304 = br void %V22.i127.exit" [keccak.cpp:304]   --->   Operation 60 'br' 'br_ln304' <Predicate = (tmp_1 & trunc_ln300 == 23)> <Delay = 0.00>
ST_2 : Operation 61 [1/1] (0.00ns)   --->   "%write_ln304 = write void @_ssdm_op_Write.ap_auto.i64P0A, i64 %state_22, i64 %state_25" [keccak.cpp:304]   --->   Operation 61 'write' 'write_ln304' <Predicate = (tmp_1 & trunc_ln300 == 22)> <Delay = 0.00>
ST_2 : Operation 62 [1/1] (0.00ns)   --->   "%br_ln304 = br void %V22.i127.exit" [keccak.cpp:304]   --->   Operation 62 'br' 'br_ln304' <Predicate = (tmp_1 & trunc_ln300 == 22)> <Delay = 0.00>
ST_2 : Operation 63 [1/1] (0.00ns)   --->   "%write_ln304 = write void @_ssdm_op_Write.ap_auto.i64P0A, i64 %state_21, i64 %state_25" [keccak.cpp:304]   --->   Operation 63 'write' 'write_ln304' <Predicate = (tmp_1 & trunc_ln300 == 21)> <Delay = 0.00>
ST_2 : Operation 64 [1/1] (0.00ns)   --->   "%br_ln304 = br void %V22.i127.exit" [keccak.cpp:304]   --->   Operation 64 'br' 'br_ln304' <Predicate = (tmp_1 & trunc_ln300 == 21)> <Delay = 0.00>
ST_2 : Operation 65 [1/1] (0.00ns)   --->   "%write_ln304 = write void @_ssdm_op_Write.ap_auto.i64P0A, i64 %state_20, i64 %state_25" [keccak.cpp:304]   --->   Operation 65 'write' 'write_ln304' <Predicate = (tmp_1 & trunc_ln300 == 20)> <Delay = 0.00>
ST_2 : Operation 66 [1/1] (0.00ns)   --->   "%br_ln304 = br void %V22.i127.exit" [keccak.cpp:304]   --->   Operation 66 'br' 'br_ln304' <Predicate = (tmp_1 & trunc_ln300 == 20)> <Delay = 0.00>
ST_2 : Operation 67 [1/1] (0.00ns)   --->   "%write_ln304 = write void @_ssdm_op_Write.ap_auto.i64P0A, i64 %state_19, i64 %state_25" [keccak.cpp:304]   --->   Operation 67 'write' 'write_ln304' <Predicate = (tmp_1 & trunc_ln300 == 19)> <Delay = 0.00>
ST_2 : Operation 68 [1/1] (0.00ns)   --->   "%br_ln304 = br void %V22.i127.exit" [keccak.cpp:304]   --->   Operation 68 'br' 'br_ln304' <Predicate = (tmp_1 & trunc_ln300 == 19)> <Delay = 0.00>
ST_2 : Operation 69 [1/1] (0.00ns)   --->   "%write_ln304 = write void @_ssdm_op_Write.ap_auto.i64P0A, i64 %state_18, i64 %state_25" [keccak.cpp:304]   --->   Operation 69 'write' 'write_ln304' <Predicate = (tmp_1 & trunc_ln300 == 18)> <Delay = 0.00>
ST_2 : Operation 70 [1/1] (0.00ns)   --->   "%br_ln304 = br void %V22.i127.exit" [keccak.cpp:304]   --->   Operation 70 'br' 'br_ln304' <Predicate = (tmp_1 & trunc_ln300 == 18)> <Delay = 0.00>
ST_2 : Operation 71 [1/1] (0.00ns)   --->   "%write_ln304 = write void @_ssdm_op_Write.ap_auto.i64P0A, i64 %state_17, i64 %state_25" [keccak.cpp:304]   --->   Operation 71 'write' 'write_ln304' <Predicate = (tmp_1 & trunc_ln300 == 17)> <Delay = 0.00>
ST_2 : Operation 72 [1/1] (0.00ns)   --->   "%br_ln304 = br void %V22.i127.exit" [keccak.cpp:304]   --->   Operation 72 'br' 'br_ln304' <Predicate = (tmp_1 & trunc_ln300 == 17)> <Delay = 0.00>
ST_2 : Operation 73 [1/1] (0.00ns)   --->   "%write_ln304 = write void @_ssdm_op_Write.ap_auto.i64P0A, i64 %state_16, i64 %state_25" [keccak.cpp:304]   --->   Operation 73 'write' 'write_ln304' <Predicate = (tmp_1 & trunc_ln300 == 16)> <Delay = 0.00>
ST_2 : Operation 74 [1/1] (0.00ns)   --->   "%br_ln304 = br void %V22.i127.exit" [keccak.cpp:304]   --->   Operation 74 'br' 'br_ln304' <Predicate = (tmp_1 & trunc_ln300 == 16)> <Delay = 0.00>
ST_2 : Operation 75 [1/1] (0.00ns)   --->   "%write_ln304 = write void @_ssdm_op_Write.ap_auto.i64P0A, i64 %state_15, i64 %state_25" [keccak.cpp:304]   --->   Operation 75 'write' 'write_ln304' <Predicate = (tmp_1 & trunc_ln300 == 15)> <Delay = 0.00>
ST_2 : Operation 76 [1/1] (0.00ns)   --->   "%br_ln304 = br void %V22.i127.exit" [keccak.cpp:304]   --->   Operation 76 'br' 'br_ln304' <Predicate = (tmp_1 & trunc_ln300 == 15)> <Delay = 0.00>
ST_2 : Operation 77 [1/1] (0.00ns)   --->   "%write_ln304 = write void @_ssdm_op_Write.ap_auto.i64P0A, i64 %state_14, i64 %state_25" [keccak.cpp:304]   --->   Operation 77 'write' 'write_ln304' <Predicate = (tmp_1 & trunc_ln300 == 14)> <Delay = 0.00>
ST_2 : Operation 78 [1/1] (0.00ns)   --->   "%br_ln304 = br void %V22.i127.exit" [keccak.cpp:304]   --->   Operation 78 'br' 'br_ln304' <Predicate = (tmp_1 & trunc_ln300 == 14)> <Delay = 0.00>
ST_2 : Operation 79 [1/1] (0.00ns)   --->   "%write_ln304 = write void @_ssdm_op_Write.ap_auto.i64P0A, i64 %state_13, i64 %state_25" [keccak.cpp:304]   --->   Operation 79 'write' 'write_ln304' <Predicate = (tmp_1 & trunc_ln300 == 13)> <Delay = 0.00>
ST_2 : Operation 80 [1/1] (0.00ns)   --->   "%br_ln304 = br void %V22.i127.exit" [keccak.cpp:304]   --->   Operation 80 'br' 'br_ln304' <Predicate = (tmp_1 & trunc_ln300 == 13)> <Delay = 0.00>
ST_2 : Operation 81 [1/1] (0.00ns)   --->   "%write_ln304 = write void @_ssdm_op_Write.ap_auto.i64P0A, i64 %state_12, i64 %state_25" [keccak.cpp:304]   --->   Operation 81 'write' 'write_ln304' <Predicate = (tmp_1 & trunc_ln300 == 12)> <Delay = 0.00>
ST_2 : Operation 82 [1/1] (0.00ns)   --->   "%br_ln304 = br void %V22.i127.exit" [keccak.cpp:304]   --->   Operation 82 'br' 'br_ln304' <Predicate = (tmp_1 & trunc_ln300 == 12)> <Delay = 0.00>
ST_2 : Operation 83 [1/1] (0.00ns)   --->   "%write_ln304 = write void @_ssdm_op_Write.ap_auto.i64P0A, i64 %state_11, i64 %state_25" [keccak.cpp:304]   --->   Operation 83 'write' 'write_ln304' <Predicate = (tmp_1 & trunc_ln300 == 11)> <Delay = 0.00>
ST_2 : Operation 84 [1/1] (0.00ns)   --->   "%br_ln304 = br void %V22.i127.exit" [keccak.cpp:304]   --->   Operation 84 'br' 'br_ln304' <Predicate = (tmp_1 & trunc_ln300 == 11)> <Delay = 0.00>
ST_2 : Operation 85 [1/1] (0.00ns)   --->   "%write_ln304 = write void @_ssdm_op_Write.ap_auto.i64P0A, i64 %state_10, i64 %state_25" [keccak.cpp:304]   --->   Operation 85 'write' 'write_ln304' <Predicate = (tmp_1 & trunc_ln300 == 10)> <Delay = 0.00>
ST_2 : Operation 86 [1/1] (0.00ns)   --->   "%br_ln304 = br void %V22.i127.exit" [keccak.cpp:304]   --->   Operation 86 'br' 'br_ln304' <Predicate = (tmp_1 & trunc_ln300 == 10)> <Delay = 0.00>
ST_2 : Operation 87 [1/1] (0.00ns)   --->   "%write_ln304 = write void @_ssdm_op_Write.ap_auto.i64P0A, i64 %state_9, i64 %state_25" [keccak.cpp:304]   --->   Operation 87 'write' 'write_ln304' <Predicate = (tmp_1 & trunc_ln300 == 9)> <Delay = 0.00>
ST_2 : Operation 88 [1/1] (0.00ns)   --->   "%br_ln304 = br void %V22.i127.exit" [keccak.cpp:304]   --->   Operation 88 'br' 'br_ln304' <Predicate = (tmp_1 & trunc_ln300 == 9)> <Delay = 0.00>
ST_2 : Operation 89 [1/1] (0.00ns)   --->   "%write_ln304 = write void @_ssdm_op_Write.ap_auto.i64P0A, i64 %state_8, i64 %state_25" [keccak.cpp:304]   --->   Operation 89 'write' 'write_ln304' <Predicate = (tmp_1 & trunc_ln300 == 8)> <Delay = 0.00>
ST_2 : Operation 90 [1/1] (0.00ns)   --->   "%br_ln304 = br void %V22.i127.exit" [keccak.cpp:304]   --->   Operation 90 'br' 'br_ln304' <Predicate = (tmp_1 & trunc_ln300 == 8)> <Delay = 0.00>
ST_2 : Operation 91 [1/1] (0.00ns)   --->   "%write_ln304 = write void @_ssdm_op_Write.ap_auto.i64P0A, i64 %state_7, i64 %state_25" [keccak.cpp:304]   --->   Operation 91 'write' 'write_ln304' <Predicate = (tmp_1 & trunc_ln300 == 7)> <Delay = 0.00>
ST_2 : Operation 92 [1/1] (0.00ns)   --->   "%br_ln304 = br void %V22.i127.exit" [keccak.cpp:304]   --->   Operation 92 'br' 'br_ln304' <Predicate = (tmp_1 & trunc_ln300 == 7)> <Delay = 0.00>
ST_2 : Operation 93 [1/1] (0.00ns)   --->   "%write_ln304 = write void @_ssdm_op_Write.ap_auto.i64P0A, i64 %state_6, i64 %state_25" [keccak.cpp:304]   --->   Operation 93 'write' 'write_ln304' <Predicate = (tmp_1 & trunc_ln300 == 6)> <Delay = 0.00>
ST_2 : Operation 94 [1/1] (0.00ns)   --->   "%br_ln304 = br void %V22.i127.exit" [keccak.cpp:304]   --->   Operation 94 'br' 'br_ln304' <Predicate = (tmp_1 & trunc_ln300 == 6)> <Delay = 0.00>
ST_2 : Operation 95 [1/1] (0.00ns)   --->   "%write_ln304 = write void @_ssdm_op_Write.ap_auto.i64P0A, i64 %state_5, i64 %state_25" [keccak.cpp:304]   --->   Operation 95 'write' 'write_ln304' <Predicate = (tmp_1 & trunc_ln300 == 5)> <Delay = 0.00>
ST_2 : Operation 96 [1/1] (0.00ns)   --->   "%br_ln304 = br void %V22.i127.exit" [keccak.cpp:304]   --->   Operation 96 'br' 'br_ln304' <Predicate = (tmp_1 & trunc_ln300 == 5)> <Delay = 0.00>
ST_2 : Operation 97 [1/1] (0.00ns)   --->   "%write_ln304 = write void @_ssdm_op_Write.ap_auto.i64P0A, i64 %state_4, i64 %state_25" [keccak.cpp:304]   --->   Operation 97 'write' 'write_ln304' <Predicate = (tmp_1 & trunc_ln300 == 4)> <Delay = 0.00>
ST_2 : Operation 98 [1/1] (0.00ns)   --->   "%br_ln304 = br void %V22.i127.exit" [keccak.cpp:304]   --->   Operation 98 'br' 'br_ln304' <Predicate = (tmp_1 & trunc_ln300 == 4)> <Delay = 0.00>
ST_2 : Operation 99 [1/1] (0.00ns)   --->   "%write_ln304 = write void @_ssdm_op_Write.ap_auto.i64P0A, i64 %state_3, i64 %state_25" [keccak.cpp:304]   --->   Operation 99 'write' 'write_ln304' <Predicate = (tmp_1 & trunc_ln300 == 3)> <Delay = 0.00>
ST_2 : Operation 100 [1/1] (0.00ns)   --->   "%br_ln304 = br void %V22.i127.exit" [keccak.cpp:304]   --->   Operation 100 'br' 'br_ln304' <Predicate = (tmp_1 & trunc_ln300 == 3)> <Delay = 0.00>
ST_2 : Operation 101 [1/1] (0.00ns)   --->   "%write_ln304 = write void @_ssdm_op_Write.ap_auto.i64P0A, i64 %state_2, i64 %state_25" [keccak.cpp:304]   --->   Operation 101 'write' 'write_ln304' <Predicate = (tmp_1 & trunc_ln300 == 2)> <Delay = 0.00>
ST_2 : Operation 102 [1/1] (0.00ns)   --->   "%br_ln304 = br void %V22.i127.exit" [keccak.cpp:304]   --->   Operation 102 'br' 'br_ln304' <Predicate = (tmp_1 & trunc_ln300 == 2)> <Delay = 0.00>
ST_2 : Operation 103 [1/1] (0.00ns)   --->   "%write_ln304 = write void @_ssdm_op_Write.ap_auto.i64P0A, i64 %state_1, i64 %state_25" [keccak.cpp:304]   --->   Operation 103 'write' 'write_ln304' <Predicate = (tmp_1 & trunc_ln300 == 1)> <Delay = 0.00>
ST_2 : Operation 104 [1/1] (0.00ns)   --->   "%br_ln304 = br void %V22.i127.exit" [keccak.cpp:304]   --->   Operation 104 'br' 'br_ln304' <Predicate = (tmp_1 & trunc_ln300 == 1)> <Delay = 0.00>
ST_2 : Operation 105 [1/1] (0.00ns)   --->   "%write_ln304 = write void @_ssdm_op_Write.ap_auto.i64P0A, i64 %state, i64 %state_25" [keccak.cpp:304]   --->   Operation 105 'write' 'write_ln304' <Predicate = (tmp_1 & trunc_ln300 == 0)> <Delay = 0.00>
ST_2 : Operation 106 [1/1] (0.00ns)   --->   "%br_ln304 = br void %V22.i127.exit" [keccak.cpp:304]   --->   Operation 106 'br' 'br_ln304' <Predicate = (tmp_1 & trunc_ln300 == 0)> <Delay = 0.00>
ST_2 : Operation 107 [1/1] (0.00ns)   --->   "%message_done_1_load = load i1 %message_done_1" [keccak.cpp:306]   --->   Operation 107 'load' 'message_done_1_load' <Predicate = (tmp_1)> <Delay = 0.00>
ST_2 : Operation 108 [1/1] (0.28ns)   --->   "%message_done_2 = or i1 %pkt_last, i1 %message_done_1_load" [keccak.cpp:306]   --->   Operation 108 'or' 'message_done_2' <Predicate = (tmp_1)> <Delay = 0.28> <CoreInst = "LogicGate">   --->   Core 74 'LogicGate' <Latency = 0> <II = 1> <Delay = 0.28> <FuncUnit> <Opcode : 'and' 'or' 'xor'> <InPorts = 2> <OutPorts = 1>
ST_2 : Operation 109 [1/1] (0.42ns)   --->   "%store_ln288 = store i1 %message_done_2, i1 %message_done_1" [keccak.cpp:288]   --->   Operation 109 'store' 'store_ln288' <Predicate = (tmp_1)> <Delay = 0.42>
ST_2 : Operation 110 [1/1] (0.00ns)   --->   "%br_ln311 = br void %for.inc27" [keccak.cpp:311]   --->   Operation 110 'br' 'br_ln311' <Predicate = (tmp_1)> <Delay = 0.00>


============================================================
+ Verbose Summary: Timing violations
============================================================
Target clock period: 5.000ns, clock uncertainty: 1.350ns.

 <State 1>: 1.635ns
The critical path consists of the following:
	'store' operation ('store_ln300', keccak.cpp:300) of constant 0 6 bit on local variable 'i', keccak.cpp:300 [40]  (0.427 ns)
	'load' operation 6 bit ('i', keccak.cpp:300) on local variable 'i', keccak.cpp:300 [43]  (0.000 ns)
	'add' operation 6 bit ('add_ln300', keccak.cpp:300) [46]  (0.781 ns)
	'store' operation ('store_ln300', keccak.cpp:300) of variable 'add_ln300', keccak.cpp:300 6 bit on local variable 'i', keccak.cpp:300 [167]  (0.427 ns)

 <State 2>: 1.847ns
The critical path consists of the following:
	axis request operation ('tmp_1', keccak.cpp:302) on port 'input_stream_V_data_V' (keccak.cpp:302) [52]  (0.591 ns)
	wire read operation ('state_19_read', keccak.cpp:304) on port 'state_19' (keccak.cpp:304) [77]  (0.000 ns)
	'sparsemux' operation 64 bit ('tmp_2', keccak.cpp:304) [83]  (0.877 ns)
	'xor' operation 64 bit ('state', keccak.cpp:304) [84]  (0.379 ns)
	wire write operation ('write_ln304', keccak.cpp:304) on port 'state_24' (keccak.cpp:304) [87]  (0.000 ns)


============================================================
+ Verbose Summary: Binding
============================================================
N/A
* FSMD analyzer results:
  - Output states:
 - Input state : 
  - Chain level:
	State 1
	State 2


============================================================
+ Verbose Summary: Datapath Resource usage 
============================================================
N/A
