

================================================================
== Vitis HLS Report for 'keccak_top_Pipeline_SQUEEZE_BLOCK'
================================================================
* Date:           Mon Dec 22 22:18:15 2025

* Version:        2025.2 (Build 6295257 on Nov 14 2025)
* Project:        example
* Solution:       hls (Vivado IP Flow Target)
* Product family: zynquplus
* Target device:  xck26-sfvc784-2LV-c


================================================================
== Performance Estimates
================================================================
+ Timing: 
    * Summary: 
    +--------+---------+----------+------------+
    |  Clock |  Target | Estimated| Uncertainty|
    +--------+---------+----------+------------+
    |ap_clk  |  5.00 ns|  2.877 ns|     1.35 ns|
    +--------+---------+----------+------------+

+ Latency: 
    * Summary: 
    +---------+---------+-----------+----------+-----+-----+-------------------+
    |  Latency (cycles) |  Latency (absolute)  |  Interval |      Pipeline     |
    |   min   |   max   |    min    |    max   | min | max |        Type       |
    +---------+---------+-----------+----------+-----+-----+-------------------+
    |        2|       34|  10.000 ns|  0.170 us|    0|    0|  loop pipeline stp|
    +---------+---------+-----------+----------+-----+-----+-------------------+

    + Detail: 
        * Instance: 
        N/A

        * Loop: 
        +-----------------+---------+---------+----------+-----------+-----------+--------+----------+
        |                 |  Latency (cycles) | Iteration|  Initiation Interval  |  Trip  |          |
        |    Loop Name    |   min   |   max   |  Latency |  achieved |   target  |  Count | Pipelined|
        +-----------------+---------+---------+----------+-----------+-----------+--------+----------+
        |- SQUEEZE_BLOCK  |        0|       32|         2|          1|          1|  0 ~ 32|       yes|
        +-----------------+---------+---------+----------+-----------+-----------+--------+----------+

============================================================
+ Verbose Summary: Synthesis Manager
============================================================
InlineROM: 1
ExposeGlobal: 0
============================================================
+ Verbose Summary: CDFG Model
============================================================
IsTopModel: 0
ResetActiveHigh: 1
IsCombinational: 0
IsDatapathOnly: 0
HasWiredReturn: 1
HasMFsm: 2
HasVarLatency: 1
IsPipeline: 0
IsRtlPipelined: 0
IsInstanceOverlapped: 0
IsDontTouch: 0
HasImplIP: 0
IsGatedGlobalClock: 0

+ Individual pipeline summary: 
  * Pipeline-0: initiation interval (II) = 1, depth = 3


============================================================
+ Verbose Summary: Schedule
============================================================
* Number of FSM states : 3
* Pipeline : 1
  Pipeline-0 : II = 1, D = 3, States = { 1 2 3 }
* Dataflow Pipeline: 0

* FSM state transitions: 
1 --> 2 
2 --> 3 
3 --> 

* FSM state operations: 

State 1 <SV = 0> <Delay = 0.42>
ST_1 : Operation 5 [1/1] (0.00ns)   --->   "%output_remaining_1 = alloca i32 1" [keccak.cpp:337]   --->   Operation 5 'alloca' 'output_remaining_1' <Predicate = true> <Delay = 0.00>
ST_1 : Operation 6 [1/1] (0.00ns)   --->   "%i = alloca i32 1" [keccak.cpp:348]   --->   Operation 6 'alloca' 'i' <Predicate = true> <Delay = 0.00>
ST_1 : Operation 7 [1/1] (0.00ns)   --->   "%state_24_load_2_read = read i64 @_ssdm_op_Read.ap_auto.i64, i64 %state_24_load_2"   --->   Operation 7 'read' 'state_24_load_2_read' <Predicate = true> <Delay = 0.00>
ST_1 : Operation 8 [1/1] (0.00ns)   --->   "%state_23_load_2_read = read i64 @_ssdm_op_Read.ap_auto.i64, i64 %state_23_load_2"   --->   Operation 8 'read' 'state_23_load_2_read' <Predicate = true> <Delay = 0.00>
ST_1 : Operation 9 [1/1] (0.00ns)   --->   "%state_22_load_2_read = read i64 @_ssdm_op_Read.ap_auto.i64, i64 %state_22_load_2"   --->   Operation 9 'read' 'state_22_load_2_read' <Predicate = true> <Delay = 0.00>
ST_1 : Operation 10 [1/1] (0.00ns)   --->   "%state_21_load_2_read = read i64 @_ssdm_op_Read.ap_auto.i64, i64 %state_21_load_2"   --->   Operation 10 'read' 'state_21_load_2_read' <Predicate = true> <Delay = 0.00>
ST_1 : Operation 11 [1/1] (0.00ns)   --->   "%state_20_load_2_read = read i64 @_ssdm_op_Read.ap_auto.i64, i64 %state_20_load_2"   --->   Operation 11 'read' 'state_20_load_2_read' <Predicate = true> <Delay = 0.00>
ST_1 : Operation 12 [1/1] (0.00ns)   --->   "%state_19_load_2_read = read i64 @_ssdm_op_Read.ap_auto.i64, i64 %state_19_load_2"   --->   Operation 12 'read' 'state_19_load_2_read' <Predicate = true> <Delay = 0.00>
ST_1 : Operation 13 [1/1] (0.00ns)   --->   "%state_18_load_2_read = read i64 @_ssdm_op_Read.ap_auto.i64, i64 %state_18_load_2"   --->   Operation 13 'read' 'state_18_load_2_read' <Predicate = true> <Delay = 0.00>
ST_1 : Operation 14 [1/1] (0.00ns)   --->   "%state_17_load_2_read = read i64 @_ssdm_op_Read.ap_auto.i64, i64 %state_17_load_2"   --->   Operation 14 'read' 'state_17_load_2_read' <Predicate = true> <Delay = 0.00>
ST_1 : Operation 15 [1/1] (0.00ns)   --->   "%state_16_load_2_read = read i64 @_ssdm_op_Read.ap_auto.i64, i64 %state_16_load_2"   --->   Operation 15 'read' 'state_16_load_2_read' <Predicate = true> <Delay = 0.00>
ST_1 : Operation 16 [1/1] (0.00ns)   --->   "%state_15_load_2_read = read i64 @_ssdm_op_Read.ap_auto.i64, i64 %state_15_load_2"   --->   Operation 16 'read' 'state_15_load_2_read' <Predicate = true> <Delay = 0.00>
ST_1 : Operation 17 [1/1] (0.00ns)   --->   "%state_14_load_2_read = read i64 @_ssdm_op_Read.ap_auto.i64, i64 %state_14_load_2"   --->   Operation 17 'read' 'state_14_load_2_read' <Predicate = true> <Delay = 0.00>
ST_1 : Operation 18 [1/1] (0.00ns)   --->   "%state_13_load_2_read = read i64 @_ssdm_op_Read.ap_auto.i64, i64 %state_13_load_2"   --->   Operation 18 'read' 'state_13_load_2_read' <Predicate = true> <Delay = 0.00>
ST_1 : Operation 19 [1/1] (0.00ns)   --->   "%state_12_load_2_read = read i64 @_ssdm_op_Read.ap_auto.i64, i64 %state_12_load_2"   --->   Operation 19 'read' 'state_12_load_2_read' <Predicate = true> <Delay = 0.00>
ST_1 : Operation 20 [1/1] (0.00ns)   --->   "%state_11_load_2_read = read i64 @_ssdm_op_Read.ap_auto.i64, i64 %state_11_load_2"   --->   Operation 20 'read' 'state_11_load_2_read' <Predicate = true> <Delay = 0.00>
ST_1 : Operation 21 [1/1] (0.00ns)   --->   "%state_10_load_2_read = read i64 @_ssdm_op_Read.ap_auto.i64, i64 %state_10_load_2"   --->   Operation 21 'read' 'state_10_load_2_read' <Predicate = true> <Delay = 0.00>
ST_1 : Operation 22 [1/1] (0.00ns)   --->   "%state_9_load_2_read = read i64 @_ssdm_op_Read.ap_auto.i64, i64 %state_9_load_2"   --->   Operation 22 'read' 'state_9_load_2_read' <Predicate = true> <Delay = 0.00>
ST_1 : Operation 23 [1/1] (0.00ns)   --->   "%state_8_load_2_read = read i64 @_ssdm_op_Read.ap_auto.i64, i64 %state_8_load_2"   --->   Operation 23 'read' 'state_8_load_2_read' <Predicate = true> <Delay = 0.00>
ST_1 : Operation 24 [1/1] (0.00ns)   --->   "%state_7_load_2_read = read i64 @_ssdm_op_Read.ap_auto.i64, i64 %state_7_load_2"   --->   Operation 24 'read' 'state_7_load_2_read' <Predicate = true> <Delay = 0.00>
ST_1 : Operation 25 [1/1] (0.00ns)   --->   "%state_6_load_2_read = read i64 @_ssdm_op_Read.ap_auto.i64, i64 %state_6_load_2"   --->   Operation 25 'read' 'state_6_load_2_read' <Predicate = true> <Delay = 0.00>
ST_1 : Operation 26 [1/1] (0.00ns)   --->   "%state_5_load_2_read = read i64 @_ssdm_op_Read.ap_auto.i64, i64 %state_5_load_2"   --->   Operation 26 'read' 'state_5_load_2_read' <Predicate = true> <Delay = 0.00>
ST_1 : Operation 27 [1/1] (0.00ns)   --->   "%state_4_load_2_read = read i64 @_ssdm_op_Read.ap_auto.i64, i64 %state_4_load_2"   --->   Operation 27 'read' 'state_4_load_2_read' <Predicate = true> <Delay = 0.00>
ST_1 : Operation 28 [1/1] (0.00ns)   --->   "%state_3_load_2_read = read i64 @_ssdm_op_Read.ap_auto.i64, i64 %state_3_load_2"   --->   Operation 28 'read' 'state_3_load_2_read' <Predicate = true> <Delay = 0.00>
ST_1 : Operation 29 [1/1] (0.00ns)   --->   "%state_2_load_2_read = read i64 @_ssdm_op_Read.ap_auto.i64, i64 %state_2_load_2"   --->   Operation 29 'read' 'state_2_load_2_read' <Predicate = true> <Delay = 0.00>
ST_1 : Operation 30 [1/1] (0.00ns)   --->   "%state_1_load_2_read = read i64 @_ssdm_op_Read.ap_auto.i64, i64 %state_1_load_2"   --->   Operation 30 'read' 'state_1_load_2_read' <Predicate = true> <Delay = 0.00>
ST_1 : Operation 31 [1/1] (0.00ns)   --->   "%state_load_2_read = read i64 @_ssdm_op_Read.ap_auto.i64, i64 %state_load_2"   --->   Operation 31 'read' 'state_load_2_read' <Predicate = true> <Delay = 0.00>
ST_1 : Operation 32 [1/1] (0.00ns)   --->   "%trunc_ln6_read = read i6 @_ssdm_op_Read.ap_auto.i6, i6 %trunc_ln6"   --->   Operation 32 'read' 'trunc_ln6_read' <Predicate = true> <Delay = 0.00>
ST_1 : Operation 33 [1/1] (0.00ns)   --->   "%output_remaining_read = read i31 @_ssdm_op_Read.ap_auto.i31, i31 %output_remaining"   --->   Operation 33 'read' 'output_remaining_read' <Predicate = true> <Delay = 0.00>
ST_1 : Operation 34 [1/1] (0.00ns)   --->   "%output_remaining_cast = zext i31 %output_remaining_read"   --->   Operation 34 'zext' 'output_remaining_cast' <Predicate = true> <Delay = 0.00>
ST_1 : Operation 35 [1/1] (0.00ns)   --->   "%specaxissidechannel_ln0 = specaxissidechannel void @_ssdm_op_SpecAXISSideChannel, i64 %output_stream_V_data_V, i8 %output_stream_V_keep_V, i8 %output_stream_V_strb_V, i1 0, i1 %output_stream_V_last_V, i1 0, i1 0, void @empty_9"   --->   Operation 35 'specaxissidechannel' 'specaxissidechannel_ln0' <Predicate = true> <Delay = 0.00>
ST_1 : Operation 36 [1/1] (0.00ns)   --->   "%specinterface_ln0 = specinterface void @_ssdm_op_SpecInterface, i1 %output_stream_V_last_V, i8 %output_stream_V_strb_V, i8 %output_stream_V_keep_V, i64 %output_stream_V_data_V, void @empty, i32 0, i32 0, void @empty_0, i32 0, i32 0, void @empty_1, void @empty_1, void @empty_1, i32 0, i32 0, i32 0, i32 0, void @empty_1, void @empty_1, i32 4294967295, i32 0, i32 0, i32 0"   --->   Operation 36 'specinterface' 'specinterface_ln0' <Predicate = true> <Delay = 0.00>
ST_1 : Operation 37 [1/1] (0.42ns)   --->   "%store_ln348 = store i6 0, i6 %i" [keccak.cpp:348]   --->   Operation 37 'store' 'store_ln348' <Predicate = true> <Delay = 0.42>
ST_1 : Operation 38 [1/1] (0.42ns)   --->   "%store_ln337 = store i32 %output_remaining_cast, i32 %output_remaining_1" [keccak.cpp:337]   --->   Operation 38 'store' 'store_ln337' <Predicate = true> <Delay = 0.42>
ST_1 : Operation 39 [1/1] (0.00ns)   --->   "%br_ln0 = br void %for.body61"   --->   Operation 39 'br' 'br_ln0' <Predicate = true> <Delay = 0.00>

State 2 <SV = 1> <Delay = 2.87>
ST_2 : Operation 40 [1/1] (0.00ns)   --->   "%i_1 = load i6 %i" [keccak.cpp:348]   --->   Operation 40 'load' 'i_1' <Predicate = true> <Delay = 0.00>
ST_2 : Operation 41 [1/1] (0.78ns)   --->   "%icmp_ln348 = icmp_eq  i6 %i_1, i6 %trunc_ln6_read" [keccak.cpp:348]   --->   Operation 41 'icmp' 'icmp_ln348' <Predicate = true> <Delay = 0.78> <CoreInst = "Cmp">   --->   Core 9 'Cmp' <Latency = 0> <II = 1> <Delay = 0.78> <FuncUnit> <Opcode : 'seteq' 'setne' 'setle' 'setge' 'setlt' 'setgt'> <InPorts = 2> <OutPorts = 1>
ST_2 : Operation 42 [1/1] (0.00ns)   --->   "%speclooptripcount_ln0 = speclooptripcount void @_ssdm_op_SpecLoopTripCount, i64 0, i64 32, i64 0"   --->   Operation 42 'speclooptripcount' 'speclooptripcount_ln0' <Predicate = true> <Delay = 0.00>
ST_2 : Operation 43 [1/1] (0.78ns)   --->   "%add_ln348 = add i6 %i_1, i6 1" [keccak.cpp:348]   --->   Operation 43 'add' 'add_ln348' <Predicate = true> <Delay = 0.78> <CoreInst = "Adder">   --->   Core 1 'Adder' <Latency = 0> <II = 1> <Delay = 0.78> <FuncUnit> <Opcode : 'add' 'sub'> <InPorts = 2> <OutPorts = 1>
ST_2 : Operation 44 [1/1] (0.00ns)   --->   "%br_ln348 = br i1 %icmp_ln348, void %for.body61.split, void %for.end86.exitStub" [keccak.cpp:348]   --->   Operation 44 'br' 'br_ln348' <Predicate = true> <Delay = 0.00>
ST_2 : Operation 45 [1/1] (0.00ns)   --->   "%output_remaining_1_load_1 = load i32 %output_remaining_1" [keccak.cpp:353]   --->   Operation 45 'load' 'output_remaining_1_load_1' <Predicate = (!icmp_ln348)> <Delay = 0.00>
ST_2 : Operation 46 [1/1] (0.00ns)   --->   "%trunc_ln348 = trunc i6 %i_1" [keccak.cpp:348]   --->   Operation 46 'trunc' 'trunc_ln348' <Predicate = (!icmp_ln348)> <Delay = 0.00>
ST_2 : Operation 47 [1/1] (0.87ns)   --->   "%p_0 = sparsemux i64 @_ssdm_op_SparseMux.ap_auto.25i64.i64.i5, i5 0, i64 %state_load_2_read, i5 1, i64 %state_1_load_2_read, i5 2, i64 %state_2_load_2_read, i5 3, i64 %state_3_load_2_read, i5 4, i64 %state_4_load_2_read, i5 5, i64 %state_5_load_2_read, i5 6, i64 %state_6_load_2_read, i5 7, i64 %state_7_load_2_read, i5 8, i64 %state_8_load_2_read, i5 9, i64 %state_9_load_2_read, i5 10, i64 %state_10_load_2_read, i5 11, i64 %state_11_load_2_read, i5 12, i64 %state_12_load_2_read, i5 13, i64 %state_13_load_2_read, i5 14, i64 %state_14_load_2_read, i5 15, i64 %state_15_load_2_read, i5 16, i64 %state_16_load_2_read, i5 17, i64 %state_17_load_2_read, i5 18, i64 %state_18_load_2_read, i5 19, i64 %state_19_load_2_read, i5 20, i64 %state_20_load_2_read, i5 21, i64 %state_21_load_2_read, i5 22, i64 %state_22_load_2_read, i5 23, i64 %state_23_load_2_read, i5 24, i64 %state_24_load_2_read, i64 0, i5 %trunc_ln348" [keccak.cpp:351]   --->   Operation 47 'sparsemux' 'p_0' <Predicate = (!icmp_ln348)> <Delay = 0.87> <CoreInst = "BinarySparseMux_DontCare">   --->   Core 149 'BinarySparseMux_DontCare' <Latency = 0> <II = 1> <Delay = 0.87> <FuncUnit> <Opcode : 'sparsemux'> <InPorts = 2> <OutPorts = 1>
ST_2 : Operation 48 [1/1] (0.00ns)   --->   "%tmp = partselect i29 @_ssdm_op_PartSelect.i29.i32.i32.i32, i32 %output_remaining_1_load_1, i32 3, i32 31" [keccak.cpp:353]   --->   Operation 48 'partselect' 'tmp' <Predicate = (!icmp_ln348)> <Delay = 0.00>
ST_2 : Operation 49 [1/1] (0.98ns)   --->   "%icmp_ln353 = icmp_sgt  i29 %tmp, i29 0" [keccak.cpp:353]   --->   Operation 49 'icmp' 'icmp_ln353' <Predicate = (!icmp_ln348)> <Delay = 0.98> <CoreInst = "Cmp">   --->   Core 9 'Cmp' <Latency = 0> <II = 1> <Delay = 0.98> <FuncUnit> <Opcode : 'seteq' 'setne' 'setle' 'setge' 'setlt' 'setgt'> <InPorts = 2> <OutPorts = 1>
ST_2 : Operation 50 [1/1] (0.44ns)   --->   "%bytes_out = select i1 %icmp_ln353, i32 8, i32 %output_remaining_1_load_1" [keccak.cpp:353]   --->   Operation 50 'select' 'bytes_out' <Predicate = (!icmp_ln348)> <Delay = 0.44> <CoreInst = "Sel">   --->   Core 73 'Sel' <Latency = 0> <II = 1> <Delay = 0.44> <FuncUnit> <Opcode : 'select'> <InPorts = 3> <OutPorts = 1>
ST_2 : Operation 51 [1/1] (1.01ns)   --->   "%output_remaining_2 = sub i32 %output_remaining_1_load_1, i32 %bytes_out" [keccak.cpp:354]   --->   Operation 51 'sub' 'output_remaining_2' <Predicate = (!icmp_ln348)> <Delay = 1.01> <CoreInst = "Adder">   --->   Core 1 'Adder' <Latency = 0> <II = 1> <Delay = 1.01> <FuncUnit> <Opcode : 'add' 'sub'> <InPorts = 2> <OutPorts = 1>
ST_2 : Operation 52 [1/1] (1.38ns)   --->   "%shl_ln357 = shl i32 1, i32 %bytes_out" [keccak.cpp:357]   --->   Operation 52 'shl' 'shl_ln357' <Predicate = (!icmp_ln348)> <Delay = 1.38> <CoreInst = "Shifter">   --->   Core 75 'Shifter' <Latency = 0> <II = 1> <Delay = 1.38> <FuncUnit> <Opcode : 'shl' 'lshr' 'ashr'> <InPorts = 2> <OutPorts = 1>
ST_2 : Operation 53 [1/1] (0.00ns)   --->   "%trunc_ln357 = trunc i32 %shl_ln357" [keccak.cpp:357]   --->   Operation 53 'trunc' 'trunc_ln357' <Predicate = (!icmp_ln348)> <Delay = 0.00>
ST_2 : Operation 54 [1/1] (0.42ns)   --->   "%store_ln348 = store i6 %add_ln348, i6 %i" [keccak.cpp:348]   --->   Operation 54 'store' 'store_ln348' <Predicate = (!icmp_ln348)> <Delay = 0.42>
ST_2 : Operation 55 [1/1] (0.42ns)   --->   "%store_ln337 = store i32 %output_remaining_2, i32 %output_remaining_1" [keccak.cpp:337]   --->   Operation 55 'store' 'store_ln337' <Predicate = (!icmp_ln348)> <Delay = 0.42>
ST_2 : Operation 63 [1/1] (0.00ns)   --->   "%output_remaining_1_load = load i32 %output_remaining_1"   --->   Operation 63 'load' 'output_remaining_1_load' <Predicate = (icmp_ln348)> <Delay = 0.00>
ST_2 : Operation 64 [1/1] (0.00ns)   --->   "%write_ln0 = write void @_ssdm_op_Write.ap_auto.i32P0A, i32 %output_remaining_1_out, i32 %output_remaining_1_load"   --->   Operation 64 'write' 'write_ln0' <Predicate = (icmp_ln348)> <Delay = 0.00>
ST_2 : Operation 65 [1/1] (0.42ns)   --->   "%ret_ln0 = ret"   --->   Operation 65 'ret' 'ret_ln0' <Predicate = (icmp_ln348)> <Delay = 0.42>

State 3 <SV = 2> <Delay = 1.74>
ST_3 : Operation 56 [1/1] (0.00ns)   --->   "%specpipeline_ln349 = specpipeline void @_ssdm_op_SpecPipeline, i32 1, i32 0, i32 0, i32 0, i32 4294967295, void @empty_1" [keccak.cpp:349]   --->   Operation 56 'specpipeline' 'specpipeline_ln349' <Predicate = true> <Delay = 0.00>
ST_3 : Operation 57 [1/1] (0.00ns)   --->   "%specloopname_ln348 = specloopname void @_ssdm_op_SpecLoopName, void @empty_12" [keccak.cpp:348]   --->   Operation 57 'specloopname' 'specloopname_ln348' <Predicate = true> <Delay = 0.00>
ST_3 : Operation 58 [1/1] (1.01ns)   --->   "%icmp_ln356 = icmp_slt  i32 %output_remaining_2, i32 1" [keccak.cpp:356]   --->   Operation 58 'icmp' 'icmp_ln356' <Predicate = true> <Delay = 1.01> <CoreInst = "Cmp">   --->   Core 9 'Cmp' <Latency = 0> <II = 1> <Delay = 1.01> <FuncUnit> <Opcode : 'seteq' 'setne' 'setle' 'setge' 'setlt' 'setgt'> <InPorts = 2> <OutPorts = 1>
ST_3 : Operation 59 [1/1] (0.76ns)   --->   "%add_ln357 = add i8 %trunc_ln357, i8 255" [keccak.cpp:357]   --->   Operation 59 'add' 'add_ln357' <Predicate = (!icmp_ln353)> <Delay = 0.76> <CoreInst = "Adder">   --->   Core 1 'Adder' <Latency = 0> <II = 1> <Delay = 0.76> <FuncUnit> <Opcode : 'add' 'sub'> <InPorts = 2> <OutPorts = 1>
ST_3 : Operation 60 [1/1] (0.39ns)   --->   "%select_ln357 = select i1 %icmp_ln353, i8 255, i8 %add_ln357" [keccak.cpp:357]   --->   Operation 60 'select' 'select_ln357' <Predicate = true> <Delay = 0.39> <CoreInst = "Sel">   --->   Core 73 'Sel' <Latency = 0> <II = 1> <Delay = 0.39> <FuncUnit> <Opcode : 'select'> <InPorts = 3> <OutPorts = 1>
ST_3 : Operation 61 [1/1] ( I:0.59ns O:0.59ns )   --->   "%write_ln360 = write void @_ssdm_op_Write.axis.volatile.i64P0A.i8P0A.i8P0A.i1P0A, i64 %output_stream_V_data_V, i8 %output_stream_V_keep_V, i8 %output_stream_V_strb_V, i1 %output_stream_V_last_V, i64 %p_0, i8 %select_ln357, i8 %select_ln357, i1 %icmp_ln356" [keccak.cpp:360]   --->   Operation 61 'write' 'write_ln360' <Predicate = true> <Delay = 0.59> <CoreInst = "regslice">   --->   Core 147 'regslice' <Latency = 0> <II = 1> <Delay = 0.73> <Adapter> <Opcode : 'read' 'write'>
ST_3 : Operation 62 [1/1] (0.00ns)   --->   "%br_ln348 = br void %for.body61" [keccak.cpp:348]   --->   Operation 62 'br' 'br_ln348' <Predicate = true> <Delay = 0.00>


============================================================
+ Verbose Summary: Binding
============================================================
STG Binding: 
---------------- STG Properties BEGIN ----------------
- Is combinational: 0
- Is one-state seq: 0
- Is datapath-only: 0
- Is pipelined: 0
- Is top level: 0
Port [ Return ] is wired: 1; IO mode=ap_ctrl_hs:ce=0
Port [ output_remaining]:  wired=1; compound=0; hidden=0; nouse=0; global=0; static=0; extern=0; dir=0; type=0; pingpong=0; private_global=0; IO mode=ap_none:ce=0
Port [ trunc_ln6]:  wired=1; compound=0; hidden=0; nouse=0; global=0; static=0; extern=0; dir=0; type=0; pingpong=0; private_global=0; IO mode=ap_none:ce=0
Port [ state_load_2]:  wired=1; compound=0; hidden=0; nouse=0; global=0; static=0; extern=0; dir=0; type=0; pingpong=0; private_global=0; IO mode=ap_none:ce=0
Port [ state_1_load_2]:  wired=1; compound=0; hidden=0; nouse=0; global=0; static=0; extern=0; dir=0; type=0; pingpong=0; private_global=0; IO mode=ap_none:ce=0
Port [ state_2_load_2]:  wired=1; compound=0; hidden=0; nouse=0; global=0; static=0; extern=0; dir=0; type=0; pingpong=0; private_global=0; IO mode=ap_none:ce=0
Port [ state_3_load_2]:  wired=1; compound=0; hidden=0; nouse=0; global=0; static=0; extern=0; dir=0; type=0; pingpong=0; private_global=0; IO mode=ap_none:ce=0
Port [ state_4_load_2]:  wired=1; compound=0; hidden=0; nouse=0; global=0; static=0; extern=0; dir=0; type=0; pingpong=0; private_global=0; IO mode=ap_none:ce=0
Port [ state_5_load_2]:  wired=1; compound=0; hidden=0; nouse=0; global=0; static=0; extern=0; dir=0; type=0; pingpong=0; private_global=0; IO mode=ap_none:ce=0
Port [ state_6_load_2]:  wired=1; compound=0; hidden=0; nouse=0; global=0; static=0; extern=0; dir=0; type=0; pingpong=0; private_global=0; IO mode=ap_none:ce=0
Port [ state_7_load_2]:  wired=1; compound=0; hidden=0; nouse=0; global=0; static=0; extern=0; dir=0; type=0; pingpong=0; private_global=0; IO mode=ap_none:ce=0
Port [ state_8_load_2]:  wired=1; compound=0; hidden=0; nouse=0; global=0; static=0; extern=0; dir=0; type=0; pingpong=0; private_global=0; IO mode=ap_none:ce=0
Port [ state_9_load_2]:  wired=1; compound=0; hidden=0; nouse=0; global=0; static=0; extern=0; dir=0; type=0; pingpong=0; private_global=0; IO mode=ap_none:ce=0
Port [ state_10_load_2]:  wired=1; compound=0; hidden=0; nouse=0; global=0; static=0; extern=0; dir=0; type=0; pingpong=0; private_global=0; IO mode=ap_none:ce=0
Port [ state_11_load_2]:  wired=1; compound=0; hidden=0; nouse=0; global=0; static=0; extern=0; dir=0; type=0; pingpong=0; private_global=0; IO mode=ap_none:ce=0
Port [ state_12_load_2]:  wired=1; compound=0; hidden=0; nouse=0; global=0; static=0; extern=0; dir=0; type=0; pingpong=0; private_global=0; IO mode=ap_none:ce=0
Port [ state_13_load_2]:  wired=1; compound=0; hidden=0; nouse=0; global=0; static=0; extern=0; dir=0; type=0; pingpong=0; private_global=0; IO mode=ap_none:ce=0
Port [ state_14_load_2]:  wired=1; compound=0; hidden=0; nouse=0; global=0; static=0; extern=0; dir=0; type=0; pingpong=0; private_global=0; IO mode=ap_none:ce=0
Port [ state_15_load_2]:  wired=1; compound=0; hidden=0; nouse=0; global=0; static=0; extern=0; dir=0; type=0; pingpong=0; private_global=0; IO mode=ap_none:ce=0
Port [ state_16_load_2]:  wired=1; compound=0; hidden=0; nouse=0; global=0; static=0; extern=0; dir=0; type=0; pingpong=0; private_global=0; IO mode=ap_none:ce=0
Port [ state_17_load_2]:  wired=1; compound=0; hidden=0; nouse=0; global=0; static=0; extern=0; dir=0; type=0; pingpong=0; private_global=0; IO mode=ap_none:ce=0
Port [ state_18_load_2]:  wired=1; compound=0; hidden=0; nouse=0; global=0; static=0; extern=0; dir=0; type=0; pingpong=0; private_global=0; IO mode=ap_none:ce=0
Port [ state_19_load_2]:  wired=1; compound=0; hidden=0; nouse=0; global=0; static=0; extern=0; dir=0; type=0; pingpong=0; private_global=0; IO mode=ap_none:ce=0
Port [ state_20_load_2]:  wired=1; compound=0; hidden=0; nouse=0; global=0; static=0; extern=0; dir=0; type=0; pingpong=0; private_global=0; IO mode=ap_none:ce=0
Port [ state_21_load_2]:  wired=1; compound=0; hidden=0; nouse=0; global=0; static=0; extern=0; dir=0; type=0; pingpong=0; private_global=0; IO mode=ap_none:ce=0
Port [ state_22_load_2]:  wired=1; compound=0; hidden=0; nouse=0; global=0; static=0; extern=0; dir=0; type=0; pingpong=0; private_global=0; IO mode=ap_none:ce=0
Port [ state_23_load_2]:  wired=1; compound=0; hidden=0; nouse=0; global=0; static=0; extern=0; dir=0; type=0; pingpong=0; private_global=0; IO mode=ap_none:ce=0
Port [ state_24_load_2]:  wired=1; compound=0; hidden=0; nouse=0; global=0; static=0; extern=0; dir=0; type=0; pingpong=0; private_global=0; IO mode=ap_none:ce=0
Port [ output_stream_V_data_V]:  wired=1; compound=1; hidden=0; nouse=0; global=0; static=0; extern=0; dir=1; type=0; pingpong=0; private_global=0; IO mode=axis:ce=0
Port [ output_stream_V_keep_V]:  wired=1; compound=1; hidden=0; nouse=0; global=0; static=0; extern=0; dir=1; type=0; pingpong=0; private_global=0; IO mode=axis:ce=0
Port [ output_stream_V_strb_V]:  wired=1; compound=1; hidden=0; nouse=0; global=0; static=0; extern=0; dir=1; type=0; pingpong=0; private_global=0; IO mode=axis:ce=0
Port [ output_stream_V_last_V]:  wired=1; compound=1; hidden=0; nouse=0; global=0; static=0; extern=0; dir=1; type=0; pingpong=0; private_global=0; IO mode=axis:ce=0
Port [ output_remaining_1_out]:  wired=1; compound=0; hidden=0; nouse=0; global=0; static=0; extern=0; dir=1; type=0; pingpong=0; private_global=0; IO mode=ap_vld:ce=0
---------------- STG Properties END ------------------

---------------- Datapath Model BEGIN ----------------

<LifeTime>
<method=bitvector/>
output_remaining_1        (alloca             ) [ 0110]
i                         (alloca             ) [ 0110]
state_24_load_2_read      (read               ) [ 0110]
state_23_load_2_read      (read               ) [ 0110]
state_22_load_2_read      (read               ) [ 0110]
state_21_load_2_read      (read               ) [ 0110]
state_20_load_2_read      (read               ) [ 0110]
state_19_load_2_read      (read               ) [ 0110]
state_18_load_2_read      (read               ) [ 0110]
state_17_load_2_read      (read               ) [ 0110]
state_16_load_2_read      (read               ) [ 0110]
state_15_load_2_read      (read               ) [ 0110]
state_14_load_2_read      (read               ) [ 0110]
state_13_load_2_read      (read               ) [ 0110]
state_12_load_2_read      (read               ) [ 0110]
state_11_load_2_read      (read               ) [ 0110]
state_10_load_2_read      (read               ) [ 0110]
state_9_load_2_read       (read               ) [ 0110]
state_8_load_2_read       (read               ) [ 0110]
state_7_load_2_read       (read               ) [ 0110]
state_6_load_2_read       (read               ) [ 0110]
state_5_load_2_read       (read               ) [ 0110]
state_4_load_2_read       (read               ) [ 0110]
state_3_load_2_read       (read               ) [ 0110]
state_2_load_2_read       (read               ) [ 0110]
state_1_load_2_read       (read               ) [ 0110]
state_load_2_read         (read               ) [ 0110]
trunc_ln6_read            (read               ) [ 0110]
output_remaining_read     (read               ) [ 0000]
output_remaining_cast     (zext               ) [ 0000]
specaxissidechannel_ln0   (specaxissidechannel) [ 0000]
specinterface_ln0         (specinterface      ) [ 0000]
store_ln348               (store              ) [ 0000]
store_ln337               (store              ) [ 0000]
br_ln0                    (br                 ) [ 0000]
i_1                       (load               ) [ 0000]
icmp_ln348                (icmp               ) [ 0110]
speclooptripcount_ln0     (speclooptripcount  ) [ 0000]
add_ln348                 (add                ) [ 0000]
br_ln348                  (br                 ) [ 0000]
output_remaining_1_load_1 (load               ) [ 0000]
trunc_ln348               (trunc              ) [ 0000]
p_0                       (sparsemux          ) [ 0101]
tmp                       (partselect         ) [ 0000]
icmp_ln353                (icmp               ) [ 0101]
bytes_out                 (select             ) [ 0000]
output_remaining_2        (sub                ) [ 0101]
shl_ln357                 (shl                ) [ 0000]
trunc_ln357               (trunc              ) [ 0101]
store_ln348               (store              ) [ 0000]
store_ln337               (store              ) [ 0000]
specpipeline_ln349        (specpipeline       ) [ 0000]
specloopname_ln348        (specloopname       ) [ 0000]
icmp_ln356                (icmp               ) [ 0000]
add_ln357                 (add                ) [ 0000]
select_ln357              (select             ) [ 0000]
write_ln360               (write              ) [ 0000]
br_ln348                  (br                 ) [ 0000]
output_remaining_1_load   (load               ) [ 0000]
write_ln0                 (write              ) [ 0000]
ret_ln0                   (ret                ) [ 0000]
</LifeTime>

<model>

<comp_list>
<comp id="0" class="1000" name="output_remaining">
<pin_list>
<pin id="1" dir="1" index="0" bw="1" slack="0"/>
</pin_list>
<bind>
<StgValue><ssdm name="output_remaining"/></StgValue>
</bind>
</comp>

<comp id="2" class="1000" name="trunc_ln6">
<pin_list>
<pin id="3" dir="1" index="0" bw="1" slack="0"/>
</pin_list>
<bind>
<StgValue><ssdm name="trunc_ln6"/></StgValue>
</bind>
</comp>

<comp id="4" class="1000" name="state_load_2">
<pin_list>
<pin id="5" dir="1" index="0" bw="1" slack="0"/>
</pin_list>
<bind>
<StgValue><ssdm name="state_load_2"/></StgValue>
</bind>
</comp>

<comp id="6" class="1000" name="state_1_load_2">
<pin_list>
<pin id="7" dir="1" index="0" bw="1" slack="0"/>
</pin_list>
<bind>
<StgValue><ssdm name="state_1_load_2"/></StgValue>
</bind>
</comp>

<comp id="8" class="1000" name="state_2_load_2">
<pin_list>
<pin id="9" dir="1" index="0" bw="1" slack="0"/>
</pin_list>
<bind>
<StgValue><ssdm name="state_2_load_2"/></StgValue>
</bind>
</comp>

<comp id="10" class="1000" name="state_3_load_2">
<pin_list>
<pin id="11" dir="1" index="0" bw="1" slack="0"/>
</pin_list>
<bind>
<StgValue><ssdm name="state_3_load_2"/></StgValue>
</bind>
</comp>

<comp id="12" class="1000" name="state_4_load_2">
<pin_list>
<pin id="13" dir="1" index="0" bw="1" slack="0"/>
</pin_list>
<bind>
<StgValue><ssdm name="state_4_load_2"/></StgValue>
</bind>
</comp>

<comp id="14" class="1000" name="state_5_load_2">
<pin_list>
<pin id="15" dir="1" index="0" bw="1" slack="0"/>
</pin_list>
<bind>
<StgValue><ssdm name="state_5_load_2"/></StgValue>
</bind>
</comp>

<comp id="16" class="1000" name="state_6_load_2">
<pin_list>
<pin id="17" dir="1" index="0" bw="1" slack="0"/>
</pin_list>
<bind>
<StgValue><ssdm name="state_6_load_2"/></StgValue>
</bind>
</comp>

<comp id="18" class="1000" name="state_7_load_2">
<pin_list>
<pin id="19" dir="1" index="0" bw="1" slack="0"/>
</pin_list>
<bind>
<StgValue><ssdm name="state_7_load_2"/></StgValue>
</bind>
</comp>

<comp id="20" class="1000" name="state_8_load_2">
<pin_list>
<pin id="21" dir="1" index="0" bw="1" slack="0"/>
</pin_list>
<bind>
<StgValue><ssdm name="state_8_load_2"/></StgValue>
</bind>
</comp>

<comp id="22" class="1000" name="state_9_load_2">
<pin_list>
<pin id="23" dir="1" index="0" bw="1" slack="0"/>
</pin_list>
<bind>
<StgValue><ssdm name="state_9_load_2"/></StgValue>
</bind>
</comp>

<comp id="24" class="1000" name="state_10_load_2">
<pin_list>
<pin id="25" dir="1" index="0" bw="1" slack="0"/>
</pin_list>
<bind>
<StgValue><ssdm name="state_10_load_2"/></StgValue>
</bind>
</comp>

<comp id="26" class="1000" name="state_11_load_2">
<pin_list>
<pin id="27" dir="1" index="0" bw="1" slack="0"/>
</pin_list>
<bind>
<StgValue><ssdm name="state_11_load_2"/></StgValue>
</bind>
</comp>

<comp id="28" class="1000" name="state_12_load_2">
<pin_list>
<pin id="29" dir="1" index="0" bw="1" slack="0"/>
</pin_list>
<bind>
<StgValue><ssdm name="state_12_load_2"/></StgValue>
</bind>
</comp>

<comp id="30" class="1000" name="state_13_load_2">
<pin_list>
<pin id="31" dir="1" index="0" bw="1" slack="0"/>
</pin_list>
<bind>
<StgValue><ssdm name="state_13_load_2"/></StgValue>
</bind>
</comp>

<comp id="32" class="1000" name="state_14_load_2">
<pin_list>
<pin id="33" dir="1" index="0" bw="1" slack="0"/>
</pin_list>
<bind>
<StgValue><ssdm name="state_14_load_2"/></StgValue>
</bind>
</comp>

<comp id="34" class="1000" name="state_15_load_2">
<pin_list>
<pin id="35" dir="1" index="0" bw="1" slack="0"/>
</pin_list>
<bind>
<StgValue><ssdm name="state_15_load_2"/></StgValue>
</bind>
</comp>

<comp id="36" class="1000" name="state_16_load_2">
<pin_list>
<pin id="37" dir="1" index="0" bw="1" slack="0"/>
</pin_list>
<bind>
<StgValue><ssdm name="state_16_load_2"/></StgValue>
</bind>
</comp>

<comp id="38" class="1000" name="state_17_load_2">
<pin_list>
<pin id="39" dir="1" index="0" bw="1" slack="0"/>
</pin_list>
<bind>
<StgValue><ssdm name="state_17_load_2"/></StgValue>
</bind>
</comp>

<comp id="40" class="1000" name="state_18_load_2">
<pin_list>
<pin id="41" dir="1" index="0" bw="1" slack="0"/>
</pin_list>
<bind>
<StgValue><ssdm name="state_18_load_2"/></StgValue>
</bind>
</comp>

<comp id="42" class="1000" name="state_19_load_2">
<pin_list>
<pin id="43" dir="1" index="0" bw="1" slack="0"/>
</pin_list>
<bind>
<StgValue><ssdm name="state_19_load_2"/></StgValue>
</bind>
</comp>

<comp id="44" class="1000" name="state_20_load_2">
<pin_list>
<pin id="45" dir="1" index="0" bw="1" slack="0"/>
</pin_list>
<bind>
<StgValue><ssdm name="state_20_load_2"/></StgValue>
</bind>
</comp>

<comp id="46" class="1000" name="state_21_load_2">
<pin_list>
<pin id="47" dir="1" index="0" bw="1" slack="0"/>
</pin_list>
<bind>
<StgValue><ssdm name="state_21_load_2"/></StgValue>
</bind>
</comp>

<comp id="48" class="1000" name="state_22_load_2">
<pin_list>
<pin id="49" dir="1" index="0" bw="1" slack="0"/>
</pin_list>
<bind>
<StgValue><ssdm name="state_22_load_2"/></StgValue>
</bind>
</comp>

<comp id="50" class="1000" name="state_23_load_2">
<pin_list>
<pin id="51" dir="1" index="0" bw="1" slack="0"/>
</pin_list>
<bind>
<StgValue><ssdm name="state_23_load_2"/></StgValue>
</bind>
</comp>

<comp id="52" class="1000" name="state_24_load_2">
<pin_list>
<pin id="53" dir="1" index="0" bw="1" slack="0"/>
</pin_list>
<bind>
<StgValue><ssdm name="state_24_load_2"/></StgValue>
</bind>
</comp>

<comp id="54" class="1000" name="output_stream_V_data_V">
<pin_list>
<pin id="55" dir="1" index="0" bw="1" slack="0"/>
</pin_list>
<bind>
<StgValue><ssdm name="output_stream_V_data_V"/></StgValue>
</bind>
</comp>

<comp id="56" class="1000" name="output_stream_V_keep_V">
<pin_list>
<pin id="57" dir="1" index="0" bw="1" slack="0"/>
</pin_list>
<bind>
<StgValue><ssdm name="output_stream_V_keep_V"/></StgValue>
</bind>
</comp>

<comp id="58" class="1000" name="output_stream_V_strb_V">
<pin_list>
<pin id="59" dir="1" index="0" bw="1" slack="0"/>
</pin_list>
<bind>
<StgValue><ssdm name="output_stream_V_strb_V"/></StgValue>
</bind>
</comp>

<comp id="60" class="1000" name="output_stream_V_last_V">
<pin_list>
<pin id="61" dir="1" index="0" bw="1" slack="0"/>
</pin_list>
<bind>
<StgValue><ssdm name="output_stream_V_last_V"/></StgValue>
</bind>
</comp>

<comp id="62" class="1000" name="output_remaining_1_out">
<pin_list>
<pin id="63" dir="1" index="0" bw="1" slack="0"/>
</pin_list>
<bind>
<StgValue><ssdm name="output_remaining_1_out"/></StgValue>
</bind>
</comp>

<comp id="64" class="1001" name="const_64">
<pin_list>
<pin id="65" dir="1" index="0" bw="1" slack="0"/>
</pin_list>
<bind>
<StgValue><ssdm name=""/></StgValue>
</bind>
</comp>

<comp id="66" class="1001" name="const_66">
<pin_list>
<pin id="67" dir="1" index="0" bw="1" slack="0"/>
</pin_list>
<bind>
<StgValue><ssdm name="_ssdm_op_Read.ap_auto.i64"/></StgValue>
</bind>
</comp>

<comp id="68" class="1001" name="const_68">
<pin_list>
<pin id="69" dir="1" index="0" bw="1" slack="0"/>
</pin_list>
<bind>
<StgValue><ssdm name="_ssdm_op_Read.ap_auto.i6"/></StgValue>
</bind>
</comp>

<comp id="70" class="1001" name="const_70">
<pin_list>
<pin id="71" dir="1" index="0" bw="1" slack="0"/>
</pin_list>
<bind>
<StgValue><ssdm name="_ssdm_op_Read.ap_auto.i31"/></StgValue>
</bind>
</comp>

<comp id="72" class="1001" name="const_72">
<pin_list>
<pin id="73" dir="1" index="0" bw="1" slack="2147483647"/>
</pin_list>
<bind>
<StgValue><ssdm name="_ssdm_op_SpecAXISSideChannel"/></StgValue>
</bind>
</comp>

<comp id="74" class="1001" name="const_74">
<pin_list>
<pin id="75" dir="1" index="0" bw="1" slack="2147483647"/>
</pin_list>
<bind>
<StgValue><ssdm name=""/></StgValue>
</bind>
</comp>

<comp id="76" class="1001" name="const_76">
<pin_list>
<pin id="77" dir="1" index="0" bw="1" slack="2147483647"/>
</pin_list>
<bind>
<StgValue><ssdm name="empty_9"/></StgValue>
</bind>
</comp>

<comp id="78" class="1001" name="const_78">
<pin_list>
<pin id="79" dir="1" index="0" bw="1" slack="2147483647"/>
</pin_list>
<bind>
<StgValue><ssdm name="_ssdm_op_SpecInterface"/></StgValue>
</bind>
</comp>

<comp id="80" class="1001" name="const_80">
<pin_list>
<pin id="81" dir="1" index="0" bw="1" slack="2147483647"/>
</pin_list>
<bind>
<StgValue><ssdm name="empty"/></StgValue>
</bind>
</comp>

<comp id="82" class="1001" name="const_82">
<pin_list>
<pin id="83" dir="1" index="0" bw="1" slack="2147483647"/>
</pin_list>
<bind>
<StgValue><ssdm name=""/></StgValue>
</bind>
</comp>

<comp id="84" class="1001" name="const_84">
<pin_list>
<pin id="85" dir="1" index="0" bw="1" slack="2147483647"/>
</pin_list>
<bind>
<StgValue><ssdm name="empty_0"/></StgValue>
</bind>
</comp>

<comp id="86" class="1001" name="const_86">
<pin_list>
<pin id="87" dir="1" index="0" bw="1" slack="2147483647"/>
</pin_list>
<bind>
<StgValue><ssdm name="empty_1"/></StgValue>
</bind>
</comp>

<comp id="88" class="1001" name="const_88">
<pin_list>
<pin id="89" dir="1" index="0" bw="1" slack="2147483647"/>
</pin_list>
<bind>
<StgValue><ssdm name=""/></StgValue>
</bind>
</comp>

<comp id="90" class="1001" name="const_90">
<pin_list>
<pin id="91" dir="1" index="0" bw="1" slack="0"/>
</pin_list>
<bind>
<StgValue><ssdm name=""/></StgValue>
</bind>
</comp>

<comp id="92" class="1001" name="const_92">
<pin_list>
<pin id="93" dir="1" index="0" bw="1" slack="2147483647"/>
</pin_list>
<bind>
<StgValue><ssdm name="_ssdm_op_SpecLoopTripCount"/></StgValue>
</bind>
</comp>

<comp id="94" class="1001" name="const_94">
<pin_list>
<pin id="95" dir="1" index="0" bw="1" slack="2147483647"/>
</pin_list>
<bind>
<StgValue><ssdm name=""/></StgValue>
</bind>
</comp>

<comp id="96" class="1001" name="const_96">
<pin_list>
<pin id="97" dir="1" index="0" bw="1" slack="2147483647"/>
</pin_list>
<bind>
<StgValue><ssdm name=""/></StgValue>
</bind>
</comp>

<comp id="98" class="1001" name="const_98">
<pin_list>
<pin id="99" dir="1" index="0" bw="1" slack="0"/>
</pin_list>
<bind>
<StgValue><ssdm name=""/></StgValue>
</bind>
</comp>

<comp id="100" class="1001" name="const_100">
<pin_list>
<pin id="101" dir="1" index="0" bw="1" slack="0"/>
</pin_list>
<bind>
<StgValue><ssdm name="_ssdm_op_SparseMux.ap_auto.25i64.i64.i5"/></StgValue>
</bind>
</comp>

<comp id="102" class="1001" name="const_102">
<pin_list>
<pin id="103" dir="1" index="0" bw="1" slack="0"/>
</pin_list>
<bind>
<StgValue><ssdm name=""/></StgValue>
</bind>
</comp>

<comp id="104" class="1001" name="const_104">
<pin_list>
<pin id="105" dir="1" index="0" bw="1" slack="0"/>
</pin_list>
<bind>
<StgValue><ssdm name=""/></StgValue>
</bind>
</comp>

<comp id="106" class="1001" name="const_106">
<pin_list>
<pin id="107" dir="1" index="0" bw="1" slack="0"/>
</pin_list>
<bind>
<StgValue><ssdm name=""/></StgValue>
</bind>
</comp>

<comp id="108" class="1001" name="const_108">
<pin_list>
<pin id="109" dir="1" index="0" bw="1" slack="0"/>
</pin_list>
<bind>
<StgValue><ssdm name=""/></StgValue>
</bind>
</comp>

<comp id="110" class="1001" name="const_110">
<pin_list>
<pin id="111" dir="1" index="0" bw="1" slack="0"/>
</pin_list>
<bind>
<StgValue><ssdm name=""/></StgValue>
</bind>
</comp>

<comp id="112" class="1001" name="const_112">
<pin_list>
<pin id="113" dir="1" index="0" bw="1" slack="0"/>
</pin_list>
<bind>
<StgValue><ssdm name=""/></StgValue>
</bind>
</comp>

<comp id="114" class="1001" name="const_114">
<pin_list>
<pin id="115" dir="1" index="0" bw="1" slack="0"/>
</pin_list>
<bind>
<StgValue><ssdm name=""/></StgValue>
</bind>
</comp>

<comp id="116" class="1001" name="const_116">
<pin_list>
<pin id="117" dir="1" index="0" bw="1" slack="0"/>
</pin_list>
<bind>
<StgValue><ssdm name=""/></StgValue>
</bind>
</comp>

<comp id="118" class="1001" name="const_118">
<pin_list>
<pin id="119" dir="1" index="0" bw="1" slack="0"/>
</pin_list>
<bind>
<StgValue><ssdm name=""/></StgValue>
</bind>
</comp>

<comp id="120" class="1001" name="const_120">
<pin_list>
<pin id="121" dir="1" index="0" bw="1" slack="0"/>
</pin_list>
<bind>
<StgValue><ssdm name=""/></StgValue>
</bind>
</comp>

<comp id="122" class="1001" name="const_122">
<pin_list>
<pin id="123" dir="1" index="0" bw="1" slack="0"/>
</pin_list>
<bind>
<StgValue><ssdm name=""/></StgValue>
</bind>
</comp>

<comp id="124" class="1001" name="const_124">
<pin_list>
<pin id="125" dir="1" index="0" bw="1" slack="0"/>
</pin_list>
<bind>
<StgValue><ssdm name=""/></StgValue>
</bind>
</comp>

<comp id="126" class="1001" name="const_126">
<pin_list>
<pin id="127" dir="1" index="0" bw="1" slack="0"/>
</pin_list>
<bind>
<StgValue><ssdm name=""/></StgValue>
</bind>
</comp>

<comp id="128" class="1001" name="const_128">
<pin_list>
<pin id="129" dir="1" index="0" bw="1" slack="0"/>
</pin_list>
<bind>
<StgValue><ssdm name=""/></StgValue>
</bind>
</comp>

<comp id="130" class="1001" name="const_130">
<pin_list>
<pin id="131" dir="1" index="0" bw="1" slack="0"/>
</pin_list>
<bind>
<StgValue><ssdm name=""/></StgValue>
</bind>
</comp>

<comp id="132" class="1001" name="const_132">
<pin_list>
<pin id="133" dir="1" index="0" bw="1" slack="0"/>
</pin_list>
<bind>
<StgValue><ssdm name=""/></StgValue>
</bind>
</comp>

<comp id="134" class="1001" name="const_134">
<pin_list>
<pin id="135" dir="1" index="0" bw="1" slack="0"/>
</pin_list>
<bind>
<StgValue><ssdm name=""/></StgValue>
</bind>
</comp>

<comp id="136" class="1001" name="const_136">
<pin_list>
<pin id="137" dir="1" index="0" bw="1" slack="0"/>
</pin_list>
<bind>
<StgValue><ssdm name=""/></StgValue>
</bind>
</comp>

<comp id="138" class="1001" name="const_138">
<pin_list>
<pin id="139" dir="1" index="0" bw="1" slack="0"/>
</pin_list>
<bind>
<StgValue><ssdm name=""/></StgValue>
</bind>
</comp>

<comp id="140" class="1001" name="const_140">
<pin_list>
<pin id="141" dir="1" index="0" bw="1" slack="0"/>
</pin_list>
<bind>
<StgValue><ssdm name=""/></StgValue>
</bind>
</comp>

<comp id="142" class="1001" name="const_142">
<pin_list>
<pin id="143" dir="1" index="0" bw="1" slack="0"/>
</pin_list>
<bind>
<StgValue><ssdm name=""/></StgValue>
</bind>
</comp>

<comp id="144" class="1001" name="const_144">
<pin_list>
<pin id="145" dir="1" index="0" bw="1" slack="0"/>
</pin_list>
<bind>
<StgValue><ssdm name=""/></StgValue>
</bind>
</comp>

<comp id="146" class="1001" name="const_146">
<pin_list>
<pin id="147" dir="1" index="0" bw="1" slack="0"/>
</pin_list>
<bind>
<StgValue><ssdm name=""/></StgValue>
</bind>
</comp>

<comp id="148" class="1001" name="const_148">
<pin_list>
<pin id="149" dir="1" index="0" bw="1" slack="0"/>
</pin_list>
<bind>
<StgValue><ssdm name=""/></StgValue>
</bind>
</comp>

<comp id="150" class="1001" name="const_150">
<pin_list>
<pin id="151" dir="1" index="0" bw="1" slack="0"/>
</pin_list>
<bind>
<StgValue><ssdm name=""/></StgValue>
</bind>
</comp>

<comp id="152" class="1001" name="const_152">
<pin_list>
<pin id="153" dir="1" index="0" bw="1" slack="0"/>
</pin_list>
<bind>
<StgValue><ssdm name=""/></StgValue>
</bind>
</comp>

<comp id="154" class="1001" name="const_154">
<pin_list>
<pin id="155" dir="1" index="0" bw="1" slack="0"/>
</pin_list>
<bind>
<StgValue><ssdm name="_ssdm_op_PartSelect.i29.i32.i32.i32"/></StgValue>
</bind>
</comp>

<comp id="156" class="1001" name="const_156">
<pin_list>
<pin id="157" dir="1" index="0" bw="1" slack="0"/>
</pin_list>
<bind>
<StgValue><ssdm name=""/></StgValue>
</bind>
</comp>

<comp id="158" class="1001" name="const_158">
<pin_list>
<pin id="159" dir="1" index="0" bw="1" slack="0"/>
</pin_list>
<bind>
<StgValue><ssdm name=""/></StgValue>
</bind>
</comp>

<comp id="160" class="1001" name="const_160">
<pin_list>
<pin id="161" dir="1" index="0" bw="1" slack="0"/>
</pin_list>
<bind>
<StgValue><ssdm name=""/></StgValue>
</bind>
</comp>

<comp id="162" class="1001" name="const_162">
<pin_list>
<pin id="163" dir="1" index="0" bw="1" slack="0"/>
</pin_list>
<bind>
<StgValue><ssdm name=""/></StgValue>
</bind>
</comp>

<comp id="164" class="1001" name="const_164">
<pin_list>
<pin id="165" dir="1" index="0" bw="1" slack="2147483647"/>
</pin_list>
<bind>
<StgValue><ssdm name="_ssdm_op_SpecPipeline"/></StgValue>
</bind>
</comp>

<comp id="166" class="1001" name="const_166">
<pin_list>
<pin id="167" dir="1" index="0" bw="1" slack="2147483647"/>
</pin_list>
<bind>
<StgValue><ssdm name="_ssdm_op_SpecLoopName"/></StgValue>
</bind>
</comp>

<comp id="168" class="1001" name="const_168">
<pin_list>
<pin id="169" dir="1" index="0" bw="1" slack="2147483647"/>
</pin_list>
<bind>
<StgValue><ssdm name="empty_12"/></StgValue>
</bind>
</comp>

<comp id="170" class="1001" name="const_170">
<pin_list>
<pin id="171" dir="1" index="0" bw="1" slack="0"/>
</pin_list>
<bind>
<StgValue><ssdm name=""/></StgValue>
</bind>
</comp>

<comp id="172" class="1001" name="const_172">
<pin_list>
<pin id="173" dir="1" index="0" bw="1" slack="0"/>
</pin_list>
<bind>
<StgValue><ssdm name="_ssdm_op_Write.axis.volatile.i64P0A.i8P0A.i8P0A.i1P0A"/></StgValue>
</bind>
</comp>

<comp id="174" class="1001" name="const_174">
<pin_list>
<pin id="175" dir="1" index="0" bw="1" slack="0"/>
</pin_list>
<bind>
<StgValue><ssdm name="_ssdm_op_Write.ap_auto.i32P0A"/></StgValue>
</bind>
</comp>

<comp id="176" class="1004" name="output_remaining_1_fu_176">
<pin_list>
<pin id="177" dir="0" index="0" bw="1" slack="0"/>
<pin id="178" dir="1" index="1" bw="32" slack="0"/>
</pin_list>
<bind>
<opcode="alloca(26) " fcode="alloca"/>
<opset="output_remaining_1/1 "/>
</bind>
</comp>

<comp id="180" class="1004" name="i_fu_180">
<pin_list>
<pin id="181" dir="0" index="0" bw="1" slack="0"/>
<pin id="182" dir="1" index="1" bw="6" slack="0"/>
</pin_list>
<bind>
<opcode="alloca(26) " fcode="alloca"/>
<opset="i/1 "/>
</bind>
</comp>

<comp id="184" class="1004" name="state_24_load_2_read_read_fu_184">
<pin_list>
<pin id="185" dir="0" index="0" bw="64" slack="0"/>
<pin id="186" dir="0" index="1" bw="64" slack="0"/>
<pin id="187" dir="1" index="2" bw="64" slack="1"/>
</pin_list>
<bind>
<opcode="read(1150) " fcode="read"/>
<opset="state_24_load_2_read/1 "/>
</bind>
</comp>

<comp id="190" class="1004" name="state_23_load_2_read_read_fu_190">
<pin_list>
<pin id="191" dir="0" index="0" bw="64" slack="0"/>
<pin id="192" dir="0" index="1" bw="64" slack="0"/>
<pin id="193" dir="1" index="2" bw="64" slack="1"/>
</pin_list>
<bind>
<opcode="read(1150) " fcode="read"/>
<opset="state_23_load_2_read/1 "/>
</bind>
</comp>

<comp id="196" class="1004" name="state_22_load_2_read_read_fu_196">
<pin_list>
<pin id="197" dir="0" index="0" bw="64" slack="0"/>
<pin id="198" dir="0" index="1" bw="64" slack="0"/>
<pin id="199" dir="1" index="2" bw="64" slack="1"/>
</pin_list>
<bind>
<opcode="read(1150) " fcode="read"/>
<opset="state_22_load_2_read/1 "/>
</bind>
</comp>

<comp id="202" class="1004" name="state_21_load_2_read_read_fu_202">
<pin_list>
<pin id="203" dir="0" index="0" bw="64" slack="0"/>
<pin id="204" dir="0" index="1" bw="64" slack="0"/>
<pin id="205" dir="1" index="2" bw="64" slack="1"/>
</pin_list>
<bind>
<opcode="read(1150) " fcode="read"/>
<opset="state_21_load_2_read/1 "/>
</bind>
</comp>

<comp id="208" class="1004" name="state_20_load_2_read_read_fu_208">
<pin_list>
<pin id="209" dir="0" index="0" bw="64" slack="0"/>
<pin id="210" dir="0" index="1" bw="64" slack="0"/>
<pin id="211" dir="1" index="2" bw="64" slack="1"/>
</pin_list>
<bind>
<opcode="read(1150) " fcode="read"/>
<opset="state_20_load_2_read/1 "/>
</bind>
</comp>

<comp id="214" class="1004" name="state_19_load_2_read_read_fu_214">
<pin_list>
<pin id="215" dir="0" index="0" bw="64" slack="0"/>
<pin id="216" dir="0" index="1" bw="64" slack="0"/>
<pin id="217" dir="1" index="2" bw="64" slack="1"/>
</pin_list>
<bind>
<opcode="read(1150) " fcode="read"/>
<opset="state_19_load_2_read/1 "/>
</bind>
</comp>

<comp id="220" class="1004" name="state_18_load_2_read_read_fu_220">
<pin_list>
<pin id="221" dir="0" index="0" bw="64" slack="0"/>
<pin id="222" dir="0" index="1" bw="64" slack="0"/>
<pin id="223" dir="1" index="2" bw="64" slack="1"/>
</pin_list>
<bind>
<opcode="read(1150) " fcode="read"/>
<opset="state_18_load_2_read/1 "/>
</bind>
</comp>

<comp id="226" class="1004" name="state_17_load_2_read_read_fu_226">
<pin_list>
<pin id="227" dir="0" index="0" bw="64" slack="0"/>
<pin id="228" dir="0" index="1" bw="64" slack="0"/>
<pin id="229" dir="1" index="2" bw="64" slack="1"/>
</pin_list>
<bind>
<opcode="read(1150) " fcode="read"/>
<opset="state_17_load_2_read/1 "/>
</bind>
</comp>

<comp id="232" class="1004" name="state_16_load_2_read_read_fu_232">
<pin_list>
<pin id="233" dir="0" index="0" bw="64" slack="0"/>
<pin id="234" dir="0" index="1" bw="64" slack="0"/>
<pin id="235" dir="1" index="2" bw="64" slack="1"/>
</pin_list>
<bind>
<opcode="read(1150) " fcode="read"/>
<opset="state_16_load_2_read/1 "/>
</bind>
</comp>

<comp id="238" class="1004" name="state_15_load_2_read_read_fu_238">
<pin_list>
<pin id="239" dir="0" index="0" bw="64" slack="0"/>
<pin id="240" dir="0" index="1" bw="64" slack="0"/>
<pin id="241" dir="1" index="2" bw="64" slack="1"/>
</pin_list>
<bind>
<opcode="read(1150) " fcode="read"/>
<opset="state_15_load_2_read/1 "/>
</bind>
</comp>

<comp id="244" class="1004" name="state_14_load_2_read_read_fu_244">
<pin_list>
<pin id="245" dir="0" index="0" bw="64" slack="0"/>
<pin id="246" dir="0" index="1" bw="64" slack="0"/>
<pin id="247" dir="1" index="2" bw="64" slack="1"/>
</pin_list>
<bind>
<opcode="read(1150) " fcode="read"/>
<opset="state_14_load_2_read/1 "/>
</bind>
</comp>

<comp id="250" class="1004" name="state_13_load_2_read_read_fu_250">
<pin_list>
<pin id="251" dir="0" index="0" bw="64" slack="0"/>
<pin id="252" dir="0" index="1" bw="64" slack="0"/>
<pin id="253" dir="1" index="2" bw="64" slack="1"/>
</pin_list>
<bind>
<opcode="read(1150) " fcode="read"/>
<opset="state_13_load_2_read/1 "/>
</bind>
</comp>

<comp id="256" class="1004" name="state_12_load_2_read_read_fu_256">
<pin_list>
<pin id="257" dir="0" index="0" bw="64" slack="0"/>
<pin id="258" dir="0" index="1" bw="64" slack="0"/>
<pin id="259" dir="1" index="2" bw="64" slack="1"/>
</pin_list>
<bind>
<opcode="read(1150) " fcode="read"/>
<opset="state_12_load_2_read/1 "/>
</bind>
</comp>

<comp id="262" class="1004" name="state_11_load_2_read_read_fu_262">
<pin_list>
<pin id="263" dir="0" index="0" bw="64" slack="0"/>
<pin id="264" dir="0" index="1" bw="64" slack="0"/>
<pin id="265" dir="1" index="2" bw="64" slack="1"/>
</pin_list>
<bind>
<opcode="read(1150) " fcode="read"/>
<opset="state_11_load_2_read/1 "/>
</bind>
</comp>

<comp id="268" class="1004" name="state_10_load_2_read_read_fu_268">
<pin_list>
<pin id="269" dir="0" index="0" bw="64" slack="0"/>
<pin id="270" dir="0" index="1" bw="64" slack="0"/>
<pin id="271" dir="1" index="2" bw="64" slack="1"/>
</pin_list>
<bind>
<opcode="read(1150) " fcode="read"/>
<opset="state_10_load_2_read/1 "/>
</bind>
</comp>

<comp id="274" class="1004" name="state_9_load_2_read_read_fu_274">
<pin_list>
<pin id="275" dir="0" index="0" bw="64" slack="0"/>
<pin id="276" dir="0" index="1" bw="64" slack="0"/>
<pin id="277" dir="1" index="2" bw="64" slack="1"/>
</pin_list>
<bind>
<opcode="read(1150) " fcode="read"/>
<opset="state_9_load_2_read/1 "/>
</bind>
</comp>

<comp id="280" class="1004" name="state_8_load_2_read_read_fu_280">
<pin_list>
<pin id="281" dir="0" index="0" bw="64" slack="0"/>
<pin id="282" dir="0" index="1" bw="64" slack="0"/>
<pin id="283" dir="1" index="2" bw="64" slack="1"/>
</pin_list>
<bind>
<opcode="read(1150) " fcode="read"/>
<opset="state_8_load_2_read/1 "/>
</bind>
</comp>

<comp id="286" class="1004" name="state_7_load_2_read_read_fu_286">
<pin_list>
<pin id="287" dir="0" index="0" bw="64" slack="0"/>
<pin id="288" dir="0" index="1" bw="64" slack="0"/>
<pin id="289" dir="1" index="2" bw="64" slack="1"/>
</pin_list>
<bind>
<opcode="read(1150) " fcode="read"/>
<opset="state_7_load_2_read/1 "/>
</bind>
</comp>

<comp id="292" class="1004" name="state_6_load_2_read_read_fu_292">
<pin_list>
<pin id="293" dir="0" index="0" bw="64" slack="0"/>
<pin id="294" dir="0" index="1" bw="64" slack="0"/>
<pin id="295" dir="1" index="2" bw="64" slack="1"/>
</pin_list>
<bind>
<opcode="read(1150) " fcode="read"/>
<opset="state_6_load_2_read/1 "/>
</bind>
</comp>

<comp id="298" class="1004" name="state_5_load_2_read_read_fu_298">
<pin_list>
<pin id="299" dir="0" index="0" bw="64" slack="0"/>
<pin id="300" dir="0" index="1" bw="64" slack="0"/>
<pin id="301" dir="1" index="2" bw="64" slack="1"/>
</pin_list>
<bind>
<opcode="read(1150) " fcode="read"/>
<opset="state_5_load_2_read/1 "/>
</bind>
</comp>

<comp id="304" class="1004" name="state_4_load_2_read_read_fu_304">
<pin_list>
<pin id="305" dir="0" index="0" bw="64" slack="0"/>
<pin id="306" dir="0" index="1" bw="64" slack="0"/>
<pin id="307" dir="1" index="2" bw="64" slack="1"/>
</pin_list>
<bind>
<opcode="read(1150) " fcode="read"/>
<opset="state_4_load_2_read/1 "/>
</bind>
</comp>

<comp id="310" class="1004" name="state_3_load_2_read_read_fu_310">
<pin_list>
<pin id="311" dir="0" index="0" bw="64" slack="0"/>
<pin id="312" dir="0" index="1" bw="64" slack="0"/>
<pin id="313" dir="1" index="2" bw="64" slack="1"/>
</pin_list>
<bind>
<opcode="read(1150) " fcode="read"/>
<opset="state_3_load_2_read/1 "/>
</bind>
</comp>

<comp id="316" class="1004" name="state_2_load_2_read_read_fu_316">
<pin_list>
<pin id="317" dir="0" index="0" bw="64" slack="0"/>
<pin id="318" dir="0" index="1" bw="64" slack="0"/>
<pin id="319" dir="1" index="2" bw="64" slack="1"/>
</pin_list>
<bind>
<opcode="read(1150) " fcode="read"/>
<opset="state_2_load_2_read/1 "/>
</bind>
</comp>

<comp id="322" class="1004" name="state_1_load_2_read_read_fu_322">
<pin_list>
<pin id="323" dir="0" index="0" bw="64" slack="0"/>
<pin id="324" dir="0" index="1" bw="64" slack="0"/>
<pin id="325" dir="1" index="2" bw="64" slack="1"/>
</pin_list>
<bind>
<opcode="read(1150) " fcode="read"/>
<opset="state_1_load_2_read/1 "/>
</bind>
</comp>

<comp id="328" class="1004" name="state_load_2_read_read_fu_328">
<pin_list>
<pin id="329" dir="0" index="0" bw="64" slack="0"/>
<pin id="330" dir="0" index="1" bw="64" slack="0"/>
<pin id="331" dir="1" index="2" bw="64" slack="1"/>
</pin_list>
<bind>
<opcode="read(1150) " fcode="read"/>
<opset="state_load_2_read/1 "/>
</bind>
</comp>

<comp id="334" class="1004" name="trunc_ln6_read_read_fu_334">
<pin_list>
<pin id="335" dir="0" index="0" bw="6" slack="0"/>
<pin id="336" dir="0" index="1" bw="6" slack="0"/>
<pin id="337" dir="1" index="2" bw="6" slack="1"/>
</pin_list>
<bind>
<opcode="read(1150) " fcode="read"/>
<opset="trunc_ln6_read/1 "/>
</bind>
</comp>

<comp id="340" class="1004" name="output_remaining_read_read_fu_340">
<pin_list>
<pin id="341" dir="0" index="0" bw="31" slack="0"/>
<pin id="342" dir="0" index="1" bw="31" slack="0"/>
<pin id="343" dir="1" index="2" bw="31" slack="0"/>
</pin_list>
<bind>
<opcode="read(1150) " fcode="read"/>
<opset="output_remaining_read/1 "/>
</bind>
</comp>

<comp id="346" class="1004" name="write_ln360_write_fu_346">
<pin_list>
<pin id="347" dir="0" index="0" bw="0" slack="0"/>
<pin id="348" dir="0" index="1" bw="64" slack="0"/>
<pin id="349" dir="0" index="2" bw="8" slack="0"/>
<pin id="350" dir="0" index="3" bw="8" slack="0"/>
<pin id="351" dir="0" index="4" bw="1" slack="0"/>
<pin id="352" dir="0" index="5" bw="64" slack="1"/>
<pin id="353" dir="0" index="6" bw="8" slack="0"/>
<pin id="354" dir="0" index="7" bw="8" slack="0"/>
<pin id="355" dir="0" index="8" bw="1" slack="0"/>
<pin id="356" dir="1" index="9" bw="0" slack="2147483647"/>
</pin_list>
<bind>
<opcode="write(1151) " fcode="write"/>
<opset="write_ln360/3 "/>
</bind>
</comp>

<comp id="362" class="1004" name="write_ln0_write_fu_362">
<pin_list>
<pin id="363" dir="0" index="0" bw="0" slack="0"/>
<pin id="364" dir="0" index="1" bw="32" slack="0"/>
<pin id="365" dir="0" index="2" bw="32" slack="0"/>
<pin id="366" dir="1" index="3" bw="0" slack="2147483647"/>
</pin_list>
<bind>
<opcode="write(1151) " fcode="write"/>
<opset="write_ln0/2 "/>
</bind>
</comp>

<comp id="369" class="1004" name="output_remaining_cast_fu_369">
<pin_list>
<pin id="370" dir="0" index="0" bw="31" slack="0"/>
<pin id="371" dir="1" index="1" bw="32" slack="0"/>
</pin_list>
<bind>
<opcode="zext(34) " fcode="zext"/>
<opset="output_remaining_cast/1 "/>
</bind>
</comp>

<comp id="373" class="1004" name="store_ln348_store_fu_373">
<pin_list>
<pin id="374" dir="0" index="0" bw="1" slack="0"/>
<pin id="375" dir="0" index="1" bw="6" slack="0"/>
<pin id="376" dir="1" index="2" bw="0" slack="2147483647"/>
</pin_list>
<bind>
<opcode="store(28) " fcode="store"/>
<opset="store_ln348/1 "/>
</bind>
</comp>

<comp id="378" class="1004" name="store_ln337_store_fu_378">
<pin_list>
<pin id="379" dir="0" index="0" bw="31" slack="0"/>
<pin id="380" dir="0" index="1" bw="32" slack="0"/>
<pin id="381" dir="1" index="2" bw="0" slack="2147483647"/>
</pin_list>
<bind>
<opcode="store(28) " fcode="store"/>
<opset="store_ln337/1 "/>
</bind>
</comp>

<comp id="383" class="1004" name="i_1_load_fu_383">
<pin_list>
<pin id="384" dir="0" index="0" bw="6" slack="1"/>
<pin id="385" dir="1" index="1" bw="6" slack="0"/>
</pin_list>
<bind>
<opcode="load(27) " fcode="load"/>
<opset="i_1/2 "/>
</bind>
</comp>

<comp id="386" class="1004" name="icmp_ln348_fu_386">
<pin_list>
<pin id="387" dir="0" index="0" bw="6" slack="0"/>
<pin id="388" dir="0" index="1" bw="6" slack="1"/>
<pin id="389" dir="1" index="2" bw="1" slack="2147483647"/>
</pin_list>
<bind>
<opcode="icmp(45) " fcode="icmp"/>
<opset="icmp_ln348/2 "/>
</bind>
</comp>

<comp id="391" class="1004" name="add_ln348_fu_391">
<pin_list>
<pin id="392" dir="0" index="0" bw="6" slack="0"/>
<pin id="393" dir="0" index="1" bw="1" slack="0"/>
<pin id="394" dir="1" index="2" bw="6" slack="0"/>
</pin_list>
<bind>
<opcode="add(8) " fcode="add"/>
<opset="add_ln348/2 "/>
</bind>
</comp>

<comp id="397" class="1004" name="output_remaining_1_load_1_load_fu_397">
<pin_list>
<pin id="398" dir="0" index="0" bw="32" slack="1"/>
<pin id="399" dir="1" index="1" bw="32" slack="0"/>
</pin_list>
<bind>
<opcode="load(27) " fcode="load"/>
<opset="output_remaining_1_load_1/2 "/>
</bind>
</comp>

<comp id="400" class="1004" name="trunc_ln348_fu_400">
<pin_list>
<pin id="401" dir="0" index="0" bw="6" slack="0"/>
<pin id="402" dir="1" index="1" bw="5" slack="0"/>
</pin_list>
<bind>
<opcode="trunc(33) " fcode="trunc"/>
<opset="trunc_ln348/2 "/>
</bind>
</comp>

<comp id="404" class="1004" name="p_0_fu_404">
<pin_list>
<pin id="405" dir="0" index="0" bw="64" slack="0"/>
<pin id="406" dir="0" index="1" bw="5" slack="0"/>
<pin id="407" dir="0" index="2" bw="64" slack="1"/>
<pin id="408" dir="0" index="3" bw="5" slack="0"/>
<pin id="409" dir="0" index="4" bw="64" slack="1"/>
<pin id="410" dir="0" index="5" bw="5" slack="0"/>
<pin id="411" dir="0" index="6" bw="64" slack="1"/>
<pin id="412" dir="0" index="7" bw="5" slack="0"/>
<pin id="413" dir="0" index="8" bw="64" slack="1"/>
<pin id="414" dir="0" index="9" bw="5" slack="0"/>
<pin id="415" dir="0" index="10" bw="64" slack="1"/>
<pin id="416" dir="0" index="11" bw="5" slack="0"/>
<pin id="417" dir="0" index="12" bw="64" slack="1"/>
<pin id="418" dir="0" index="13" bw="5" slack="0"/>
<pin id="419" dir="0" index="14" bw="64" slack="1"/>
<pin id="420" dir="0" index="15" bw="5" slack="0"/>
<pin id="421" dir="0" index="16" bw="64" slack="1"/>
<pin id="422" dir="0" index="17" bw="5" slack="0"/>
<pin id="423" dir="0" index="18" bw="64" slack="1"/>
<pin id="424" dir="0" index="19" bw="5" slack="0"/>
<pin id="425" dir="0" index="20" bw="64" slack="1"/>
<pin id="426" dir="0" index="21" bw="5" slack="0"/>
<pin id="427" dir="0" index="22" bw="64" slack="1"/>
<pin id="428" dir="0" index="23" bw="5" slack="0"/>
<pin id="429" dir="0" index="24" bw="64" slack="1"/>
<pin id="430" dir="0" index="25" bw="5" slack="0"/>
<pin id="431" dir="0" index="26" bw="64" slack="1"/>
<pin id="432" dir="0" index="27" bw="5" slack="0"/>
<pin id="433" dir="0" index="28" bw="64" slack="1"/>
<pin id="434" dir="0" index="29" bw="5" slack="0"/>
<pin id="435" dir="0" index="30" bw="64" slack="1"/>
<pin id="436" dir="0" index="31" bw="5" slack="0"/>
<pin id="437" dir="0" index="32" bw="64" slack="1"/>
<pin id="438" dir="0" index="33" bw="5" slack="0"/>
<pin id="439" dir="0" index="34" bw="64" slack="1"/>
<pin id="440" dir="0" index="35" bw="5" slack="0"/>
<pin id="441" dir="0" index="36" bw="64" slack="1"/>
<pin id="442" dir="0" index="37" bw="5" slack="0"/>
<pin id="443" dir="0" index="38" bw="64" slack="1"/>
<pin id="444" dir="0" index="39" bw="5" slack="0"/>
<pin id="445" dir="0" index="40" bw="64" slack="1"/>
<pin id="446" dir="0" index="41" bw="5" slack="0"/>
<pin id="447" dir="0" index="42" bw="64" slack="1"/>
<pin id="448" dir="0" index="43" bw="5" slack="0"/>
<pin id="449" dir="0" index="44" bw="64" slack="1"/>
<pin id="450" dir="0" index="45" bw="5" slack="0"/>
<pin id="451" dir="0" index="46" bw="64" slack="1"/>
<pin id="452" dir="0" index="47" bw="5" slack="0"/>
<pin id="453" dir="0" index="48" bw="64" slack="1"/>
<pin id="454" dir="0" index="49" bw="5" slack="0"/>
<pin id="455" dir="0" index="50" bw="64" slack="1"/>
<pin id="456" dir="0" index="51" bw="64" slack="0"/>
<pin id="457" dir="0" index="52" bw="5" slack="0"/>
<pin id="458" dir="1" index="53" bw="64" slack="1"/>
</pin_list>
<bind>
<opcode="sparsemux(1197) " fcode="sparsemux"/>
<opset="p_0/2 "/>
</bind>
</comp>

<comp id="487" class="1004" name="tmp_fu_487">
<pin_list>
<pin id="488" dir="0" index="0" bw="29" slack="0"/>
<pin id="489" dir="0" index="1" bw="32" slack="0"/>
<pin id="490" dir="0" index="2" bw="3" slack="0"/>
<pin id="491" dir="0" index="3" bw="6" slack="0"/>
<pin id="492" dir="1" index="4" bw="29" slack="0"/>
</pin_list>
<bind>
<opcode="partselect(1002) " fcode="partselect"/>
<opset="tmp/2 "/>
</bind>
</comp>

<comp id="497" class="1004" name="icmp_ln353_fu_497">
<pin_list>
<pin id="498" dir="0" index="0" bw="29" slack="0"/>
<pin id="499" dir="0" index="1" bw="1" slack="0"/>
<pin id="500" dir="1" index="2" bw="1" slack="0"/>
</pin_list>
<bind>
<opcode="icmp(45) " fcode="icmp"/>
<opset="icmp_ln353/2 "/>
</bind>
</comp>

<comp id="503" class="1004" name="bytes_out_fu_503">
<pin_list>
<pin id="504" dir="0" index="0" bw="1" slack="0"/>
<pin id="505" dir="0" index="1" bw="5" slack="0"/>
<pin id="506" dir="0" index="2" bw="32" slack="0"/>
<pin id="507" dir="1" index="3" bw="32" slack="0"/>
</pin_list>
<bind>
<opcode="select(49) " fcode="select"/>
<opset="bytes_out/2 "/>
</bind>
</comp>

<comp id="511" class="1004" name="output_remaining_2_fu_511">
<pin_list>
<pin id="512" dir="0" index="0" bw="32" slack="0"/>
<pin id="513" dir="0" index="1" bw="32" slack="0"/>
<pin id="514" dir="1" index="2" bw="32" slack="0"/>
</pin_list>
<bind>
<opcode="sub(10) " fcode="sub"/>
<opset="output_remaining_2/2 "/>
</bind>
</comp>

<comp id="517" class="1004" name="shl_ln357_fu_517">
<pin_list>
<pin id="518" dir="0" index="0" bw="1" slack="0"/>
<pin id="519" dir="0" index="1" bw="32" slack="0"/>
<pin id="520" dir="1" index="2" bw="32" slack="0"/>
</pin_list>
<bind>
<opcode="shl(20) " fcode="shl"/>
<opset="shl_ln357/2 "/>
</bind>
</comp>

<comp id="523" class="1004" name="trunc_ln357_fu_523">
<pin_list>
<pin id="524" dir="0" index="0" bw="32" slack="0"/>
<pin id="525" dir="1" index="1" bw="8" slack="1"/>
</pin_list>
<bind>
<opcode="trunc(33) " fcode="trunc"/>
<opset="trunc_ln357/2 "/>
</bind>
</comp>

<comp id="527" class="1004" name="store_ln348_store_fu_527">
<pin_list>
<pin id="528" dir="0" index="0" bw="6" slack="0"/>
<pin id="529" dir="0" index="1" bw="6" slack="1"/>
<pin id="530" dir="1" index="2" bw="0" slack="2147483647"/>
</pin_list>
<bind>
<opcode="store(28) " fcode="store"/>
<opset="store_ln348/2 "/>
</bind>
</comp>

<comp id="532" class="1004" name="store_ln337_store_fu_532">
<pin_list>
<pin id="533" dir="0" index="0" bw="32" slack="0"/>
<pin id="534" dir="0" index="1" bw="32" slack="1"/>
<pin id="535" dir="1" index="2" bw="0" slack="2147483647"/>
</pin_list>
<bind>
<opcode="store(28) " fcode="store"/>
<opset="store_ln337/2 "/>
</bind>
</comp>

<comp id="537" class="1004" name="icmp_ln356_fu_537">
<pin_list>
<pin id="538" dir="0" index="0" bw="32" slack="1"/>
<pin id="539" dir="0" index="1" bw="1" slack="0"/>
<pin id="540" dir="1" index="2" bw="1" slack="0"/>
</pin_list>
<bind>
<opcode="icmp(45) " fcode="icmp"/>
<opset="icmp_ln356/3 "/>
</bind>
</comp>

<comp id="543" class="1004" name="add_ln357_fu_543">
<pin_list>
<pin id="544" dir="0" index="0" bw="8" slack="1"/>
<pin id="545" dir="0" index="1" bw="1" slack="0"/>
<pin id="546" dir="1" index="2" bw="8" slack="0"/>
</pin_list>
<bind>
<opcode="add(8) " fcode="add"/>
<opset="add_ln357/3 "/>
</bind>
</comp>

<comp id="548" class="1004" name="select_ln357_fu_548">
<pin_list>
<pin id="549" dir="0" index="0" bw="1" slack="1"/>
<pin id="550" dir="0" index="1" bw="1" slack="0"/>
<pin id="551" dir="0" index="2" bw="8" slack="0"/>
<pin id="552" dir="1" index="3" bw="8" slack="0"/>
</pin_list>
<bind>
<opcode="select(49) " fcode="select"/>
<opset="select_ln357/3 "/>
</bind>
</comp>

<comp id="557" class="1004" name="output_remaining_1_load_load_fu_557">
<pin_list>
<pin id="558" dir="0" index="0" bw="32" slack="1"/>
<pin id="559" dir="1" index="1" bw="32" slack="0"/>
</pin_list>
<bind>
<opcode="load(27) " fcode="load"/>
<opset="output_remaining_1_load/2 "/>
</bind>
</comp>

<comp id="561" class="1005" name="output_remaining_1_reg_561">
<pin_list>
<pin id="562" dir="0" index="0" bw="32" slack="0"/>
<pin id="563" dir="1" index="1" bw="32" slack="0"/>
</pin_list>
<bind>
<opset="output_remaining_1 "/>
</bind>
</comp>

<comp id="569" class="1005" name="i_reg_569">
<pin_list>
<pin id="570" dir="0" index="0" bw="6" slack="0"/>
<pin id="571" dir="1" index="1" bw="6" slack="0"/>
</pin_list>
<bind>
<opset="i "/>
</bind>
</comp>

<comp id="576" class="1005" name="state_24_load_2_read_reg_576">
<pin_list>
<pin id="577" dir="0" index="0" bw="64" slack="1"/>
<pin id="578" dir="1" index="1" bw="64" slack="1"/>
</pin_list>
<bind>
<opset="state_24_load_2_read "/>
</bind>
</comp>

<comp id="581" class="1005" name="state_23_load_2_read_reg_581">
<pin_list>
<pin id="582" dir="0" index="0" bw="64" slack="1"/>
<pin id="583" dir="1" index="1" bw="64" slack="1"/>
</pin_list>
<bind>
<opset="state_23_load_2_read "/>
</bind>
</comp>

<comp id="586" class="1005" name="state_22_load_2_read_reg_586">
<pin_list>
<pin id="587" dir="0" index="0" bw="64" slack="1"/>
<pin id="588" dir="1" index="1" bw="64" slack="1"/>
</pin_list>
<bind>
<opset="state_22_load_2_read "/>
</bind>
</comp>

<comp id="591" class="1005" name="state_21_load_2_read_reg_591">
<pin_list>
<pin id="592" dir="0" index="0" bw="64" slack="1"/>
<pin id="593" dir="1" index="1" bw="64" slack="1"/>
</pin_list>
<bind>
<opset="state_21_load_2_read "/>
</bind>
</comp>

<comp id="596" class="1005" name="state_20_load_2_read_reg_596">
<pin_list>
<pin id="597" dir="0" index="0" bw="64" slack="1"/>
<pin id="598" dir="1" index="1" bw="64" slack="1"/>
</pin_list>
<bind>
<opset="state_20_load_2_read "/>
</bind>
</comp>

<comp id="601" class="1005" name="state_19_load_2_read_reg_601">
<pin_list>
<pin id="602" dir="0" index="0" bw="64" slack="1"/>
<pin id="603" dir="1" index="1" bw="64" slack="1"/>
</pin_list>
<bind>
<opset="state_19_load_2_read "/>
</bind>
</comp>

<comp id="606" class="1005" name="state_18_load_2_read_reg_606">
<pin_list>
<pin id="607" dir="0" index="0" bw="64" slack="1"/>
<pin id="608" dir="1" index="1" bw="64" slack="1"/>
</pin_list>
<bind>
<opset="state_18_load_2_read "/>
</bind>
</comp>

<comp id="611" class="1005" name="state_17_load_2_read_reg_611">
<pin_list>
<pin id="612" dir="0" index="0" bw="64" slack="1"/>
<pin id="613" dir="1" index="1" bw="64" slack="1"/>
</pin_list>
<bind>
<opset="state_17_load_2_read "/>
</bind>
</comp>

<comp id="616" class="1005" name="state_16_load_2_read_reg_616">
<pin_list>
<pin id="617" dir="0" index="0" bw="64" slack="1"/>
<pin id="618" dir="1" index="1" bw="64" slack="1"/>
</pin_list>
<bind>
<opset="state_16_load_2_read "/>
</bind>
</comp>

<comp id="621" class="1005" name="state_15_load_2_read_reg_621">
<pin_list>
<pin id="622" dir="0" index="0" bw="64" slack="1"/>
<pin id="623" dir="1" index="1" bw="64" slack="1"/>
</pin_list>
<bind>
<opset="state_15_load_2_read "/>
</bind>
</comp>

<comp id="626" class="1005" name="state_14_load_2_read_reg_626">
<pin_list>
<pin id="627" dir="0" index="0" bw="64" slack="1"/>
<pin id="628" dir="1" index="1" bw="64" slack="1"/>
</pin_list>
<bind>
<opset="state_14_load_2_read "/>
</bind>
</comp>

<comp id="631" class="1005" name="state_13_load_2_read_reg_631">
<pin_list>
<pin id="632" dir="0" index="0" bw="64" slack="1"/>
<pin id="633" dir="1" index="1" bw="64" slack="1"/>
</pin_list>
<bind>
<opset="state_13_load_2_read "/>
</bind>
</comp>

<comp id="636" class="1005" name="state_12_load_2_read_reg_636">
<pin_list>
<pin id="637" dir="0" index="0" bw="64" slack="1"/>
<pin id="638" dir="1" index="1" bw="64" slack="1"/>
</pin_list>
<bind>
<opset="state_12_load_2_read "/>
</bind>
</comp>

<comp id="641" class="1005" name="state_11_load_2_read_reg_641">
<pin_list>
<pin id="642" dir="0" index="0" bw="64" slack="1"/>
<pin id="643" dir="1" index="1" bw="64" slack="1"/>
</pin_list>
<bind>
<opset="state_11_load_2_read "/>
</bind>
</comp>

<comp id="646" class="1005" name="state_10_load_2_read_reg_646">
<pin_list>
<pin id="647" dir="0" index="0" bw="64" slack="1"/>
<pin id="648" dir="1" index="1" bw="64" slack="1"/>
</pin_list>
<bind>
<opset="state_10_load_2_read "/>
</bind>
</comp>

<comp id="651" class="1005" name="state_9_load_2_read_reg_651">
<pin_list>
<pin id="652" dir="0" index="0" bw="64" slack="1"/>
<pin id="653" dir="1" index="1" bw="64" slack="1"/>
</pin_list>
<bind>
<opset="state_9_load_2_read "/>
</bind>
</comp>

<comp id="656" class="1005" name="state_8_load_2_read_reg_656">
<pin_list>
<pin id="657" dir="0" index="0" bw="64" slack="1"/>
<pin id="658" dir="1" index="1" bw="64" slack="1"/>
</pin_list>
<bind>
<opset="state_8_load_2_read "/>
</bind>
</comp>

<comp id="661" class="1005" name="state_7_load_2_read_reg_661">
<pin_list>
<pin id="662" dir="0" index="0" bw="64" slack="1"/>
<pin id="663" dir="1" index="1" bw="64" slack="1"/>
</pin_list>
<bind>
<opset="state_7_load_2_read "/>
</bind>
</comp>

<comp id="666" class="1005" name="state_6_load_2_read_reg_666">
<pin_list>
<pin id="667" dir="0" index="0" bw="64" slack="1"/>
<pin id="668" dir="1" index="1" bw="64" slack="1"/>
</pin_list>
<bind>
<opset="state_6_load_2_read "/>
</bind>
</comp>

<comp id="671" class="1005" name="state_5_load_2_read_reg_671">
<pin_list>
<pin id="672" dir="0" index="0" bw="64" slack="1"/>
<pin id="673" dir="1" index="1" bw="64" slack="1"/>
</pin_list>
<bind>
<opset="state_5_load_2_read "/>
</bind>
</comp>

<comp id="676" class="1005" name="state_4_load_2_read_reg_676">
<pin_list>
<pin id="677" dir="0" index="0" bw="64" slack="1"/>
<pin id="678" dir="1" index="1" bw="64" slack="1"/>
</pin_list>
<bind>
<opset="state_4_load_2_read "/>
</bind>
</comp>

<comp id="681" class="1005" name="state_3_load_2_read_reg_681">
<pin_list>
<pin id="682" dir="0" index="0" bw="64" slack="1"/>
<pin id="683" dir="1" index="1" bw="64" slack="1"/>
</pin_list>
<bind>
<opset="state_3_load_2_read "/>
</bind>
</comp>

<comp id="686" class="1005" name="state_2_load_2_read_reg_686">
<pin_list>
<pin id="687" dir="0" index="0" bw="64" slack="1"/>
<pin id="688" dir="1" index="1" bw="64" slack="1"/>
</pin_list>
<bind>
<opset="state_2_load_2_read "/>
</bind>
</comp>

<comp id="691" class="1005" name="state_1_load_2_read_reg_691">
<pin_list>
<pin id="692" dir="0" index="0" bw="64" slack="1"/>
<pin id="693" dir="1" index="1" bw="64" slack="1"/>
</pin_list>
<bind>
<opset="state_1_load_2_read "/>
</bind>
</comp>

<comp id="696" class="1005" name="state_load_2_read_reg_696">
<pin_list>
<pin id="697" dir="0" index="0" bw="64" slack="1"/>
<pin id="698" dir="1" index="1" bw="64" slack="1"/>
</pin_list>
<bind>
<opset="state_load_2_read "/>
</bind>
</comp>

<comp id="701" class="1005" name="trunc_ln6_read_reg_701">
<pin_list>
<pin id="702" dir="0" index="0" bw="6" slack="1"/>
<pin id="703" dir="1" index="1" bw="6" slack="1"/>
</pin_list>
<bind>
<opset="trunc_ln6_read "/>
</bind>
</comp>

<comp id="709" class="1005" name="p_0_reg_709">
<pin_list>
<pin id="710" dir="0" index="0" bw="64" slack="1"/>
<pin id="711" dir="1" index="1" bw="64" slack="1"/>
</pin_list>
<bind>
<opset="p_0 "/>
</bind>
</comp>

<comp id="714" class="1005" name="icmp_ln353_reg_714">
<pin_list>
<pin id="715" dir="0" index="0" bw="1" slack="1"/>
<pin id="716" dir="1" index="1" bw="1" slack="1"/>
</pin_list>
<bind>
<opset="icmp_ln353 "/>
</bind>
</comp>

<comp id="719" class="1005" name="output_remaining_2_reg_719">
<pin_list>
<pin id="720" dir="0" index="0" bw="32" slack="1"/>
<pin id="721" dir="1" index="1" bw="32" slack="1"/>
</pin_list>
<bind>
<opset="output_remaining_2 "/>
</bind>
</comp>

<comp id="724" class="1005" name="trunc_ln357_reg_724">
<pin_list>
<pin id="725" dir="0" index="0" bw="8" slack="1"/>
<pin id="726" dir="1" index="1" bw="8" slack="1"/>
</pin_list>
<bind>
<opset="trunc_ln357 "/>
</bind>
</comp>

</comp_list>

<net_list>
<net id="179"><net_src comp="64" pin="0"/><net_sink comp="176" pin=0"/></net>

<net id="183"><net_src comp="64" pin="0"/><net_sink comp="180" pin=0"/></net>

<net id="188"><net_src comp="66" pin="0"/><net_sink comp="184" pin=0"/></net>

<net id="189"><net_src comp="52" pin="0"/><net_sink comp="184" pin=1"/></net>

<net id="194"><net_src comp="66" pin="0"/><net_sink comp="190" pin=0"/></net>

<net id="195"><net_src comp="50" pin="0"/><net_sink comp="190" pin=1"/></net>

<net id="200"><net_src comp="66" pin="0"/><net_sink comp="196" pin=0"/></net>

<net id="201"><net_src comp="48" pin="0"/><net_sink comp="196" pin=1"/></net>

<net id="206"><net_src comp="66" pin="0"/><net_sink comp="202" pin=0"/></net>

<net id="207"><net_src comp="46" pin="0"/><net_sink comp="202" pin=1"/></net>

<net id="212"><net_src comp="66" pin="0"/><net_sink comp="208" pin=0"/></net>

<net id="213"><net_src comp="44" pin="0"/><net_sink comp="208" pin=1"/></net>

<net id="218"><net_src comp="66" pin="0"/><net_sink comp="214" pin=0"/></net>

<net id="219"><net_src comp="42" pin="0"/><net_sink comp="214" pin=1"/></net>

<net id="224"><net_src comp="66" pin="0"/><net_sink comp="220" pin=0"/></net>

<net id="225"><net_src comp="40" pin="0"/><net_sink comp="220" pin=1"/></net>

<net id="230"><net_src comp="66" pin="0"/><net_sink comp="226" pin=0"/></net>

<net id="231"><net_src comp="38" pin="0"/><net_sink comp="226" pin=1"/></net>

<net id="236"><net_src comp="66" pin="0"/><net_sink comp="232" pin=0"/></net>

<net id="237"><net_src comp="36" pin="0"/><net_sink comp="232" pin=1"/></net>

<net id="242"><net_src comp="66" pin="0"/><net_sink comp="238" pin=0"/></net>

<net id="243"><net_src comp="34" pin="0"/><net_sink comp="238" pin=1"/></net>

<net id="248"><net_src comp="66" pin="0"/><net_sink comp="244" pin=0"/></net>

<net id="249"><net_src comp="32" pin="0"/><net_sink comp="244" pin=1"/></net>

<net id="254"><net_src comp="66" pin="0"/><net_sink comp="250" pin=0"/></net>

<net id="255"><net_src comp="30" pin="0"/><net_sink comp="250" pin=1"/></net>

<net id="260"><net_src comp="66" pin="0"/><net_sink comp="256" pin=0"/></net>

<net id="261"><net_src comp="28" pin="0"/><net_sink comp="256" pin=1"/></net>

<net id="266"><net_src comp="66" pin="0"/><net_sink comp="262" pin=0"/></net>

<net id="267"><net_src comp="26" pin="0"/><net_sink comp="262" pin=1"/></net>

<net id="272"><net_src comp="66" pin="0"/><net_sink comp="268" pin=0"/></net>

<net id="273"><net_src comp="24" pin="0"/><net_sink comp="268" pin=1"/></net>

<net id="278"><net_src comp="66" pin="0"/><net_sink comp="274" pin=0"/></net>

<net id="279"><net_src comp="22" pin="0"/><net_sink comp="274" pin=1"/></net>

<net id="284"><net_src comp="66" pin="0"/><net_sink comp="280" pin=0"/></net>

<net id="285"><net_src comp="20" pin="0"/><net_sink comp="280" pin=1"/></net>

<net id="290"><net_src comp="66" pin="0"/><net_sink comp="286" pin=0"/></net>

<net id="291"><net_src comp="18" pin="0"/><net_sink comp="286" pin=1"/></net>

<net id="296"><net_src comp="66" pin="0"/><net_sink comp="292" pin=0"/></net>

<net id="297"><net_src comp="16" pin="0"/><net_sink comp="292" pin=1"/></net>

<net id="302"><net_src comp="66" pin="0"/><net_sink comp="298" pin=0"/></net>

<net id="303"><net_src comp="14" pin="0"/><net_sink comp="298" pin=1"/></net>

<net id="308"><net_src comp="66" pin="0"/><net_sink comp="304" pin=0"/></net>

<net id="309"><net_src comp="12" pin="0"/><net_sink comp="304" pin=1"/></net>

<net id="314"><net_src comp="66" pin="0"/><net_sink comp="310" pin=0"/></net>

<net id="315"><net_src comp="10" pin="0"/><net_sink comp="310" pin=1"/></net>

<net id="320"><net_src comp="66" pin="0"/><net_sink comp="316" pin=0"/></net>

<net id="321"><net_src comp="8" pin="0"/><net_sink comp="316" pin=1"/></net>

<net id="326"><net_src comp="66" pin="0"/><net_sink comp="322" pin=0"/></net>

<net id="327"><net_src comp="6" pin="0"/><net_sink comp="322" pin=1"/></net>

<net id="332"><net_src comp="66" pin="0"/><net_sink comp="328" pin=0"/></net>

<net id="333"><net_src comp="4" pin="0"/><net_sink comp="328" pin=1"/></net>

<net id="338"><net_src comp="68" pin="0"/><net_sink comp="334" pin=0"/></net>

<net id="339"><net_src comp="2" pin="0"/><net_sink comp="334" pin=1"/></net>

<net id="344"><net_src comp="70" pin="0"/><net_sink comp="340" pin=0"/></net>

<net id="345"><net_src comp="0" pin="0"/><net_sink comp="340" pin=1"/></net>

<net id="357"><net_src comp="172" pin="0"/><net_sink comp="346" pin=0"/></net>

<net id="358"><net_src comp="54" pin="0"/><net_sink comp="346" pin=1"/></net>

<net id="359"><net_src comp="56" pin="0"/><net_sink comp="346" pin=2"/></net>

<net id="360"><net_src comp="58" pin="0"/><net_sink comp="346" pin=3"/></net>

<net id="361"><net_src comp="60" pin="0"/><net_sink comp="346" pin=4"/></net>

<net id="367"><net_src comp="174" pin="0"/><net_sink comp="362" pin=0"/></net>

<net id="368"><net_src comp="62" pin="0"/><net_sink comp="362" pin=1"/></net>

<net id="372"><net_src comp="340" pin="2"/><net_sink comp="369" pin=0"/></net>

<net id="377"><net_src comp="90" pin="0"/><net_sink comp="373" pin=0"/></net>

<net id="382"><net_src comp="369" pin="1"/><net_sink comp="378" pin=0"/></net>

<net id="390"><net_src comp="383" pin="1"/><net_sink comp="386" pin=0"/></net>

<net id="395"><net_src comp="383" pin="1"/><net_sink comp="391" pin=0"/></net>

<net id="396"><net_src comp="98" pin="0"/><net_sink comp="391" pin=1"/></net>

<net id="403"><net_src comp="383" pin="1"/><net_sink comp="400" pin=0"/></net>

<net id="459"><net_src comp="100" pin="0"/><net_sink comp="404" pin=0"/></net>

<net id="460"><net_src comp="102" pin="0"/><net_sink comp="404" pin=1"/></net>

<net id="461"><net_src comp="104" pin="0"/><net_sink comp="404" pin=3"/></net>

<net id="462"><net_src comp="106" pin="0"/><net_sink comp="404" pin=5"/></net>

<net id="463"><net_src comp="108" pin="0"/><net_sink comp="404" pin=7"/></net>

<net id="464"><net_src comp="110" pin="0"/><net_sink comp="404" pin=9"/></net>

<net id="465"><net_src comp="112" pin="0"/><net_sink comp="404" pin=11"/></net>

<net id="466"><net_src comp="114" pin="0"/><net_sink comp="404" pin=13"/></net>

<net id="467"><net_src comp="116" pin="0"/><net_sink comp="404" pin=15"/></net>

<net id="468"><net_src comp="118" pin="0"/><net_sink comp="404" pin=17"/></net>

<net id="469"><net_src comp="120" pin="0"/><net_sink comp="404" pin=19"/></net>

<net id="470"><net_src comp="122" pin="0"/><net_sink comp="404" pin=21"/></net>

<net id="471"><net_src comp="124" pin="0"/><net_sink comp="404" pin=23"/></net>

<net id="472"><net_src comp="126" pin="0"/><net_sink comp="404" pin=25"/></net>

<net id="473"><net_src comp="128" pin="0"/><net_sink comp="404" pin=27"/></net>

<net id="474"><net_src comp="130" pin="0"/><net_sink comp="404" pin=29"/></net>

<net id="475"><net_src comp="132" pin="0"/><net_sink comp="404" pin=31"/></net>

<net id="476"><net_src comp="134" pin="0"/><net_sink comp="404" pin=33"/></net>

<net id="477"><net_src comp="136" pin="0"/><net_sink comp="404" pin=35"/></net>

<net id="478"><net_src comp="138" pin="0"/><net_sink comp="404" pin=37"/></net>

<net id="479"><net_src comp="140" pin="0"/><net_sink comp="404" pin=39"/></net>

<net id="480"><net_src comp="142" pin="0"/><net_sink comp="404" pin=41"/></net>

<net id="481"><net_src comp="144" pin="0"/><net_sink comp="404" pin=43"/></net>

<net id="482"><net_src comp="146" pin="0"/><net_sink comp="404" pin=45"/></net>

<net id="483"><net_src comp="148" pin="0"/><net_sink comp="404" pin=47"/></net>

<net id="484"><net_src comp="150" pin="0"/><net_sink comp="404" pin=49"/></net>

<net id="485"><net_src comp="152" pin="0"/><net_sink comp="404" pin=51"/></net>

<net id="486"><net_src comp="400" pin="1"/><net_sink comp="404" pin=52"/></net>

<net id="493"><net_src comp="154" pin="0"/><net_sink comp="487" pin=0"/></net>

<net id="494"><net_src comp="397" pin="1"/><net_sink comp="487" pin=1"/></net>

<net id="495"><net_src comp="156" pin="0"/><net_sink comp="487" pin=2"/></net>

<net id="496"><net_src comp="158" pin="0"/><net_sink comp="487" pin=3"/></net>

<net id="501"><net_src comp="487" pin="4"/><net_sink comp="497" pin=0"/></net>

<net id="502"><net_src comp="160" pin="0"/><net_sink comp="497" pin=1"/></net>

<net id="508"><net_src comp="497" pin="2"/><net_sink comp="503" pin=0"/></net>

<net id="509"><net_src comp="162" pin="0"/><net_sink comp="503" pin=1"/></net>

<net id="510"><net_src comp="397" pin="1"/><net_sink comp="503" pin=2"/></net>

<net id="515"><net_src comp="397" pin="1"/><net_sink comp="511" pin=0"/></net>

<net id="516"><net_src comp="503" pin="3"/><net_sink comp="511" pin=1"/></net>

<net id="521"><net_src comp="64" pin="0"/><net_sink comp="517" pin=0"/></net>

<net id="522"><net_src comp="503" pin="3"/><net_sink comp="517" pin=1"/></net>

<net id="526"><net_src comp="517" pin="2"/><net_sink comp="523" pin=0"/></net>

<net id="531"><net_src comp="391" pin="2"/><net_sink comp="527" pin=0"/></net>

<net id="536"><net_src comp="511" pin="2"/><net_sink comp="532" pin=0"/></net>

<net id="541"><net_src comp="64" pin="0"/><net_sink comp="537" pin=1"/></net>

<net id="542"><net_src comp="537" pin="2"/><net_sink comp="346" pin=8"/></net>

<net id="547"><net_src comp="170" pin="0"/><net_sink comp="543" pin=1"/></net>

<net id="553"><net_src comp="170" pin="0"/><net_sink comp="548" pin=1"/></net>

<net id="554"><net_src comp="543" pin="2"/><net_sink comp="548" pin=2"/></net>

<net id="555"><net_src comp="548" pin="3"/><net_sink comp="346" pin=6"/></net>

<net id="556"><net_src comp="548" pin="3"/><net_sink comp="346" pin=7"/></net>

<net id="560"><net_src comp="557" pin="1"/><net_sink comp="362" pin=2"/></net>

<net id="564"><net_src comp="176" pin="1"/><net_sink comp="561" pin=0"/></net>

<net id="565"><net_src comp="561" pin="1"/><net_sink comp="378" pin=1"/></net>

<net id="566"><net_src comp="561" pin="1"/><net_sink comp="397" pin=0"/></net>

<net id="567"><net_src comp="561" pin="1"/><net_sink comp="532" pin=1"/></net>

<net id="568"><net_src comp="561" pin="1"/><net_sink comp="557" pin=0"/></net>

<net id="572"><net_src comp="180" pin="1"/><net_sink comp="569" pin=0"/></net>

<net id="573"><net_src comp="569" pin="1"/><net_sink comp="373" pin=1"/></net>

<net id="574"><net_src comp="569" pin="1"/><net_sink comp="383" pin=0"/></net>

<net id="575"><net_src comp="569" pin="1"/><net_sink comp="527" pin=1"/></net>

<net id="579"><net_src comp="184" pin="2"/><net_sink comp="576" pin=0"/></net>

<net id="580"><net_src comp="576" pin="1"/><net_sink comp="404" pin=50"/></net>

<net id="584"><net_src comp="190" pin="2"/><net_sink comp="581" pin=0"/></net>

<net id="585"><net_src comp="581" pin="1"/><net_sink comp="404" pin=48"/></net>

<net id="589"><net_src comp="196" pin="2"/><net_sink comp="586" pin=0"/></net>

<net id="590"><net_src comp="586" pin="1"/><net_sink comp="404" pin=46"/></net>

<net id="594"><net_src comp="202" pin="2"/><net_sink comp="591" pin=0"/></net>

<net id="595"><net_src comp="591" pin="1"/><net_sink comp="404" pin=44"/></net>

<net id="599"><net_src comp="208" pin="2"/><net_sink comp="596" pin=0"/></net>

<net id="600"><net_src comp="596" pin="1"/><net_sink comp="404" pin=42"/></net>

<net id="604"><net_src comp="214" pin="2"/><net_sink comp="601" pin=0"/></net>

<net id="605"><net_src comp="601" pin="1"/><net_sink comp="404" pin=40"/></net>

<net id="609"><net_src comp="220" pin="2"/><net_sink comp="606" pin=0"/></net>

<net id="610"><net_src comp="606" pin="1"/><net_sink comp="404" pin=38"/></net>

<net id="614"><net_src comp="226" pin="2"/><net_sink comp="611" pin=0"/></net>

<net id="615"><net_src comp="611" pin="1"/><net_sink comp="404" pin=36"/></net>

<net id="619"><net_src comp="232" pin="2"/><net_sink comp="616" pin=0"/></net>

<net id="620"><net_src comp="616" pin="1"/><net_sink comp="404" pin=34"/></net>

<net id="624"><net_src comp="238" pin="2"/><net_sink comp="621" pin=0"/></net>

<net id="625"><net_src comp="621" pin="1"/><net_sink comp="404" pin=32"/></net>

<net id="629"><net_src comp="244" pin="2"/><net_sink comp="626" pin=0"/></net>

<net id="630"><net_src comp="626" pin="1"/><net_sink comp="404" pin=30"/></net>

<net id="634"><net_src comp="250" pin="2"/><net_sink comp="631" pin=0"/></net>

<net id="635"><net_src comp="631" pin="1"/><net_sink comp="404" pin=28"/></net>

<net id="639"><net_src comp="256" pin="2"/><net_sink comp="636" pin=0"/></net>

<net id="640"><net_src comp="636" pin="1"/><net_sink comp="404" pin=26"/></net>

<net id="644"><net_src comp="262" pin="2"/><net_sink comp="641" pin=0"/></net>

<net id="645"><net_src comp="641" pin="1"/><net_sink comp="404" pin=24"/></net>

<net id="649"><net_src comp="268" pin="2"/><net_sink comp="646" pin=0"/></net>

<net id="650"><net_src comp="646" pin="1"/><net_sink comp="404" pin=22"/></net>

<net id="654"><net_src comp="274" pin="2"/><net_sink comp="651" pin=0"/></net>

<net id="655"><net_src comp="651" pin="1"/><net_sink comp="404" pin=20"/></net>

<net id="659"><net_src comp="280" pin="2"/><net_sink comp="656" pin=0"/></net>

<net id="660"><net_src comp="656" pin="1"/><net_sink comp="404" pin=18"/></net>

<net id="664"><net_src comp="286" pin="2"/><net_sink comp="661" pin=0"/></net>

<net id="665"><net_src comp="661" pin="1"/><net_sink comp="404" pin=16"/></net>

<net id="669"><net_src comp="292" pin="2"/><net_sink comp="666" pin=0"/></net>

<net id="670"><net_src comp="666" pin="1"/><net_sink comp="404" pin=14"/></net>

<net id="674"><net_src comp="298" pin="2"/><net_sink comp="671" pin=0"/></net>

<net id="675"><net_src comp="671" pin="1"/><net_sink comp="404" pin=12"/></net>

<net id="679"><net_src comp="304" pin="2"/><net_sink comp="676" pin=0"/></net>

<net id="680"><net_src comp="676" pin="1"/><net_sink comp="404" pin=10"/></net>

<net id="684"><net_src comp="310" pin="2"/><net_sink comp="681" pin=0"/></net>

<net id="685"><net_src comp="681" pin="1"/><net_sink comp="404" pin=8"/></net>

<net id="689"><net_src comp="316" pin="2"/><net_sink comp="686" pin=0"/></net>

<net id="690"><net_src comp="686" pin="1"/><net_sink comp="404" pin=6"/></net>

<net id="694"><net_src comp="322" pin="2"/><net_sink comp="691" pin=0"/></net>

<net id="695"><net_src comp="691" pin="1"/><net_sink comp="404" pin=4"/></net>

<net id="699"><net_src comp="328" pin="2"/><net_sink comp="696" pin=0"/></net>

<net id="700"><net_src comp="696" pin="1"/><net_sink comp="404" pin=2"/></net>

<net id="704"><net_src comp="334" pin="2"/><net_sink comp="701" pin=0"/></net>

<net id="705"><net_src comp="701" pin="1"/><net_sink comp="386" pin=1"/></net>

<net id="712"><net_src comp="404" pin="53"/><net_sink comp="709" pin=0"/></net>

<net id="713"><net_src comp="709" pin="1"/><net_sink comp="346" pin=5"/></net>

<net id="717"><net_src comp="497" pin="2"/><net_sink comp="714" pin=0"/></net>

<net id="718"><net_src comp="714" pin="1"/><net_sink comp="548" pin=0"/></net>

<net id="722"><net_src comp="511" pin="2"/><net_sink comp="719" pin=0"/></net>

<net id="723"><net_src comp="719" pin="1"/><net_sink comp="537" pin=0"/></net>

<net id="727"><net_src comp="523" pin="1"/><net_sink comp="724" pin=0"/></net>

<net id="728"><net_src comp="724" pin="1"/><net_sink comp="543" pin=0"/></net>

</net_list>

</model> 
---------------- Datapath Model END ------------------

* FSMD analyzer results:
  - Output states:
	Port: output_stream_V_data_V | {3 }
	Port: output_stream_V_keep_V | {3 }
	Port: output_stream_V_strb_V | {3 }
	Port: output_stream_V_last_V | {3 }
	Port: output_remaining_1_out | {2 }
 - Input state : 
	Port: keccak_top_Pipeline_SQUEEZE_BLOCK : output_remaining | {1 }
	Port: keccak_top_Pipeline_SQUEEZE_BLOCK : trunc_ln6 | {1 }
	Port: keccak_top_Pipeline_SQUEEZE_BLOCK : state_load_2 | {1 }
	Port: keccak_top_Pipeline_SQUEEZE_BLOCK : state_1_load_2 | {1 }
	Port: keccak_top_Pipeline_SQUEEZE_BLOCK : state_2_load_2 | {1 }
	Port: keccak_top_Pipeline_SQUEEZE_BLOCK : state_3_load_2 | {1 }
	Port: keccak_top_Pipeline_SQUEEZE_BLOCK : state_4_load_2 | {1 }
	Port: keccak_top_Pipeline_SQUEEZE_BLOCK : state_5_load_2 | {1 }
	Port: keccak_top_Pipeline_SQUEEZE_BLOCK : state_6_load_2 | {1 }
	Port: keccak_top_Pipeline_SQUEEZE_BLOCK : state_7_load_2 | {1 }
	Port: keccak_top_Pipeline_SQUEEZE_BLOCK : state_8_load_2 | {1 }
	Port: keccak_top_Pipeline_SQUEEZE_BLOCK : state_9_load_2 | {1 }
	Port: keccak_top_Pipeline_SQUEEZE_BLOCK : state_10_load_2 | {1 }
	Port: keccak_top_Pipeline_SQUEEZE_BLOCK : state_11_load_2 | {1 }
	Port: keccak_top_Pipeline_SQUEEZE_BLOCK : state_12_load_2 | {1 }
	Port: keccak_top_Pipeline_SQUEEZE_BLOCK : state_13_load_2 | {1 }
	Port: keccak_top_Pipeline_SQUEEZE_BLOCK : state_14_load_2 | {1 }
	Port: keccak_top_Pipeline_SQUEEZE_BLOCK : state_15_load_2 | {1 }
	Port: keccak_top_Pipeline_SQUEEZE_BLOCK : state_16_load_2 | {1 }
	Port: keccak_top_Pipeline_SQUEEZE_BLOCK : state_17_load_2 | {1 }
	Port: keccak_top_Pipeline_SQUEEZE_BLOCK : state_18_load_2 | {1 }
	Port: keccak_top_Pipeline_SQUEEZE_BLOCK : state_19_load_2 | {1 }
	Port: keccak_top_Pipeline_SQUEEZE_BLOCK : state_20_load_2 | {1 }
	Port: keccak_top_Pipeline_SQUEEZE_BLOCK : state_21_load_2 | {1 }
	Port: keccak_top_Pipeline_SQUEEZE_BLOCK : state_22_load_2 | {1 }
	Port: keccak_top_Pipeline_SQUEEZE_BLOCK : state_23_load_2 | {1 }
	Port: keccak_top_Pipeline_SQUEEZE_BLOCK : state_24_load_2 | {1 }
  - Chain level:
	State 1
		store_ln348 : 1
		store_ln337 : 1
	State 2
		icmp_ln348 : 1
		add_ln348 : 1
		br_ln348 : 2
		trunc_ln348 : 1
		p_0 : 2
		tmp : 1
		icmp_ln353 : 2
		bytes_out : 3
		output_remaining_2 : 4
		shl_ln357 : 4
		trunc_ln357 : 5
		store_ln348 : 2
		store_ln337 : 5
		write_ln0 : 1
	State 3
		select_ln357 : 1
		write_ln360 : 2


============================================================
+ Verbose Summary: Datapath Resource usage 
============================================================

* Functional unit list:
|----------|-----------------------------------|---------|---------|
| Operation|          Functional Unit          |    FF   |   LUT   |
|----------|-----------------------------------|---------|---------|
| sparsemux|             p_0_fu_404            |    0    |   125   |
|----------|-----------------------------------|---------|---------|
|    shl   |          shl_ln357_fu_517         |    0    |    96   |
|----------|-----------------------------------|---------|---------|
|          |         icmp_ln348_fu_386         |    0    |    13   |
|   icmp   |         icmp_ln353_fu_497         |    0    |    36   |
|          |         icmp_ln356_fu_537         |    0    |    39   |
|----------|-----------------------------------|---------|---------|
|  select  |          bytes_out_fu_503         |    0    |    32   |
|          |        select_ln357_fu_548        |    0    |    8    |
|----------|-----------------------------------|---------|---------|
|    sub   |     output_remaining_2_fu_511     |    0    |    39   |
|----------|-----------------------------------|---------|---------|
|    add   |          add_ln348_fu_391         |    0    |    13   |
|          |          add_ln357_fu_543         |    0    |    15   |
|----------|-----------------------------------|---------|---------|
|          |  state_24_load_2_read_read_fu_184 |    0    |    0    |
|          |  state_23_load_2_read_read_fu_190 |    0    |    0    |
|          |  state_22_load_2_read_read_fu_196 |    0    |    0    |
|          |  state_21_load_2_read_read_fu_202 |    0    |    0    |
|          |  state_20_load_2_read_read_fu_208 |    0    |    0    |
|          |  state_19_load_2_read_read_fu_214 |    0    |    0    |
|          |  state_18_load_2_read_read_fu_220 |    0    |    0    |
|          |  state_17_load_2_read_read_fu_226 |    0    |    0    |
|          |  state_16_load_2_read_read_fu_232 |    0    |    0    |
|          |  state_15_load_2_read_read_fu_238 |    0    |    0    |
|          |  state_14_load_2_read_read_fu_244 |    0    |    0    |
|          |  state_13_load_2_read_read_fu_250 |    0    |    0    |
|          |  state_12_load_2_read_read_fu_256 |    0    |    0    |
|   read   |  state_11_load_2_read_read_fu_262 |    0    |    0    |
|          |  state_10_load_2_read_read_fu_268 |    0    |    0    |
|          |  state_9_load_2_read_read_fu_274  |    0    |    0    |
|          |  state_8_load_2_read_read_fu_280  |    0    |    0    |
|          |  state_7_load_2_read_read_fu_286  |    0    |    0    |
|          |  state_6_load_2_read_read_fu_292  |    0    |    0    |
|          |  state_5_load_2_read_read_fu_298  |    0    |    0    |
|          |  state_4_load_2_read_read_fu_304  |    0    |    0    |
|          |  state_3_load_2_read_read_fu_310  |    0    |    0    |
|          |  state_2_load_2_read_read_fu_316  |    0    |    0    |
|          |  state_1_load_2_read_read_fu_322  |    0    |    0    |
|          |   state_load_2_read_read_fu_328   |    0    |    0    |
|          |     trunc_ln6_read_read_fu_334    |    0    |    0    |
|          | output_remaining_read_read_fu_340 |    0    |    0    |
|----------|-----------------------------------|---------|---------|
|   write  |      write_ln360_write_fu_346     |    0    |    0    |
|          |       write_ln0_write_fu_362      |    0    |    0    |
|----------|-----------------------------------|---------|---------|
|   zext   |    output_remaining_cast_fu_369   |    0    |    0    |
|----------|-----------------------------------|---------|---------|
|   trunc  |         trunc_ln348_fu_400        |    0    |    0    |
|          |         trunc_ln357_fu_523        |    0    |    0    |
|----------|-----------------------------------|---------|---------|
|partselect|             tmp_fu_487            |    0    |    0    |
|----------|-----------------------------------|---------|---------|
|   Total  |                                   |    0    |   416   |
|----------|-----------------------------------|---------|---------|

Memories:
N/A

* Register list:
+----------------------------+--------+
|                            |   FF   |
+----------------------------+--------+
|          i_reg_569         |    6   |
|     icmp_ln353_reg_714     |    1   |
| output_remaining_1_reg_561 |   32   |
| output_remaining_2_reg_719 |   32   |
|         p_0_reg_709        |   64   |
|state_10_load_2_read_reg_646|   64   |
|state_11_load_2_read_reg_641|   64   |
|state_12_load_2_read_reg_636|   64   |
|state_13_load_2_read_reg_631|   64   |
|state_14_load_2_read_reg_626|   64   |
|state_15_load_2_read_reg_621|   64   |
|state_16_load_2_read_reg_616|   64   |
|state_17_load_2_read_reg_611|   64   |
|state_18_load_2_read_reg_606|   64   |
|state_19_load_2_read_reg_601|   64   |
| state_1_load_2_read_reg_691|   64   |
|state_20_load_2_read_reg_596|   64   |
|state_21_load_2_read_reg_591|   64   |
|state_22_load_2_read_reg_586|   64   |
|state_23_load_2_read_reg_581|   64   |
|state_24_load_2_read_reg_576|   64   |
| state_2_load_2_read_reg_686|   64   |
| state_3_load_2_read_reg_681|   64   |
| state_4_load_2_read_reg_676|   64   |
| state_5_load_2_read_reg_671|   64   |
| state_6_load_2_read_reg_666|   64   |
| state_7_load_2_read_reg_661|   64   |
| state_8_load_2_read_reg_656|   64   |
| state_9_load_2_read_reg_651|   64   |
|  state_load_2_read_reg_696 |   64   |
|     trunc_ln357_reg_724    |    8   |
|   trunc_ln6_read_reg_701   |    6   |
+----------------------------+--------+
|            Total           |  1749  |
+----------------------------+--------+

* Multiplexer (MUX) list: 
|--------|------|------|------|--------|
|  Comp  |  Pin | Size |  BW  | S x BW |
|--------|------|------|------|--------|
|  Total |      |      |      |    0   |
|--------|------|------|------|--------|



* Summary:
+-----------+--------+--------+
|           |   FF   |   LUT  |
+-----------+--------+--------+
|  Function |    0   |   416  |
|   Memory  |    -   |    -   |
|Multiplexer|    -   |    -   |
|  Register |  1749  |    -   |
+-----------+--------+--------+
|   Total   |  1749  |   416  |
+-----------+--------+--------+
