

================================================================
== Synthesis Summary Report of 'keccak_top'
================================================================
+ General Information: 
    * Date:           Mon Dec 22 23:16:17 2025
    * Version:        2025.2 (Build 6295257 on Nov 14 2025)
    * Project:        keccak
    * Solution:       hls (Vivado IP Flow Target)
    * Product family: zynquplus
    * Target device:  xck26-sfvc784-2LV-c
    

* Performance & Resource Estimates: 
+---------------------------------------+------+---------------+----------+---------+------+----------+---------+-----------+------+---------+----+------------+-------------+-----+
|                Modules                | Issue|               | Iteration|         | Trip |          |       Latency       |      |         |    |            |             |     |
|                & Loops                | Type | Violation Type|  Latency | Interval| Count| Pipelined| (cycles)|    (ns)   | Slack|  BRAM   | DSP|     FF     |     LUT     | URAM|
+---------------------------------------+------+---------------+----------+---------+------+----------+---------+-----------+------+---------+----+------------+-------------+-----+
|+ keccak_top                           |     -|              -|         -|    30545|     -|        no|    30544|  1.527e+05|  0.15|  2 (~0%)|   -|  11853 (5%)|  12726 (10%)|    -|
| o ABSORB_LOOP                         |     -|              -|        30|        -|  1000|        no|    30000|  1.500e+05|  3.65|        -|   -|           -|            -|    -|
|  + keccak_f1600                       |     -|              -|         -|        -|     -|       yes|       26|    130.000|  1.61|  2 (~0%)|   -|  1608 (~0%)|    8701 (7%)|    -|
|   o KECCAK_ROUNDS_LOOP                |     -|              -|         2|        1|    24|       yes|       24|    120.000|  3.65|        -|   -|           -|            -|    -|
| o SQUEEZE_LOOP                        |     -|              -|        64|        -|     8|        no|      512|  2.560e+03|  3.65|        -|   -|           -|            -|    -|
|  + keccak_top_Pipeline_SQUEEZE_BLOCK  |     -|              -|         -|        -|     -|       yes|       34|    170.000|  0.77|        -|   -|   147 (~0%)|    474 (~0%)|    -|
|   o SQUEEZE_BLOCK                     |     -|              -|         2|        1|    32|       yes|       32|    160.000|  3.65|        -|   -|           -|            -|    -|
+---------------------------------------+------+---------------+----------+---------+------+----------+---------+-----------+------+---------+----+------------+-------------+-----+
    Name Prefix: '+' for module, 'o' for loop, '*' for dataflow


================================================================
== HW Interfaces
================================================================
* S_AXILITE Interfaces
+---------------+------------+---------------+--------+----------+
| Interface     | Data Width | Address Width | Offset | Register |
+---------------+------------+---------------+--------+----------+
| s_axi_control | 32         | 6             | 16     | 0        |
+---------------+------------+---------------+--------+----------+

* S_AXILITE Registers
+---------------+------------+--------+-------+--------+----------------------------------+----------------------------------------------------------------------+
| Interface     | Register   | Offset | Width | Access | Description                      | Bit Fields                                                           |
+---------------+------------+--------+-------+--------+----------------------------------+----------------------------------------------------------------------+
| s_axi_control | CTRL       | 0x00   | 32    | RW     | Control signals                  | 0=AP_START 1=AP_DONE 2=AP_IDLE 3=AP_READY 7=AUTO_RESTART 9=INTERRUPT |
| s_axi_control | GIER       | 0x04   | 32    | RW     | Global Interrupt Enable Register | 0=Enable                                                             |
| s_axi_control | IP_IER     | 0x08   | 32    | RW     | IP Interrupt Enable Register     | 0=CHAN0_INT_EN 1=CHAN1_INT_EN                                        |
| s_axi_control | IP_ISR     | 0x0c   | 32    | RW     | IP Interrupt Status Register     | 0=CHAN0_INT_ST 1=CHAN1_INT_ST                                        |
| s_axi_control | rate_bytes | 0x10   | 32    | W      | Data signal of rate_bytes        |                                                                      |
| s_axi_control | delimiter  | 0x18   | 32    | W      | Data signal of delimiter         |                                                                      |
| s_axi_control | output_len | 0x20   | 32    | W      | Data signal of output_len        |                                                                      |
+---------------+------------+--------+-------+--------+----------------------------------+----------------------------------------------------------------------+

* AXIS
+---------------+-----------+---------------+-------+-------+-------+--------+-------+--------+
| Interface     | Direction | Register Mode | TDATA | TKEEP | TLAST | TREADY | TSTRB | TVALID |
+---------------+-----------+---------------+-------+-------+-------+--------+-------+--------+
| input_stream  | in        | both          | 64    | 8     | 1     | 1      | 8     | 1      |
| output_stream | out       | both          | 64    | 8     | 1     | 1      | 8     | 1      |
+---------------+-----------+---------------+-------+-------+-------+--------+-------+--------+

* TOP LEVEL CONTROL
+-----------+------------+-----------+
| Interface | Type       | Ports     |
+-----------+------------+-----------+
| ap_clk    | clock      | ap_clk    |
| ap_rst_n  | reset      | ap_rst_n  |
| interrupt | interrupt  | interrupt |
| ap_ctrl   | ap_ctrl_hs |           |
+-----------+------------+-----------+


================================================================
== SW I/O Information
================================================================
* Top Function Arguments
+---------------+-----------+------------------------------------------------------------------------------+
| Argument      | Direction | Datatype                                                                     |
+---------------+-----------+------------------------------------------------------------------------------+
| input_stream  | in        | stream<hls::axis<ap_uint<64>, 0UL, 0UL, 0UL, (unsigned char)'8', false>, 0>& |
| output_stream | out       | stream<hls::axis<ap_uint<64>, 0UL, 0UL, 0UL, (unsigned char)'8', false>, 0>& |
| rate_bytes    | in        | ap_uint<8>                                                                   |
| delimiter     | in        | ap_uint<8>                                                                   |
| output_len    | in        | ap_uint<16>                                                                  |
+---------------+-----------+------------------------------------------------------------------------------+

* SW-to-HW Mapping
+---------------+---------------+-----------+--------------------------------------+
| Argument      | HW Interface  | HW Type   | HW Info                              |
+---------------+---------------+-----------+--------------------------------------+
| input_stream  | input_stream  | interface |                                      |
| output_stream | output_stream | interface |                                      |
| rate_bytes    | s_axi_control | register  | name=rate_bytes offset=0x10 range=32 |
| delimiter     | s_axi_control | register  | name=delimiter offset=0x18 range=32  |
| output_len    | s_axi_control | register  | name=output_len offset=0x20 range=32 |
+---------------+---------------+-----------+--------------------------------------+


================================================================
== M_AXI Burst Information
================================================================
 Note: All burst requests might be further partitioned into multiple requests during RTL generation based on max_read_burst_length or max_write_burst_length settings.


================================================================
== Bind Op Report
================================================================
+--------------------------------------+-----+--------+----------------------+-----------+--------------------------+---------+
| Name                                 | DSP | Pragma | Variable             | Op        | Impl                     | Latency |
+--------------------------------------+-----+--------+----------------------+-----------+--------------------------+---------+
| + keccak_top                         | 0   |        |                      |           |                          |         |
|   select_ln254_fu_4534_p3            |     |        | select_ln254         | select    | auto_sel                 | 0       |
|   valid_bytes_1_fu_4542_p3           |     |        | valid_bytes_1        | select    | auto_sel                 | 0       |
|   valid_bytes_2_fu_4558_p2           |     |        | valid_bytes_2        | add       | fabric                   | 0       |
|   valid_bytes_3_fu_4564_p3           |     |        | valid_bytes_3        | select    | auto_sel                 | 0       |
|   add_ln254_fu_4584_p2               |     |        | add_ln254            | add       | fabric                   | 0       |
|   valid_bytes_4_fu_4590_p3           |     |        | valid_bytes_4        | select    | auto_sel                 | 0       |
|   valid_bytes_5_fu_4606_p2           |     |        | valid_bytes_5        | add       | fabric                   | 0       |
|   valid_bytes_6_fu_4612_p3           |     |        | valid_bytes_6        | select    | auto_sel                 | 0       |
|   add_ln254_2_fu_4628_p2             |     |        | add_ln254_2          | add       | fabric                   | 0       |
|   valid_bytes_7_fu_4634_p3           |     |        | valid_bytes_7        | select    | auto_sel                 | 0       |
|   valid_bytes_8_fu_4744_p2           |     |        | valid_bytes_8        | add       | fabric                   | 0       |
|   valid_bytes_9_fu_4749_p3           |     |        | valid_bytes_9        | select    | auto_sel                 | 0       |
|   add_ln254_4_fu_4759_p2             |     |        | add_ln254_4          | add       | fabric                   | 0       |
|   valid_bytes_10_fu_4765_p3          |     |        | valid_bytes_10       | select    | auto_sel                 | 0       |
|   icmp_ln258_fu_4776_p2              |     |        | icmp_ln258           | seteq     | auto                     | 0       |
|   sparsemux_51_5_64_1_1_U61          |     |        | tmp_8                | sparsemux | compactencoding_dontcare | 0       |
|   state_fu_4865_p2                   |     |        | state                | xor       | auto                     | 0       |
|   offset_bytes_fu_5049_p2            |     |        | offset_bytes         | add       | fabric                   | 0       |
|   current_block_word_1_fu_5054_p2    |     |        | current_block_word_1 | add       | fabric                   | 0       |
|   icmp_ln266_fu_5060_p2              |     |        | icmp_ln266           | setlt     | auto                     | 0       |
|   sub_ln183_fu_4666_p2               |     |        | sub_ln183            | sub       | fabric                   | 0       |
|   sub_ln183_1_fu_4682_p2             |     |        | sub_ln183_1          | sub       | fabric                   | 0       |
|   lane_idx_fu_4698_p3                |     |        | lane_idx             | select    | auto_sel                 | 0       |
|   sub_ln187_1_fu_4722_p2             |     |        | sub_ln187_1          | sub       | fabric                   | 0       |
|   select_ln184_fu_4732_p3            |     |        | select_ln184         | select    | auto_sel                 | 0       |
|   shl_ln187_fu_5240_p2               |     |        | shl_ln187            | shl       | auto_pipe                | 0       |
|   sub_ln187_fu_5246_p2               |     |        | sub_ln187            | sub       | fabric                   | 0       |
|   lshr_ln187_fu_5260_p2              |     |        | lshr_ln187           | lshr      | auto_pipe                | 0       |
|   cond_i21_i_fu_5266_p3              |     |        | cond_i21_i           | select    | auto_sel                 | 0       |
|   sparsemux_51_5_64_1_1_U62          |     |        | tmp_9                | sparsemux | compactencoding_dontcare | 0       |
|   state_1_fu_5356_p2                 |     |        | state_1              | xor       | auto                     | 0       |
|   add_ln190_fu_5415_p2               |     |        | add_ln190            | add       | fabric                   | 0       |
|   sub_ln190_fu_5432_p2               |     |        | sub_ln190            | sub       | fabric                   | 0       |
|   sub_ln190_1_fu_5448_p2             |     |        | sub_ln190_1          | sub       | fabric                   | 0       |
|   last_lane_idx_fu_5464_p3           |     |        | last_lane_idx        | select    | auto_sel                 | 0       |
|   sub_ln191_fu_5483_p2               |     |        | sub_ln191            | sub       | fabric                   | 0       |
|   sub_ln191_1_fu_5493_p2             |     |        | sub_ln191_1          | sub       | fabric                   | 0       |
|   last_byte_idx_fu_5499_p3           |     |        | last_byte_idx        | select    | auto_sel                 | 0       |
|   shl_ln192_fu_5543_p2               |     |        | shl_ln192            | shl       | auto_pipe                | 0       |
|   sub_ln192_fu_5519_p2               |     |        | sub_ln192            | sub       | fabric                   | 0       |
|   lshr_ln192_fu_5556_p2              |     |        | lshr_ln192           | lshr      | auto_pipe                | 0       |
|   cond_i_i_fu_5562_p3                |     |        | cond_i_i             | select    | auto_sel                 | 0       |
|   sparsemux_51_5_64_1_1_U63          |     |        | tmp_s                | sparsemux | compactencoding_dontcare | 0       |
|   state_10_fu_5677_p2                |     |        | state_10             | xor       | auto                     | 0       |
|   icmp_ln302_fu_5922_p2              |     |        | icmp_ln302           | setgt     | auto                     | 0       |
|   icmp_ln305_fu_6033_p2              |     |        | icmp_ln305           | setgt     | auto                     | 0       |
|   select_ln305_fu_6042_p3            |     |        | select_ln305         | select    | auto_sel                 | 0       |
|   add_ln306_fu_6053_p2               |     |        | add_ln306            | add       | fabric                   | 0       |
|   icmp_ln326_fu_6073_p2              |     |        | icmp_ln326           | setgt     | auto                     | 0       |
|  + keccak_f1600                      | 0   |        |                      |           |                          |         |
|    icmp_ln157_fu_628_p2              |     |        | icmp_ln157           | seteq     | auto                     | 0       |
|    add_ln157_fu_634_p2               |     |        | add_ln157            | add       | fabric                   | 0       |
|    xor_ln50_fu_725_p2                |     |        | xor_ln50             | xor       | auto                     | 0       |
|    xor_ln50_1_fu_731_p2              |     |        | xor_ln50_1           | xor       | auto                     | 0       |
|    xor_ln50_2_fu_737_p2              |     |        | xor_ln50_2           | xor       | auto                     | 0       |
|    x_4_fu_743_p2                     |     |        | x_4                  | xor       | auto                     | 0       |
|    xor_ln50_4_fu_749_p2              |     |        | xor_ln50_4           | xor       | auto                     | 0       |
|    xor_ln50_5_fu_755_p2              |     |        | xor_ln50_5           | xor       | auto                     | 0       |
|    xor_ln50_6_fu_761_p2              |     |        | xor_ln50_6           | xor       | auto                     | 0       |
|    x_fu_767_p2                       |     |        | x                    | xor       | auto                     | 0       |
|    xor_ln50_8_fu_773_p2              |     |        | xor_ln50_8           | xor       | auto                     | 0       |
|    xor_ln50_9_fu_779_p2              |     |        | xor_ln50_9           | xor       | auto                     | 0       |
|    xor_ln50_10_fu_785_p2             |     |        | xor_ln50_10          | xor       | auto                     | 0       |
|    x_1_fu_791_p2                     |     |        | x_1                  | xor       | auto                     | 0       |
|    xor_ln50_12_fu_797_p2             |     |        | xor_ln50_12          | xor       | auto                     | 0       |
|    xor_ln50_13_fu_803_p2             |     |        | xor_ln50_13          | xor       | auto                     | 0       |
|    xor_ln50_14_fu_809_p2             |     |        | xor_ln50_14          | xor       | auto                     | 0       |
|    x_2_fu_815_p2                     |     |        | x_2                  | xor       | auto                     | 0       |
|    xor_ln50_16_fu_821_p2             |     |        | xor_ln50_16          | xor       | auto                     | 0       |
|    xor_ln50_17_fu_827_p2             |     |        | xor_ln50_17          | xor       | auto                     | 0       |
|    xor_ln50_18_fu_833_p2             |     |        | xor_ln50_18          | xor       | auto                     | 0       |
|    x_3_fu_839_p2                     |     |        | x_3                  | xor       | auto                     | 0       |
|    xor_ln57_fu_865_p2                |     |        | xor_ln57             | xor       | auto                     | 0       |
|    xor_ln57_1_fu_891_p2              |     |        | xor_ln57_1           | xor       | auto                     | 0       |
|    xor_ln57_2_fu_917_p2              |     |        | xor_ln57_2           | xor       | auto                     | 0       |
|    xor_ln57_3_fu_943_p2              |     |        | xor_ln57_3           | xor       | auto                     | 0       |
|    xor_ln57_4_fu_969_p2              |     |        | xor_ln57_4           | xor       | auto                     | 0       |
|    xor_ln67_fu_975_p2                |     |        | xor_ln67             | xor       | auto                     | 0       |
|    x_5_fu_981_p2                     |     |        | x_5                  | xor       | auto                     | 0       |
|    x_23_fu_987_p2                    |     |        | x_23                 | xor       | auto                     | 0       |
|    x_11_fu_993_p2                    |     |        | x_11                 | xor       | auto                     | 0       |
|    x_17_fu_999_p2                    |     |        | x_17                 | xor       | auto                     | 0       |
|    x_12_fu_1005_p2                   |     |        | x_12                 | xor       | auto                     | 0       |
|    x_28_fu_1011_p2                   |     |        | x_28                 | xor       | auto                     | 0       |
|    x_7_fu_1017_p2                    |     |        | x_7                  | xor       | auto                     | 0       |
|    x_14_fu_1023_p2                   |     |        | x_14                 | xor       | auto                     | 0       |
|    x_27_fu_1029_p2                   |     |        | x_27                 | xor       | auto                     | 0       |
|    x_6_fu_1035_p2                    |     |        | x_6                  | xor       | auto                     | 0       |
|    x_8_fu_1041_p2                    |     |        | x_8                  | xor       | auto                     | 0       |
|    x_22_fu_1047_p2                   |     |        | x_22                 | xor       | auto                     | 0       |
|    x_21_fu_1053_p2                   |     |        | x_21                 | xor       | auto                     | 0       |
|    x_25_fu_1059_p2                   |     |        | x_25                 | xor       | auto                     | 0       |
|    x_18_fu_1065_p2                   |     |        | x_18                 | xor       | auto                     | 0       |
|    x_13_fu_1071_p2                   |     |        | x_13                 | xor       | auto                     | 0       |
|    x_9_fu_1077_p2                    |     |        | x_9                  | xor       | auto                     | 0       |
|    x_10_fu_1083_p2                   |     |        | x_10                 | xor       | auto                     | 0       |
|    x_20_fu_1089_p2                   |     |        | x_20                 | xor       | auto                     | 0       |
|    x_24_fu_1095_p2                   |     |        | x_24                 | xor       | auto                     | 0       |
|    x_15_fu_1101_p2                   |     |        | x_15                 | xor       | auto                     | 0       |
|    x_26_fu_1107_p2                   |     |        | x_26                 | xor       | auto                     | 0       |
|    x_19_fu_1113_p2                   |     |        | x_19                 | xor       | auto                     | 0       |
|    x_16_fu_1119_p2                   |     |        | x_16                 | xor       | auto                     | 0       |
|    xor_ln135_fu_1651_p2              |     |        | xor_ln135            | xor       | auto                     | 0       |
|    and_ln135_fu_1657_p2              |     |        | and_ln135            | and       | auto                     | 0       |
|    xor_ln135_1_fu_1663_p2            |     |        | xor_ln135_1          | xor       | auto                     | 0       |
|    xor_ln135_2_fu_1669_p2            |     |        | xor_ln135_2          | xor       | auto                     | 0       |
|    and_ln135_1_fu_1675_p2            |     |        | and_ln135_1          | and       | auto                     | 0       |
|    xor_ln135_3_fu_1681_p2            |     |        | xor_ln135_3          | xor       | auto                     | 0       |
|    xor_ln135_4_fu_1687_p2            |     |        | xor_ln135_4          | xor       | auto                     | 0       |
|    and_ln135_2_fu_1693_p2            |     |        | and_ln135_2          | and       | auto                     | 0       |
|    xor_ln135_5_fu_1699_p2            |     |        | xor_ln135_5          | xor       | auto                     | 0       |
|    xor_ln135_6_fu_1705_p2            |     |        | xor_ln135_6          | xor       | auto                     | 0       |
|    and_ln135_3_fu_1711_p2            |     |        | and_ln135_3          | and       | auto                     | 0       |
|    xor_ln135_7_fu_1717_p2            |     |        | xor_ln135_7          | xor       | auto                     | 0       |
|    xor_ln135_8_fu_1723_p2            |     |        | xor_ln135_8          | xor       | auto                     | 0       |
|    and_ln135_4_fu_1729_p2            |     |        | and_ln135_4          | and       | auto                     | 0       |
|    xor_ln135_9_fu_1735_p2            |     |        | xor_ln135_9          | xor       | auto                     | 0       |
|    xor_ln135_10_fu_1741_p2           |     |        | xor_ln135_10         | xor       | auto                     | 0       |
|    and_ln135_5_fu_1747_p2            |     |        | and_ln135_5          | and       | auto                     | 0       |
|    xor_ln135_11_fu_1753_p2           |     |        | xor_ln135_11         | xor       | auto                     | 0       |
|    xor_ln135_12_fu_1759_p2           |     |        | xor_ln135_12         | xor       | auto                     | 0       |
|    and_ln135_6_fu_1765_p2            |     |        | and_ln135_6          | and       | auto                     | 0       |
|    xor_ln135_13_fu_1771_p2           |     |        | xor_ln135_13         | xor       | auto                     | 0       |
|    xor_ln135_14_fu_1777_p2           |     |        | xor_ln135_14         | xor       | auto                     | 0       |
|    and_ln135_7_fu_1783_p2            |     |        | and_ln135_7          | and       | auto                     | 0       |
|    xor_ln135_15_fu_1789_p2           |     |        | xor_ln135_15         | xor       | auto                     | 0       |
|    xor_ln135_16_fu_1795_p2           |     |        | xor_ln135_16         | xor       | auto                     | 0       |
|    and_ln135_8_fu_1801_p2            |     |        | and_ln135_8          | and       | auto                     | 0       |
|    xor_ln135_17_fu_1807_p2           |     |        | xor_ln135_17         | xor       | auto                     | 0       |
|    xor_ln135_18_fu_1813_p2           |     |        | xor_ln135_18         | xor       | auto                     | 0       |
|    and_ln135_9_fu_1819_p2            |     |        | and_ln135_9          | and       | auto                     | 0       |
|    xor_ln135_19_fu_1825_p2           |     |        | xor_ln135_19         | xor       | auto                     | 0       |
|    xor_ln135_20_fu_1831_p2           |     |        | xor_ln135_20         | xor       | auto                     | 0       |
|    and_ln135_10_fu_1837_p2           |     |        | and_ln135_10         | and       | auto                     | 0       |
|    xor_ln135_21_fu_1843_p2           |     |        | xor_ln135_21         | xor       | auto                     | 0       |
|    xor_ln135_22_fu_1849_p2           |     |        | xor_ln135_22         | xor       | auto                     | 0       |
|    and_ln135_11_fu_1855_p2           |     |        | and_ln135_11         | and       | auto                     | 0       |
|    xor_ln135_23_fu_1861_p2           |     |        | xor_ln135_23         | xor       | auto                     | 0       |
|    xor_ln135_24_fu_1867_p2           |     |        | xor_ln135_24         | xor       | auto                     | 0       |
|    and_ln135_12_fu_1873_p2           |     |        | and_ln135_12         | and       | auto                     | 0       |
|    xor_ln135_25_fu_1879_p2           |     |        | xor_ln135_25         | xor       | auto                     | 0       |
|    xor_ln135_26_fu_1885_p2           |     |        | xor_ln135_26         | xor       | auto                     | 0       |
|    and_ln135_13_fu_1891_p2           |     |        | and_ln135_13         | and       | auto                     | 0       |
|    xor_ln135_27_fu_1897_p2           |     |        | xor_ln135_27         | xor       | auto                     | 0       |
|    xor_ln135_28_fu_1903_p2           |     |        | xor_ln135_28         | xor       | auto                     | 0       |
|    and_ln135_14_fu_1909_p2           |     |        | and_ln135_14         | and       | auto                     | 0       |
|    xor_ln135_29_fu_1915_p2           |     |        | xor_ln135_29         | xor       | auto                     | 0       |
|    xor_ln135_30_fu_1921_p2           |     |        | xor_ln135_30         | xor       | auto                     | 0       |
|    and_ln135_15_fu_1927_p2           |     |        | and_ln135_15         | and       | auto                     | 0       |
|    xor_ln135_31_fu_1933_p2           |     |        | xor_ln135_31         | xor       | auto                     | 0       |
|    xor_ln135_32_fu_1939_p2           |     |        | xor_ln135_32         | xor       | auto                     | 0       |
|    and_ln135_16_fu_1945_p2           |     |        | and_ln135_16         | and       | auto                     | 0       |
|    xor_ln135_33_fu_1951_p2           |     |        | xor_ln135_33         | xor       | auto                     | 0       |
|    xor_ln135_34_fu_1957_p2           |     |        | xor_ln135_34         | xor       | auto                     | 0       |
|    and_ln135_17_fu_1963_p2           |     |        | and_ln135_17         | and       | auto                     | 0       |
|    xor_ln135_35_fu_1969_p2           |     |        | xor_ln135_35         | xor       | auto                     | 0       |
|    xor_ln135_36_fu_1975_p2           |     |        | xor_ln135_36         | xor       | auto                     | 0       |
|    and_ln135_18_fu_1981_p2           |     |        | and_ln135_18         | and       | auto                     | 0       |
|    xor_ln135_37_fu_1987_p2           |     |        | xor_ln135_37         | xor       | auto                     | 0       |
|    xor_ln135_38_fu_1993_p2           |     |        | xor_ln135_38         | xor       | auto                     | 0       |
|    and_ln135_19_fu_1999_p2           |     |        | and_ln135_19         | and       | auto                     | 0       |
|    xor_ln135_39_fu_2005_p2           |     |        | xor_ln135_39         | xor       | auto                     | 0       |
|    xor_ln135_40_fu_2011_p2           |     |        | xor_ln135_40         | xor       | auto                     | 0       |
|    and_ln135_20_fu_2017_p2           |     |        | and_ln135_20         | and       | auto                     | 0       |
|    xor_ln135_41_fu_2023_p2           |     |        | xor_ln135_41         | xor       | auto                     | 0       |
|    xor_ln135_42_fu_2029_p2           |     |        | xor_ln135_42         | xor       | auto                     | 0       |
|    and_ln135_21_fu_2035_p2           |     |        | and_ln135_21         | and       | auto                     | 0       |
|    xor_ln135_43_fu_2041_p2           |     |        | xor_ln135_43         | xor       | auto                     | 0       |
|    xor_ln135_44_fu_2047_p2           |     |        | xor_ln135_44         | xor       | auto                     | 0       |
|    and_ln135_22_fu_2053_p2           |     |        | and_ln135_22         | and       | auto                     | 0       |
|    xor_ln135_45_fu_2059_p2           |     |        | xor_ln135_45         | xor       | auto                     | 0       |
|    xor_ln135_46_fu_2065_p2           |     |        | xor_ln135_46         | xor       | auto                     | 0       |
|    and_ln135_23_fu_2071_p2           |     |        | and_ln135_23         | and       | auto                     | 0       |
|    xor_ln135_47_fu_2077_p2           |     |        | xor_ln135_47         | xor       | auto                     | 0       |
|    xor_ln145_fu_2083_p2              |     |        | xor_ln145            | xor       | auto                     | 0       |
|    and_ln145_fu_2089_p2              |     |        | and_ln145            | and       | auto                     | 0       |
|    xor_ln145_1_fu_2095_p2            |     |        | xor_ln145_1          | xor       | auto                     | 0       |
|    xor_ln145_2_fu_2101_p2            |     |        | xor_ln145_2          | xor       | auto                     | 0       |
|  + keccak_top_Pipeline_SQUEEZE_BLOCK | 0   |        |                      |           |                          |         |
|    icmp_ln310_fu_386_p2              |     |        | icmp_ln310           | seteq     | auto                     | 0       |
|    add_ln310_fu_391_p2               |     |        | add_ln310            | add       | fabric                   | 0       |
|    sparsemux_51_5_64_1_1_U27         |     |        | p_0                  | sparsemux | compactencoding_dontcare | 0       |
|    icmp_ln315_fu_497_p2              |     |        | icmp_ln315           | setgt     | auto                     | 0       |
|    bytes_out_fu_503_p3               |     |        | bytes_out            | select    | auto_sel                 | 0       |
|    output_remaining_2_fu_511_p2      |     |        | output_remaining_2   | sub       | fabric                   | 0       |
|    output_stream_TLAST               |     |        | icmp_ln318           | setlt     | auto                     | 0       |
|    shl_ln319_fu_517_p2               |     |        | shl_ln319            | shl       | auto_pipe                | 0       |
|    add_ln319_fu_543_p2               |     |        | add_ln319            | add       | fabric                   | 0       |
|    select_ln319_fu_548_p3            |     |        | select_ln319         | select    | auto_sel                 | 0       |
+--------------------------------------+-----+--------+----------------------+-----------+--------------------------+---------+


================================================================
== Storage Report
================================================================
+-------------------+-----------+-----------+------+------+--------+----------+------+---------+------------------+
| Name              | Usage     | Type      | BRAM | URAM | Pragma | Variable | Impl | Latency | Bitwidth, Depth, |
|                   |           |           |      |      |        |          |      |         | Banks            |
+-------------------+-----------+-----------+------+------+--------+----------+------+---------+------------------+
| + keccak_top      |           |           | 2    | 0    |        |          |      |         |                  |
|   control_s_axi_U | interface | s_axilite |      |      |        |          |      |         |                  |
|  + keccak_f1600   |           |           | 2    | 0    |        |          |      |         |                  |
|    RC_TABLE_U     | rom_1p    |           | 2    |      |        | RC_TABLE | auto | 1       | 64, 24, 1        |
+-------------------+-----------+-----------+------+------+--------+----------+------+---------+------------------+


================================================================
== Pragma Report
================================================================
* Valid Pragma Syntax
+-----------------+-----------------------------------------------+-----------------------------------+
| Type            | Options                                       | Location                          |
+-----------------+-----------------------------------------------+-----------------------------------+
| INLINE          |                                               | in rotl64 (keccak.cpp:21)         |
| INLINE          |                                               | in idx (keccak.cpp:29)            |
| INLINE          |                                               | in theta (keccak.cpp:41)          |
| UNROLL          |                                               | in theta (keccak.cpp:48)          |
| UNROLL          |                                               | in theta (keccak.cpp:56)          |
| UNROLL          |                                               | in theta (keccak.cpp:63)          |
| UNROLL          |                                               | in theta (keccak.cpp:66)          |
| INLINE          |                                               | in rho_pi (keccak.cpp:83)         |
| UNROLL          |                                               | in rho_pi (keccak.cpp:99)         |
| INLINE          |                                               | in chi (keccak.cpp:117)           |
| UNROLL          |                                               | in chi (keccak.cpp:120)           |
| ARRAY_PARTITION | variable=row complete                         | in chi (keccak.cpp:122)           |
| UNROLL          |                                               | in chi (keccak.cpp:127)           |
| UNROLL          |                                               | in chi (keccak.cpp:134)           |
| INLINE          |                                               | in iota (keccak.cpp:144)          |
| INLINE          | off                                           | in keccak_f1600 (keccak.cpp:153)  |
| ARRAY_PARTITION | variable=state complete                       | in keccak_f1600 (keccak.cpp:154)  |
| PIPELINE        | ii=1                                          | in keccak_f1600 (keccak.cpp:158)  |
| INLINE          |                                               | in apply_padding (keccak.cpp:180) |
| INTERFACE       | mode=axis port=input_stream                   | in keccak_top (keccak.cpp:211)    |
| INTERFACE       | mode=axis port=output_stream                  | in keccak_top (keccak.cpp:212)    |
| INTERFACE       | mode=s_axilite port=rate_bytes bundle=control | in keccak_top (keccak.cpp:213)    |
| INTERFACE       | mode=s_axilite port=delimiter bundle=control  | in keccak_top (keccak.cpp:214)    |
| INTERFACE       | mode=s_axilite port=output_len bundle=control | in keccak_top (keccak.cpp:215)    |
| INTERFACE       | mode=s_axilite port=return bundle=control     | in keccak_top (keccak.cpp:216)    |
| ARRAY_PARTITION | variable=state complete                       | in keccak_top (keccak.cpp:220)    |
| UNROLL          |                                               | in keccak_top (keccak.cpp:224)    |
| LOOP_TRIPCOUNT  | min=1 max=1000                                | in keccak_top (keccak.cpp:245)    |
| UNROLL          |                                               | in keccak_top (keccak.cpp:253)    |
| LOOP_TRIPCOUNT  | min=1 max=8                                   | in keccak_top (keccak.cpp:303)    |
| PIPELINE        | ii=1                                          | in keccak_top (keccak.cpp:311)    |
+-----------------+-----------------------------------------------+-----------------------------------+


