

================================================================
== Vitis HLS Report for 'keccak_f1600'
================================================================
* Date:           Mon Dec 22 22:18:16 2025

* Version:        2025.2 (Build 6295257 on Nov 14 2025)
* Project:        example
* Solution:       hls (Vivado IP Flow Target)
* Product family: zynquplus
* Target device:  xck26-sfvc784-2LV-c


================================================================
== Performance Estimates
================================================================
+ Timing: 
    * Summary: 
    +--------+---------+----------+------------+
    |  Clock |  Target | Estimated| Uncertainty|
    +--------+---------+----------+------------+
    |ap_clk  |  5.00 ns|  2.322 ns|     1.35 ns|
    +--------+---------+----------+------------+

+ Latency: 
    * Summary: 
    +---------+---------+----------+----------+-----+-----+-------------------+
    |  Latency (cycles) |  Latency (absolute) |  Interval |      Pipeline     |
    |   min   |   max   |    min   |    max   | min | max |        Type       |
    +---------+---------+----------+----------+-----+-----+-------------------+
    |       26|       26|  0.130 us|  0.130 us|    0|    0|  loop pipeline stp|
    +---------+---------+----------+----------+-----+-----+-------------------+

    + Detail: 
        * Instance: 
        N/A

        * Loop: 
        +----------------------+---------+---------+----------+-----------+-----------+------+----------+
        |                      |  Latency (cycles) | Iteration|  Initiation Interval  | Trip |          |
        |       Loop Name      |   min   |   max   |  Latency |  achieved |   target  | Count| Pipelined|
        +----------------------+---------+---------+----------+-----------+-----------+------+----------+
        |- KECCAK_ROUNDS_LOOP  |       24|       24|         2|          1|          1|    24|       yes|
        +----------------------+---------+---------+----------+-----------+-----------+------+----------+



================================================================
== Utilization Estimates
================================================================
* Summary: 
+-----------------+---------+------+--------+--------+-----+
|       Name      | BRAM_18K|  DSP |   FF   |   LUT  | URAM|
+-----------------+---------+------+--------+--------+-----+
|DSP              |        -|     -|       -|       -|    -|
|Expression       |        -|     -|       0|    7578|    -|
|FIFO             |        -|     -|       -|       -|    -|
|Instance         |        -|     -|       -|       -|    -|
|Memory           |        2|     -|       0|       0|    -|
|Multiplexer      |        -|     -|       0|     611|    -|
|Register         |        -|     -|    1608|       -|    -|
+-----------------+---------+------+--------+--------+-----+
|Total            |        2|     0|    1608|    8189|    0|
+-----------------+---------+------+--------+--------+-----+
|Available        |      288|  1248|  234240|  117120|   64|
+-----------------+---------+------+--------+--------+-----+
|Utilization (%)  |       ~0|     0|      ~0|       6|    0|
+-----------------+---------+------+--------+--------+-----+

+ Detail: 
    * Instance: 
    N/A

    * DSP: 
    N/A

    * Memory: 
    +------------+-----------------------------------+---------+---+----+-----+------+-----+------+-------------+
    |   Memory   |               Module              | BRAM_18K| FF| LUT| URAM| Words| Bits| Banks| W*Bits*Banks|
    +------------+-----------------------------------+---------+---+----+-----+------+-----+------+-------------+
    |RC_TABLE_U  |keccak_f1600_RC_TABLE_ROM_AUTO_1R  |        2|  0|   0|    0|    24|   64|     1|         1536|
    +------------+-----------------------------------+---------+---+----+-----+------+-----+------+-------------+
    |Total       |                                   |        2|  0|   0|    0|    24|   64|     1|         1536|
    +------------+-----------------------------------+---------+---+----+-----+------+-----+------+-------------+

    * FIFO: 
    N/A

    * Expression: 
    +-------------------------+----------+----+---+----+------------+------------+
    |      Variable Name      | Operation| DSP| FF| LUT| Bitwidth P0| Bitwidth P1|
    +-------------------------+----------+----+---+----+------------+------------+
    |add_ln149_fu_634_p2      |         +|   0|  0|  12|           5|           1|
    |and_ln127_10_fu_1843_p2  |       and|   0|  0|  64|          64|          64|
    |and_ln127_11_fu_1861_p2  |       and|   0|  0|  64|          64|          64|
    |and_ln127_12_fu_1879_p2  |       and|   0|  0|  64|          64|          64|
    |and_ln127_13_fu_1897_p2  |       and|   0|  0|  64|          64|          64|
    |and_ln127_14_fu_1915_p2  |       and|   0|  0|  64|          64|          64|
    |and_ln127_15_fu_1933_p2  |       and|   0|  0|  64|          64|          64|
    |and_ln127_16_fu_1951_p2  |       and|   0|  0|  64|          64|          64|
    |and_ln127_17_fu_1969_p2  |       and|   0|  0|  64|          64|          64|
    |and_ln127_18_fu_1987_p2  |       and|   0|  0|  64|          64|          64|
    |and_ln127_19_fu_2005_p2  |       and|   0|  0|  64|          64|          64|
    |and_ln127_1_fu_1675_p2   |       and|   0|  0|  64|          64|          64|
    |and_ln127_20_fu_2023_p2  |       and|   0|  0|  64|          64|          64|
    |and_ln127_21_fu_2041_p2  |       and|   0|  0|  64|          64|          64|
    |and_ln127_2_fu_1699_p2   |       and|   0|  0|  64|          64|          64|
    |and_ln127_3_fu_1717_p2   |       and|   0|  0|  64|          64|          64|
    |and_ln127_4_fu_1735_p2   |       and|   0|  0|  64|          64|          64|
    |and_ln127_5_fu_1753_p2   |       and|   0|  0|  64|          64|          64|
    |and_ln127_6_fu_1771_p2   |       and|   0|  0|  64|          64|          64|
    |and_ln127_7_fu_1789_p2   |       and|   0|  0|  64|          64|          64|
    |and_ln127_8_fu_1807_p2   |       and|   0|  0|  64|          64|          64|
    |and_ln127_9_fu_1825_p2   |       and|   0|  0|  64|          64|          64|
    |and_ln127_fu_1657_p2     |       and|   0|  0|  64|          64|          64|
    |icmp_ln149_fu_628_p2     |      icmp|   0|  0|  12|           5|           5|
    |or_ln127_fu_1651_p2      |        or|   0|  0|  64|          64|          64|
    |ap_enable_pp0            |       xor|   0|  0|   2|           1|           2|
    |x_10_fu_1005_p2          |       xor|   0|  0|  64|          64|          64|
    |x_11_fu_1011_p2          |       xor|   0|  0|  64|          64|          64|
    |x_12_fu_1017_p2          |       xor|   0|  0|  64|          64|          64|
    |x_13_fu_1023_p2          |       xor|   0|  0|  64|          64|          64|
    |x_14_fu_1029_p2          |       xor|   0|  0|  64|          64|          64|
    |x_15_fu_1035_p2          |       xor|   0|  0|  64|          64|          64|
    |x_16_fu_1041_p2          |       xor|   0|  0|  64|          64|          64|
    |x_17_fu_1047_p2          |       xor|   0|  0|  64|          64|          64|
    |x_18_fu_1053_p2          |       xor|   0|  0|  64|          64|          64|
    |x_19_fu_1059_p2          |       xor|   0|  0|  64|          64|          64|
    |x_1_fu_791_p2            |       xor|   0|  0|  64|          64|          64|
    |x_20_fu_1065_p2          |       xor|   0|  0|  64|          64|          64|
    |x_21_fu_1071_p2          |       xor|   0|  0|  64|          64|          64|
    |x_22_fu_1077_p2          |       xor|   0|  0|  64|          64|          64|
    |x_23_fu_1083_p2          |       xor|   0|  0|  64|          64|          64|
    |x_24_fu_1089_p2          |       xor|   0|  0|  64|          64|          64|
    |x_25_fu_1095_p2          |       xor|   0|  0|  64|          64|          64|
    |x_26_fu_1101_p2          |       xor|   0|  0|  64|          64|          64|
    |x_27_fu_1107_p2          |       xor|   0|  0|  64|          64|          64|
    |x_28_fu_1113_p2          |       xor|   0|  0|  64|          64|          64|
    |x_2_fu_815_p2            |       xor|   0|  0|  64|          64|          64|
    |x_3_fu_839_p2            |       xor|   0|  0|  64|          64|          64|
    |x_4_fu_743_p2            |       xor|   0|  0|  64|          64|          64|
    |x_5_fu_975_p2            |       xor|   0|  0|  64|          64|          64|
    |x_6_fu_981_p2            |       xor|   0|  0|  64|          64|          64|
    |x_7_fu_987_p2            |       xor|   0|  0|  64|          64|          64|
    |x_8_fu_993_p2            |       xor|   0|  0|  64|          64|          64|
    |x_9_fu_999_p2            |       xor|   0|  0|  64|          64|          64|
    |x_fu_767_p2              |       xor|   0|  0|  64|          64|          64|
    |xor_ln127_10_fu_1741_p2  |       xor|   0|  0|  64|          64|          64|
    |xor_ln127_11_fu_1747_p2  |       xor|   0|  0|  64|          64|           2|
    |xor_ln127_12_fu_1759_p2  |       xor|   0|  0|  64|          64|          64|
    |xor_ln127_13_fu_1765_p2  |       xor|   0|  0|  64|          64|           2|
    |xor_ln127_14_fu_1777_p2  |       xor|   0|  0|  64|          64|          64|
    |xor_ln127_15_fu_1783_p2  |       xor|   0|  0|  64|          64|           2|
    |xor_ln127_16_fu_1795_p2  |       xor|   0|  0|  64|          64|          64|
    |xor_ln127_17_fu_1801_p2  |       xor|   0|  0|  64|          64|           2|
    |xor_ln127_18_fu_1813_p2  |       xor|   0|  0|  64|          64|          64|
    |xor_ln127_19_fu_1819_p2  |       xor|   0|  0|  64|          64|           2|
    |xor_ln127_1_fu_1663_p2   |       xor|   0|  0|  64|          64|          64|
    |xor_ln127_20_fu_1831_p2  |       xor|   0|  0|  64|          64|          64|
    |xor_ln127_21_fu_1837_p2  |       xor|   0|  0|  64|          64|           2|
    |xor_ln127_22_fu_1849_p2  |       xor|   0|  0|  64|          64|          64|
    |xor_ln127_23_fu_1855_p2  |       xor|   0|  0|  64|          64|           2|
    |xor_ln127_24_fu_1867_p2  |       xor|   0|  0|  64|          64|          64|
    |xor_ln127_25_fu_1873_p2  |       xor|   0|  0|  64|          64|           2|
    |xor_ln127_26_fu_1885_p2  |       xor|   0|  0|  64|          64|          64|
    |xor_ln127_27_fu_1891_p2  |       xor|   0|  0|  64|          64|           2|
    |xor_ln127_28_fu_1903_p2  |       xor|   0|  0|  64|          64|          64|
    |xor_ln127_29_fu_1909_p2  |       xor|   0|  0|  64|          64|           2|
    |xor_ln127_2_fu_1669_p2   |       xor|   0|  0|  64|          64|           2|
    |xor_ln127_30_fu_1921_p2  |       xor|   0|  0|  64|          64|          64|
    |xor_ln127_31_fu_1927_p2  |       xor|   0|  0|  64|          64|           2|
    |xor_ln127_32_fu_1939_p2  |       xor|   0|  0|  64|          64|          64|
    |xor_ln127_33_fu_1945_p2  |       xor|   0|  0|  64|          64|           2|
    |xor_ln127_34_fu_1957_p2  |       xor|   0|  0|  64|          64|          64|
    |xor_ln127_35_fu_1963_p2  |       xor|   0|  0|  64|          64|           2|
    |xor_ln127_36_fu_1975_p2  |       xor|   0|  0|  64|          64|          64|
    |xor_ln127_37_fu_1981_p2  |       xor|   0|  0|  64|          64|           2|
    |xor_ln127_38_fu_1993_p2  |       xor|   0|  0|  64|          64|          64|
    |xor_ln127_39_fu_1999_p2  |       xor|   0|  0|  64|          64|           2|
    |xor_ln127_3_fu_1681_p2   |       xor|   0|  0|  64|          64|          64|
    |xor_ln127_40_fu_2011_p2  |       xor|   0|  0|  64|          64|          64|
    |xor_ln127_41_fu_2017_p2  |       xor|   0|  0|  64|          64|           2|
    |xor_ln127_42_fu_2029_p2  |       xor|   0|  0|  64|          64|          64|
    |xor_ln127_43_fu_2035_p2  |       xor|   0|  0|  64|          64|           2|
    |xor_ln127_44_fu_2047_p2  |       xor|   0|  0|  64|          64|          64|
    |xor_ln127_4_fu_1687_p2   |       xor|   0|  0|  64|          64|          64|
    |xor_ln127_5_fu_1693_p2   |       xor|   0|  0|  64|          64|           2|
    |xor_ln127_6_fu_1705_p2   |       xor|   0|  0|  64|          64|          64|
    |xor_ln127_7_fu_1711_p2   |       xor|   0|  0|  64|          64|           2|
    |xor_ln127_8_fu_1723_p2   |       xor|   0|  0|  64|          64|          64|
    |xor_ln127_9_fu_1729_p2   |       xor|   0|  0|  64|          64|           2|
    |xor_ln127_fu_1645_p2     |       xor|   0|  0|  64|          64|           2|
    |xor_ln137_fu_2053_p2     |       xor|   0|  0|  64|          64|          64|
    |xor_ln50_10_fu_785_p2    |       xor|   0|  0|  64|          64|          64|
    |xor_ln50_12_fu_797_p2    |       xor|   0|  0|  64|          64|          64|
    |xor_ln50_13_fu_803_p2    |       xor|   0|  0|  64|          64|          64|
    |xor_ln50_14_fu_809_p2    |       xor|   0|  0|  64|          64|          64|
    |xor_ln50_16_fu_821_p2    |       xor|   0|  0|  64|          64|          64|
    |xor_ln50_17_fu_827_p2    |       xor|   0|  0|  64|          64|          64|
    |xor_ln50_18_fu_833_p2    |       xor|   0|  0|  64|          64|          64|
    |xor_ln50_1_fu_731_p2     |       xor|   0|  0|  64|          64|          64|
    |xor_ln50_2_fu_737_p2     |       xor|   0|  0|  64|          64|          64|
    |xor_ln50_4_fu_749_p2     |       xor|   0|  0|  64|          64|          64|
    |xor_ln50_5_fu_755_p2     |       xor|   0|  0|  64|          64|          64|
    |xor_ln50_6_fu_761_p2     |       xor|   0|  0|  64|          64|          64|
    |xor_ln50_8_fu_773_p2     |       xor|   0|  0|  64|          64|          64|
    |xor_ln50_9_fu_779_p2     |       xor|   0|  0|  64|          64|          64|
    |xor_ln50_fu_725_p2       |       xor|   0|  0|  64|          64|          64|
    |xor_ln57_1_fu_891_p2     |       xor|   0|  0|  64|          64|          64|
    |xor_ln57_2_fu_917_p2     |       xor|   0|  0|  64|          64|          64|
    |xor_ln57_3_fu_943_p2     |       xor|   0|  0|  64|          64|          64|
    |xor_ln57_4_fu_969_p2     |       xor|   0|  0|  64|          64|          64|
    |xor_ln57_fu_865_p2       |       xor|   0|  0|  64|          64|          64|
    +-------------------------+----------+----+---+----+------------+------------+
    |Total                    |          |   0|  0|7578|        7563|        6196|
    +-------------------------+----------+----+---+----+------------+------------+

    * Multiplexer: 
    +--------------------------------------+----+-----------+-----+-----------+
    |                 Name                 | LUT| Input Size| Bits| Total Bits|
    +--------------------------------------+----+-----------+-----+-----------+
    |ap_done_int                           |   9|          2|    1|          2|
    |ap_enable_reg_pp0_iter1               |   9|          2|    1|          2|
    |ap_sig_allocacmp_round_1              |   9|          2|    5|         10|
    |ap_sig_allocacmp_state_0_0_load_1     |  14|          3|   64|        192|
    |ap_sig_allocacmp_state_10_0_load_1    |  14|          3|   64|        192|
    |ap_sig_allocacmp_state_11_0_load_1    |  14|          3|   64|        192|
    |ap_sig_allocacmp_state_1213_0_load_1  |  14|          3|   64|        192|
    |ap_sig_allocacmp_state_13_0_load_1    |  14|          3|   64|        192|
    |ap_sig_allocacmp_state_14_0_load_1    |  14|          3|   64|        192|
    |ap_sig_allocacmp_state_1549_0_load_1  |  14|          3|   64|        192|
    |ap_sig_allocacmp_state_16_0_load_1    |  14|          3|   64|        192|
    |ap_sig_allocacmp_state_17_0_load_1    |  14|          3|   64|        192|
    |ap_sig_allocacmp_state_18_0_load_1    |  14|          3|   64|        192|
    |ap_sig_allocacmp_state_19_0_load_1    |  14|          3|   64|        192|
    |ap_sig_allocacmp_state_1_0_load_1     |  14|          3|   64|        192|
    |ap_sig_allocacmp_state_20_0_load_1    |  14|          3|   64|        192|
    |ap_sig_allocacmp_state_21_0_load_1    |  14|          3|   64|        192|
    |ap_sig_allocacmp_state_22_0_load_1    |  14|          3|   64|        192|
    |ap_sig_allocacmp_state_2325_0_load_1  |  14|          3|   64|        192|
    |ap_sig_allocacmp_state_24_0_load_1    |  14|          3|   64|        192|
    |ap_sig_allocacmp_state_2_0_load_1     |  14|          3|   64|        192|
    |ap_sig_allocacmp_state_3_0_load_1     |  14|          3|   64|        192|
    |ap_sig_allocacmp_state_4_0_load_1     |  14|          3|   64|        192|
    |ap_sig_allocacmp_state_5_0_load_1     |  14|          3|   64|        192|
    |ap_sig_allocacmp_state_6_0_load_1     |  14|          3|   64|        192|
    |ap_sig_allocacmp_state_7_0_load_1     |  14|          3|   64|        192|
    |ap_sig_allocacmp_state_8_0_load_1     |  14|          3|   64|        192|
    |ap_sig_allocacmp_state_9_0_load_1     |  14|          3|   64|        192|
    |round_fu_328                          |   9|          2|    5|         10|
    |state_0_0_fu_228                      |   9|          2|   64|        128|
    |state_10_0_fu_236                     |   9|          2|   64|        128|
    |state_11_0_fu_256                     |   9|          2|   64|        128|
    |state_1213_0_fu_276                   |   9|          2|   64|        128|
    |state_13_0_fu_296                     |   9|          2|   64|        128|
    |state_14_0_fu_316                     |   9|          2|   64|        128|
    |state_1549_0_fu_240                   |   9|          2|   64|        128|
    |state_16_0_fu_260                     |   9|          2|   64|        128|
    |state_17_0_fu_280                     |   9|          2|   64|        128|
    |state_18_0_fu_300                     |   9|          2|   64|        128|
    |state_19_0_fu_320                     |   9|          2|   64|        128|
    |state_1_0_fu_248                      |   9|          2|   64|        128|
    |state_20_0_fu_244                     |   9|          2|   64|        128|
    |state_21_0_fu_264                     |   9|          2|   64|        128|
    |state_22_0_fu_284                     |   9|          2|   64|        128|
    |state_2325_0_fu_304                   |   9|          2|   64|        128|
    |state_24_0_fu_324                     |   9|          2|   64|        128|
    |state_2_0_fu_268                      |   9|          2|   64|        128|
    |state_3_0_fu_288                      |   9|          2|   64|        128|
    |state_4_0_fu_308                      |   9|          2|   64|        128|
    |state_5_0_fu_232                      |   9|          2|   64|        128|
    |state_6_0_fu_252                      |   9|          2|   64|        128|
    |state_7_0_fu_272                      |   9|          2|   64|        128|
    |state_8_0_fu_292                      |   9|          2|   64|        128|
    |state_9_0_fu_312                      |   9|          2|   64|        128|
    +--------------------------------------+----+-----------+-----+-----------+
    |Total                                 | 611|        133| 3212|       8024|
    +--------------------------------------+----+-----------+-----+-----------+

    * Register: 
    +-------------------------+----+----+-----+-----------+
    |           Name          | FF | LUT| Bits| Const Bits|
    +-------------------------+----+----+-----+-----------+
    |ap_CS_fsm                |   1|   0|    1|          0|
    |ap_done_reg              |   1|   0|    1|          0|
    |ap_enable_reg_pp0_iter1  |   1|   0|    1|          0|
    |round_fu_328             |   5|   0|    5|          0|
    |state_0_0_fu_228         |  64|   0|   64|          0|
    |state_10_0_fu_236        |  64|   0|   64|          0|
    |state_11_0_fu_256        |  64|   0|   64|          0|
    |state_1213_0_fu_276      |  64|   0|   64|          0|
    |state_13_0_fu_296        |  64|   0|   64|          0|
    |state_14_0_fu_316        |  64|   0|   64|          0|
    |state_1549_0_fu_240      |  64|   0|   64|          0|
    |state_16_0_fu_260        |  64|   0|   64|          0|
    |state_17_0_fu_280        |  64|   0|   64|          0|
    |state_18_0_fu_300        |  64|   0|   64|          0|
    |state_19_0_fu_320        |  64|   0|   64|          0|
    |state_1_0_fu_248         |  64|   0|   64|          0|
    |state_20_0_fu_244        |  64|   0|   64|          0|
    |state_21_0_fu_264        |  64|   0|   64|          0|
    |state_22_0_fu_284        |  64|   0|   64|          0|
    |state_2325_0_fu_304      |  64|   0|   64|          0|
    |state_24_0_fu_324        |  64|   0|   64|          0|
    |state_2_0_fu_268         |  64|   0|   64|          0|
    |state_3_0_fu_288         |  64|   0|   64|          0|
    |state_4_0_fu_308         |  64|   0|   64|          0|
    |state_5_0_fu_232         |  64|   0|   64|          0|
    |state_6_0_fu_252         |  64|   0|   64|          0|
    |state_7_0_fu_272         |  64|   0|   64|          0|
    |state_8_0_fu_292         |  64|   0|   64|          0|
    |state_9_0_fu_312         |  64|   0|   64|          0|
    +-------------------------+----+----+-----+-----------+
    |Total                    |1608|   0| 1608|          0|
    +-------------------------+----+----+-----+-----------+



================================================================
== Interface
================================================================
* Summary: 
+-----------------+-----+-----+------------+-----------------+--------------+
|    RTL Ports    | Dir | Bits|  Protocol  |  Source Object  |    C Type    |
+-----------------+-----+-----+------------+-----------------+--------------+
|ap_clk           |   in|    1|  ap_ctrl_hs|     keccak_f1600|  return value|
|ap_rst           |   in|    1|  ap_ctrl_hs|     keccak_f1600|  return value|
|ap_start         |   in|    1|  ap_ctrl_hs|     keccak_f1600|  return value|
|ap_done          |  out|    1|  ap_ctrl_hs|     keccak_f1600|  return value|
|ap_idle          |  out|    1|  ap_ctrl_hs|     keccak_f1600|  return value|
|ap_ready         |  out|    1|  ap_ctrl_hs|     keccak_f1600|  return value|
|ap_return_0      |  out|   64|  ap_ctrl_hs|     keccak_f1600|  return value|
|ap_return_1      |  out|   64|  ap_ctrl_hs|     keccak_f1600|  return value|
|ap_return_2      |  out|   64|  ap_ctrl_hs|     keccak_f1600|  return value|
|ap_return_3      |  out|   64|  ap_ctrl_hs|     keccak_f1600|  return value|
|ap_return_4      |  out|   64|  ap_ctrl_hs|     keccak_f1600|  return value|
|ap_return_5      |  out|   64|  ap_ctrl_hs|     keccak_f1600|  return value|
|ap_return_6      |  out|   64|  ap_ctrl_hs|     keccak_f1600|  return value|
|ap_return_7      |  out|   64|  ap_ctrl_hs|     keccak_f1600|  return value|
|ap_return_8      |  out|   64|  ap_ctrl_hs|     keccak_f1600|  return value|
|ap_return_9      |  out|   64|  ap_ctrl_hs|     keccak_f1600|  return value|
|ap_return_10     |  out|   64|  ap_ctrl_hs|     keccak_f1600|  return value|
|ap_return_11     |  out|   64|  ap_ctrl_hs|     keccak_f1600|  return value|
|ap_return_12     |  out|   64|  ap_ctrl_hs|     keccak_f1600|  return value|
|ap_return_13     |  out|   64|  ap_ctrl_hs|     keccak_f1600|  return value|
|ap_return_14     |  out|   64|  ap_ctrl_hs|     keccak_f1600|  return value|
|ap_return_15     |  out|   64|  ap_ctrl_hs|     keccak_f1600|  return value|
|ap_return_16     |  out|   64|  ap_ctrl_hs|     keccak_f1600|  return value|
|ap_return_17     |  out|   64|  ap_ctrl_hs|     keccak_f1600|  return value|
|ap_return_18     |  out|   64|  ap_ctrl_hs|     keccak_f1600|  return value|
|ap_return_19     |  out|   64|  ap_ctrl_hs|     keccak_f1600|  return value|
|ap_return_20     |  out|   64|  ap_ctrl_hs|     keccak_f1600|  return value|
|ap_return_21     |  out|   64|  ap_ctrl_hs|     keccak_f1600|  return value|
|ap_return_22     |  out|   64|  ap_ctrl_hs|     keccak_f1600|  return value|
|ap_return_23     |  out|   64|  ap_ctrl_hs|     keccak_f1600|  return value|
|ap_return_24     |  out|   64|  ap_ctrl_hs|     keccak_f1600|  return value|
|state_0_read     |   in|   64|     ap_none|     state_0_read|        scalar|
|state_1_read     |   in|   64|     ap_none|     state_1_read|        scalar|
|state_2_read     |   in|   64|     ap_none|     state_2_read|        scalar|
|state_3_read     |   in|   64|     ap_none|     state_3_read|        scalar|
|state_4_read     |   in|   64|     ap_none|     state_4_read|        scalar|
|state_5_read     |   in|   64|     ap_none|     state_5_read|        scalar|
|state_6_read     |   in|   64|     ap_none|     state_6_read|        scalar|
|state_7_read     |   in|   64|     ap_none|     state_7_read|        scalar|
|state_8_read     |   in|   64|     ap_none|     state_8_read|        scalar|
|state_9_read     |   in|   64|     ap_none|     state_9_read|        scalar|
|state_10_read    |   in|   64|     ap_none|    state_10_read|        scalar|
|state_11_read    |   in|   64|     ap_none|    state_11_read|        scalar|
|state_1213_read  |   in|   64|     ap_none|  state_1213_read|        scalar|
|state_13_read    |   in|   64|     ap_none|    state_13_read|        scalar|
|state_14_read    |   in|   64|     ap_none|    state_14_read|        scalar|
|state_15_read    |   in|   64|     ap_none|    state_15_read|        scalar|
|state_16_read    |   in|   64|     ap_none|    state_16_read|        scalar|
|state_17_read    |   in|   64|     ap_none|    state_17_read|        scalar|
|state_18_read    |   in|   64|     ap_none|    state_18_read|        scalar|
|state_19_read    |   in|   64|     ap_none|    state_19_read|        scalar|
|state_20_read    |   in|   64|     ap_none|    state_20_read|        scalar|
|state_21_read    |   in|   64|     ap_none|    state_21_read|        scalar|
|state_22_read    |   in|   64|     ap_none|    state_22_read|        scalar|
|state_2325_read  |   in|   64|     ap_none|  state_2325_read|        scalar|
|state_24_read    |   in|   64|     ap_none|    state_24_read|        scalar|
+-----------------+-----+-----+------------+-----------------+--------------+

