================================================================
== Design Size Report
================================================================

* Total Instructions per Compilation Phase
+---------------+----------------------------+--------------+----------------------------------------------------------------------------------------+
| Phase         | Step                       | Instructions | Description                                                                            |
+---------------+----------------------------+--------------+----------------------------------------------------------------------------------------+
| Compile/Link  |                            | 5,576        | After all functions are compiled and linked into a single design                       |
|               |                            |              |                                                                                        |
| Unroll/Inline |                            |              | After user unroll and inline pragmas are applied                                       |
|               | (1) unroll                 | 3,405        | user unroll pragmas are applied                                                        |
|               | (2) simplification         | 1,234        | simplification of applied user unroll pragmas                                          |
|               | (3) inline                 | 1,279        | user inline pragmas are applied                                                        |
|               | (4) simplification         | 1,244        | simplification of applied user inline pragmas                                          |
|               |                            |              |                                                                                        |
| Array/Struct  |                            |              | After user array partition and struct aggregate/disaggregate pragmas are applied       |
|               | (1) array partition        | 1,377        | user array partition pragmas are applied                                               |
|               | (2) simplification         | 1,371        | simplification of applied user array partition & struct aggregate/disaggregate pragmas |
|               | (3) aggregate/disaggregate | 1,371        | user struct aggregate/disaggregate pragmas are applied                                 |
|               | (4) array reshape          | 1,371        | apply array reshape pragmas                                                            |
|               | (5) access patterns        | 1,519        | array access pattern optmizations                                                      |
|               |                            |              |                                                                                        |
| Performance   |                            |              | After transformations are applied to meet performance pragma targets                   |
|               | (1) loop simplification    | 1,516        | loop and instruction simplification                                                    |
|               | (2) parallelization        | 1,422        | loops are unrolled or pipelined to meet performance targets                            |
|               | (3) array partition        | 1,390        | arrays are partitioned to meet performance targets                                     |
|               | (4) simplification         | 1,390        | simplification of design after performance transformations                             |
|               |                            |              |                                                                                        |
| HW Transforms |                            |              | After hardware transfomations                                                          |
|               | (1) lowering               | 1,371        | initial conversion to HW specific instructions                                         |
|               | (2) optimizations          | 1,366        | high level synthesis optimizations                                                     |
+---------------+----------------------------+--------------+----------------------------------------------------------------------------------------+

* Instructions per Function for each Compilation Phase
+------------------+----------------+-----------------+----------------+----------------+----------------+----------------+
| Function         | Location       | Compile/Link    | Unroll/Inline  | Array/Struct   | Performance    | HW Transforms  |
+------------------+----------------+-----------------+----------------+----------------+----------------+----------------+
| + keccak_top     | keccak.cpp:203 | 5,576           | 1,244          | 1,519          | 1,390          | 1,366          |
|  + keccak_f1600  | keccak.cpp:152 | 4,743 (3 calls) |  999 (3 calls) |  963 (3 calls) |  888 (3 calls) |  903 (3 calls) |
|   + theta        | keccak.cpp:40  | 2,529 (3 calls) |                |                |                |                |
|      idx         | keccak.cpp:28  |   54 (18 calls) |                |                |                |                |
|      rotl64      | keccak.cpp:20  | 1,281 (3 calls) |                |                |                |                |
|   + rho_pi       | keccak.cpp:82  | 1,494 (3 calls) |                |                |                |                |
|      idx         | keccak.cpp:28  |   27 (9 calls)  |                |                |                |                |
|      rotl64      | keccak.cpp:20  | 1,281 (3 calls) |                |                |                |                |
|   + chi          | keccak.cpp:116 |  627 (3 calls)  |                |                |                |                |
|      idx         | keccak.cpp:28  |   18 (6 calls)  |                |                |                |                |
|     iota         | keccak.cpp:143 |   48 (3 calls)  |                |                |                |                |
|    apply_padding | keccak.cpp:174 |  195            |                |                |                |                |
+------------------+----------------+-----------------+----------------+----------------+----------------+----------------+

* Design Size Message Settings
+---------------------------------------------+--------+------------------------------------------------------------------+
| Message Setting                             | Value  | Description                                                      |
+---------------------------------------------+--------+------------------------------------------------------------------+
| config_compile -design_size_maximum_warning | 100000 | Show a warning when total design instructions exceeds this value |
+---------------------------------------------+--------+------------------------------------------------------------------+


